Will start sorting with arrays with size: 2500
Thread 0 (of 1) will sort array 0
Thread 0 (of 1) will sort array 1
Thread 0 (of 1) will sort array 2
Thread 0 (of 1) will sort array 3
Thread 0 (of 1) will sort array 4
Thread 0 (of 1) will sort array 5
Thread 0 (of 1) will sort array 6
Thread 0 (of 1) will sort array 7
Thread 0 (of 1) will sort array 8
Thread 0 (of 1) will sort array 9
Thread 0 (of 1) will sort array 10
Thread 0 (of 1) will sort array 11
Thread 0 (of 1) will sort array 12
Thread 0 (of 1) will sort array 13
Thread 0 (of 1) will sort array 14
Thread 0 (of 1) will sort array 15
Thread 0 (of 1) will sort array 16
Thread 0 (of 1) will sort array 17
Thread 0 (of 1) will sort array 18
Thread 0 (of 1) will sort array 19
Thread 0 (of 1) will sort array 20
Thread 0 (of 1) will sort array 21
Thread 0 (of 1) will sort array 22
Thread 0 (of 1) will sort array 23
Thread 0 (of 1) will sort array 24
Will start sorting with arrays with size: 5000
Thread 0 (of 1) will sort array 0
Thread 0 (of 1) will sort array 1
Thread 0 (of 1) will sort array 2
Thread 0 (of 1) will sort array 3
Thread 0 (of 1) will sort array 4
Thread 0 (of 1) will sort array 5
Thread 0 (of 1) will sort array 6
Thread 0 (of 1) will sort array 7
Thread 0 (of 1) will sort array 8
Thread 0 (of 1) will sort array 9
Thread 0 (of 1) will sort array 10
Thread 0 (of 1) will sort array 11
Thread 0 (of 1) will sort array 12
Thread 0 (of 1) will sort array 13
Thread 0 (of 1) will sort array 14
Thread 0 (of 1) will sort array 15
Thread 0 (of 1) will sort array 16
Thread 0 (of 1) will sort array 17
Thread 0 (of 1) will sort array 18
Thread 0 (of 1) will sort array 19
Thread 0 (of 1) will sort array 20
Thread 0 (of 1) will sort array 21
Thread 0 (of 1) will sort array 22
Thread 0 (of 1) will sort array 23
Thread 0 (of 1) will sort array 24
Will start sorting with arrays with size: 7500
Thread 0 (of 1) will sort array 0
Thread 0 (of 1) will sort array 1
Thread 0 (of 1) will sort array 2
Thread 0 (of 1) will sort array 3
Thread 0 (of 1) will sort array 4
Thread 0 (of 1) will sort array 5
Thread 0 (of 1) will sort array 6
Thread 0 (of 1) will sort array 7
Thread 0 (of 1) will sort array 8
Thread 0 (of 1) will sort array 9
Thread 0 (of 1) will sort array 10
Thread 0 (of 1) will sort array 11
Thread 0 (of 1) will sort array 12
Thread 0 (of 1) will sort array 13
Thread 0 (of 1) will sort array 14
Thread 0 (of 1) will sort array 15
Thread 0 (of 1) will sort array 16
Thread 0 (of 1) will sort array 17
Thread 0 (of 1) will sort array 18
Thread 0 (of 1) will sort array 19
Thread 0 (of 1) will sort array 20
Thread 0 (of 1) will sort array 21
Thread 0 (of 1) will sort array 22
Thread 0 (of 1) will sort array 23
Thread 0 (of 1) will sort array 24
Will start sorting with arrays with size: 10000
Thread 0 (of 1) will sort array 0
Thread 0 (of 1) will sort array 1
Thread 0 (of 1) will sort array 2
Thread 0 (of 1) will sort array 3
Thread 0 (of 1) will sort array 4
Thread 0 (of 1) will sort array 5
Thread 0 (of 1) will sort array 6
Thread 0 (of 1) will sort array 7
Thread 0 (of 1) will sort array 8
Thread 0 (of 1) will sort array 9
Thread 0 (of 1) will sort array 10
Thread 0 (of 1) will sort array 11
Thread 0 (of 1) will sort array 12
Thread 0 (of 1) will sort array 13
Thread 0 (of 1) will sort array 14
Thread 0 (of 1) will sort array 15
Thread 0 (of 1) will sort array 16
Thread 0 (of 1) will sort array 17
Thread 0 (of 1) will sort array 18
Thread 0 (of 1) will sort array 19
Thread 0 (of 1) will sort array 20
Thread 0 (of 1) will sort array 21
Thread 0 (of 1) will sort array 22
Thread 0 (of 1) will sort array 23
Thread 0 (of 1) will sort array 24
Will start sorting with arrays with size: 12500
Thread 0 (of 1) will sort array 0
Thread 0 (of 1) will sort array 1
Thread 0 (of 1) will sort array 2
Thread 0 (of 1) will sort array 3
Thread 0 (of 1) will sort array 4
Thread 0 (of 1) will sort array 5
Thread 0 (of 1) will sort array 6
Thread 0 (of 1) will sort array 7
Thread 0 (of 1) will sort array 8
Thread 0 (of 1) will sort array 9
Thread 0 (of 1) will sort array 10
Thread 0 (of 1) will sort array 11
Thread 0 (of 1) will sort array 12
Thread 0 (of 1) will sort array 13
Thread 0 (of 1) will sort array 14
Thread 0 (of 1) will sort array 15
Thread 0 (of 1) will sort array 16
Thread 0 (of 1) will sort array 17
Thread 0 (of 1) will sort array 18
Thread 0 (of 1) will sort array 19
Thread 0 (of 1) will sort array 20
Thread 0 (of 1) will sort array 21
Thread 0 (of 1) will sort array 22
Thread 0 (of 1) will sort array 23
Thread 0 (of 1) will sort array 24
Will start sorting with arrays with size: 15000
Thread 0 (of 1) will sort array 0
Thread 0 (of 1) will sort array 1
Thread 0 (of 1) will sort array 2
Thread 0 (of 1) will sort array 3
Thread 0 (of 1) will sort array 4
Thread 0 (of 1) will sort array 5
Thread 0 (of 1) will sort array 6
Thread 0 (of 1) will sort array 7
Thread 0 (of 1) will sort array 8
Thread 0 (of 1) will sort array 9
Thread 0 (of 1) will sort array 10
Thread 0 (of 1) will sort array 11
Thread 0 (of 1) will sort array 12
Thread 0 (of 1) will sort array 13
Thread 0 (of 1) will sort array 14
Thread 0 (of 1) will sort array 15
Thread 0 (of 1) will sort array 16
Thread 0 (of 1) will sort array 17
Thread 0 (of 1) will sort array 18
Thread 0 (of 1) will sort array 19
Thread 0 (of 1) will sort array 20
Thread 0 (of 1) will sort array 21
Thread 0 (of 1) will sort array 22
Thread 0 (of 1) will sort array 23
Thread 0 (of 1) will sort array 24
Will start sorting with arrays with size: 17500
Thread 0 (of 1) will sort array 0
Thread 0 (of 1) will sort array 1
Thread 0 (of 1) will sort array 2
Thread 0 (of 1) will sort array 3
Thread 0 (of 1) will sort array 4
Thread 0 (of 1) will sort array 5
Thread 0 (of 1) will sort array 6
Thread 0 (of 1) will sort array 7
Thread 0 (of 1) will sort array 8
Thread 0 (of 1) will sort array 9
Thread 0 (of 1) will sort array 10
Thread 0 (of 1) will sort array 11
Thread 0 (of 1) will sort array 12
Thread 0 (of 1) will sort array 13
Thread 0 (of 1) will sort array 14
Thread 0 (of 1) will sort array 15
Thread 0 (of 1) will sort array 16
Thread 0 (of 1) will sort array 17
Thread 0 (of 1) will sort array 18
Thread 0 (of 1) will sort array 19
Thread 0 (of 1) will sort array 20
Thread 0 (of 1) will sort array 21
Thread 0 (of 1) will sort array 22
Thread 0 (of 1) will sort array 23
Thread 0 (of 1) will sort array 24
Will start sorting with arrays with size: 20000
Thread 0 (of 1) will sort array 0
Thread 0 (of 1) will sort array 1
Thread 0 (of 1) will sort array 2
Thread 0 (of 1) will sort array 3
Thread 0 (of 1) will sort array 4
Thread 0 (of 1) will sort array 5
Thread 0 (of 1) will sort array 6
Thread 0 (of 1) will sort array 7
Thread 0 (of 1) will sort array 8
Thread 0 (of 1) will sort array 9
Thread 0 (of 1) will sort array 10
Thread 0 (of 1) will sort array 11
Thread 0 (of 1) will sort array 12
Thread 0 (of 1) will sort array 13
Thread 0 (of 1) will sort array 14
Thread 0 (of 1) will sort array 15
Thread 0 (of 1) will sort array 16
Thread 0 (of 1) will sort array 17
Thread 0 (of 1) will sort array 18
Thread 0 (of 1) will sort array 19
Thread 0 (of 1) will sort array 20
Thread 0 (of 1) will sort array 21
Thread 0 (of 1) will sort array 22
Thread 0 (of 1) will sort array 23
Thread 0 (of 1) will sort array 24
Will start sorting with arrays with size: 22500
Thread 0 (of 1) will sort array 0
Thread 0 (of 1) will sort array 1
Thread 0 (of 1) will sort array 2
Thread 0 (of 1) will sort array 3
Thread 0 (of 1) will sort array 4
Thread 0 (of 1) will sort array 5
Thread 0 (of 1) will sort array 6
Thread 0 (of 1) will sort array 7
Thread 0 (of 1) will sort array 8
Thread 0 (of 1) will sort array 9
Thread 0 (of 1) will sort array 10
Thread 0 (of 1) will sort array 11
Thread 0 (of 1) will sort array 12
Thread 0 (of 1) will sort array 13
Thread 0 (of 1) will sort array 14
Thread 0 (of 1) will sort array 15
Thread 0 (of 1) will sort array 16
Thread 0 (of 1) will sort array 17
Thread 0 (of 1) will sort array 18
Thread 0 (of 1) will sort array 19
Thread 0 (of 1) will sort array 20
Thread 0 (of 1) will sort array 21
Thread 0 (of 1) will sort array 22
Thread 0 (of 1) will sort array 23
Thread 0 (of 1) will sort array 24
Will start sorting with arrays with size: 25000
Thread 0 (of 1) will sort array 0
Thread 0 (of 1) will sort array 1
Thread 0 (of 1) will sort array 2
Thread 0 (of 1) will sort array 3
Thread 0 (of 1) will sort array 4
Thread 0 (of 1) will sort array 5
Thread 0 (of 1) will sort array 6
Thread 0 (of 1) will sort array 7
Thread 0 (of 1) will sort array 8
Thread 0 (of 1) will sort array 9
Thread 0 (of 1) will sort array 10
Thread 0 (of 1) will sort array 11
Thread 0 (of 1) will sort array 12
Thread 0 (of 1) will sort array 13
Thread 0 (of 1) will sort array 14
Thread 0 (of 1) will sort array 15
Thread 0 (of 1) will sort array 16
Thread 0 (of 1) will sort array 17
Thread 0 (of 1) will sort array 18
Thread 0 (of 1) will sort array 19
Thread 0 (of 1) will sort array 20
Thread 0 (of 1) will sort array 21
Thread 0 (of 1) will sort array 22
Thread 0 (of 1) will sort array 23
Thread 0 (of 1) will sort array 24



number of arrays: 25
size,time
2500,0.225819
5000,0.855832
7500,1.261564
10000,2.242785
12500,3.504243
15000,5.043823
17500,6.864093
20000,8.967615
22500,11.347976
25000,14.008218
