
-------
Will start sorting with arrays with size: 2500
Thread 7 (of 8) will sort array 35
Thread 2 (of 8) will sort array 10
Thread 4 (of 8) will sort array 20
Thread 0 (of 8) will sort array 0
Thread 3 (of 8) will sort array 15
Thread 6 (of 8) will sort array 30
Thread 1 (of 8) will sort array 5
Thread 5 (of 8) will sort array 25
Thread 6 (of 8) will sort array 31
Thread 3 (of 8) will sort array 16
Thread 6 (of 8) will sort array 32
Thread 3 (of 8) will sort array 17
Thread 6 (of 8) will sort array 33
Thread 3 (of 8) will sort array 18
Thread 6 (of 8) will sort array 34
Thread 3 (of 8) will sort array 19
Thread 6 (of 8) will sort array 70
Thread 3 (of 8) will sort array 55
Thread 1 (of 8) will sort array 6
Thread 0 (of 8) will sort array 1
Thread 1 (of 8) will sort array 7
Thread 0 (of 8) will sort array 2
Thread 1 (of 8) will sort array 8
Thread 0 (of 8) will sort array 3
Thread 1 (of 8) will sort array 9
Thread 0 (of 8) will sort array 4
Thread 1 (of 8) will sort array 45
Thread 0 (of 8) will sort array 40
Thread 2 (of 8) will sort array 11
Thread 2 (of 8) will sort array 12
Thread 4 (of 8) will sort array 21
Thread 2 (of 8) will sort array 13
Thread 4 (of 8) will sort array 22
Thread 2 (of 8) will sort array 14
Thread 4 (of 8) will sort array 23
Thread 2 (of 8) will sort array 50
Thread 4 (of 8) will sort array 24
Thread 4 (of 8) will sort array 60
Thread 7 (of 8) will sort array 36
Thread 7 (of 8) will sort array 37
Thread 7 (of 8) will sort array 38
Thread 7 (of 8) will sort array 39
Thread 7 (of 8) will sort array 75
Thread 5 (of 8) will sort array 26
Thread 5 (of 8) will sort array 27
Thread 5 (of 8) will sort array 28
Thread 5 (of 8) will sort array 29
Thread 5 (of 8) will sort array 65
Thread 3 (of 8) will sort array 56
Thread 3 (of 8) will sort array 57
Thread 3 (of 8) will sort array 58
Thread 3 (of 8) will sort array 59
Thread 3 (of 8) will sort array 95
Thread 5 (of 8) will sort array 66
Thread 5 (of 8) will sort array 67
Thread 5 (of 8) will sort array 68
Thread 5 (of 8) will sort array 69
Thread 5 (of 8) will sort array 105
Thread 0 (of 8) will sort array 41
Thread 0 (of 8) will sort array 42
Thread 0 (of 8) will sort array 43
Thread 0 (of 8) will sort array 44
Thread 0 (of 8) will sort array 80
Thread 1 (of 8) will sort array 46
Thread 1 (of 8) will sort array 47
Thread 1 (of 8) will sort array 48
Thread 1 (of 8) will sort array 49
Thread 1 (of 8) will sort array 85
Thread 6 (of 8) will sort array 71
Thread 6 (of 8) will sort array 72
Thread 6 (of 8) will sort array 73
Thread 6 (of 8) will sort array 74
Thread 6 (of 8) will sort array 110
Thread 3 (of 8) will sort array 96
Thread 3 (of 8) will sort array 97
Thread 3 (of 8) will sort array 98
Thread 3 (of 8) will sort array 99
Thread 3 (of 8) will sort array 135
Thread 4 (of 8) will sort array 61
Thread 4 (of 8) will sort array 62
Thread 2 (of 8) will sort array 51
Thread 4 (of 8) will sort array 63
Thread 4 (of 8) will sort array 64
Thread 2 (of 8) will sort array 52
Thread 4 (of 8) will sort array 100
Thread 2 (of 8) will sort array 53
Thread 2 (of 8) will sort array 54
Thread 2 (of 8) will sort array 90
Thread 7 (of 8) will sort array 76
Thread 7 (of 8) will sort array 77
Thread 7 (of 8) will sort array 78
Thread 7 (of 8) will sort array 79
Thread 7 (of 8) will sort array 115
Thread 5 (of 8) will sort array 106
Thread 5 (of 8) will sort array 107
Thread 5 (of 8) will sort array 108
Thread 5 (of 8) will sort array 109
Thread 5 (of 8) will sort array 145
Thread 3 (of 8) will sort array 136
Thread 3 (of 8) will sort array 137
Thread 3 (of 8) will sort array 138
Thread 3 (of 8) will sort array 139
Thread 5 (of 8) will sort array 146
Thread 5 (of 8) will sort array 147
Thread 5 (of 8) will sort array 148
Thread 5 (of 8) will sort array 149
Thread 1 (of 8) will sort array 86
Thread 1 (of 8) will sort array 87
Thread 1 (of 8) will sort array 88
Thread 0 (of 8) will sort array 81
Thread 1 (of 8) will sort array 89
Thread 0 (of 8) will sort array 82
Thread 1 (of 8) will sort array 125
Thread 0 (of 8) will sort array 83
Thread 0 (of 8) will sort array 84
Thread 0 (of 8) will sort array 120
Thread 6 (of 8) will sort array 111
Thread 6 (of 8) will sort array 112
Thread 6 (of 8) will sort array 113
Thread 6 (of 8) will sort array 114
Thread 7 (of 8) will sort array 116
Thread 7 (of 8) will sort array 117
Thread 7 (of 8) will sort array 118
Thread 7 (of 8) will sort array 119
Thread 2 (of 8) will sort array 91
Thread 4 (of 8) will sort array 101
Thread 2 (of 8) will sort array 92
Thread 4 (of 8) will sort array 102
Thread 2 (of 8) will sort array 93
Thread 4 (of 8) will sort array 103
Thread 2 (of 8) will sort array 94
Thread 4 (of 8) will sort array 104
Thread 2 (of 8) will sort array 130
Thread 4 (of 8) will sort array 140
Thread 4 (of 8) will sort array 141
Thread 4 (of 8) will sort array 142
Thread 4 (of 8) will sort array 143
Thread 4 (of 8) will sort array 144
Thread 2 (of 8) will sort array 131
Thread 2 (of 8) will sort array 132
Thread 2 (of 8) will sort array 133
Thread 2 (of 8) will sort array 134
Thread 0 (of 8) will sort array 121
Thread 0 (of 8) will sort array 122
Thread 0 (of 8) will sort array 123
Thread 0 (of 8) will sort array 124
Thread 1 (of 8) will sort array 126
Thread 1 (of 8) will sort array 127
Thread 1 (of 8) will sort array 128
Thread 1 (of 8) will sort array 129
Tempo: 0.233591, array: 2500

thread 0, executed: 20
thread 1, executed: 20
thread 2, executed: 20
thread 3, executed: 20
thread 4, executed: 20
thread 5, executed: 20
thread 6, executed: 15
thread 7, executed: 15

-------
Will start sorting with arrays with size: 5000
Thread 0 (of 8) will sort array 0
Thread 5 (of 8) will sort array 25
Thread 4 (of 8) will sort array 20
Thread 6 (of 8) will sort array 30
Thread 2 (of 8) will sort array 10
Thread 7 (of 8) will sort array 35
Thread 1 (of 8) will sort array 5
Thread 3 (of 8) will sort array 15
Thread 1 (of 8) will sort array 6
Thread 1 (of 8) will sort array 7
Thread 1 (of 8) will sort array 8
Thread 1 (of 8) will sort array 9
Thread 1 (of 8) will sort array 45
Thread 3 (of 8) will sort array 16
Thread 3 (of 8) will sort array 17
Thread 3 (of 8) will sort array 18
Thread 3 (of 8) will sort array 19
Thread 3 (of 8) will sort array 55
Thread 0 (of 8) will sort array 1
Thread 0 (of 8) will sort array 2
Thread 0 (of 8) will sort array 3
Thread 0 (of 8) will sort array 4
Thread 0 (of 8) will sort array 40
Thread 6 (of 8) will sort array 31
Thread 6 (of 8) will sort array 32
Thread 6 (of 8) will sort array 33
Thread 6 (of 8) will sort array 34
Thread 6 (of 8) will sort array 70
Thread 4 (of 8) will sort array 21
Thread 4 (of 8) will sort array 22
Thread 4 (of 8) will sort array 23
Thread 4 (of 8) will sort array 24
Thread 4 (of 8) will sort array 60
Thread 7 (of 8) will sort array 36
Thread 7 (of 8) will sort array 37
Thread 7 (of 8) will sort array 38
Thread 7 (of 8) will sort array 39
Thread 7 (of 8) will sort array 75
Thread 2 (of 8) will sort array 11
Thread 2 (of 8) will sort array 12
Thread 2 (of 8) will sort array 13
Thread 2 (of 8) will sort array 14
Thread 2 (of 8) will sort array 50
Thread 5 (of 8) will sort array 26
Thread 5 (of 8) will sort array 27
Thread 5 (of 8) will sort array 28
Thread 5 (of 8) will sort array 29
Thread 5 (of 8) will sort array 65
Thread 0 (of 8) will sort array 41
Thread 0 (of 8) will sort array 42
Thread 0 (of 8) will sort array 43
Thread 0 (of 8) will sort array 44
Thread 1 (of 8) will sort array 46
Thread 0 (of 8) will sort array 80
Thread 1 (of 8) will sort array 47
Thread 1 (of 8) will sort array 48
Thread 1 (of 8) will sort array 49
Thread 1 (of 8) will sort array 85
Thread 3 (of 8) will sort array 56
Thread 3 (of 8) will sort array 57
Thread 3 (of 8) will sort array 58
Thread 3 (of 8) will sort array 59
Thread 3 (of 8) will sort array 95
Thread 6 (of 8) will sort array 71
Thread 6 (of 8) will sort array 72
Thread 6 (of 8) will sort array 73
Thread 6 (of 8) will sort array 74
Thread 6 (of 8) will sort array 110
Thread 7 (of 8) will sort array 76
Thread 7 (of 8) will sort array 77
Thread 7 (of 8) will sort array 78
Thread 7 (of 8) will sort array 79
Thread 7 (of 8) will sort array 115
Thread 4 (of 8) will sort array 61
Thread 4 (of 8) will sort array 62
Thread 4 (of 8) will sort array 63
Thread 4 (of 8) will sort array 64
Thread 4 (of 8) will sort array 100
Thread 5 (of 8) will sort array 66
Thread 5 (of 8) will sort array 67
Thread 5 (of 8) will sort array 68
Thread 5 (of 8) will sort array 69
Thread 5 (of 8) will sort array 105
Thread 2 (of 8) will sort array 51
Thread 2 (of 8) will sort array 52
Thread 2 (of 8) will sort array 53
Thread 2 (of 8) will sort array 54
Thread 2 (of 8) will sort array 90
Thread 1 (of 8) will sort array 86
Thread 1 (of 8) will sort array 87
Thread 1 (of 8) will sort array 88
Thread 1 (of 8) will sort array 89
Thread 1 (of 8) will sort array 125
Thread 0 (of 8) will sort array 81
Thread 0 (of 8) will sort array 82
Thread 0 (of 8) will sort array 83
Thread 0 (of 8) will sort array 84
Thread 0 (of 8) will sort array 120
Thread 3 (of 8) will sort array 96
Thread 3 (of 8) will sort array 97
Thread 3 (of 8) will sort array 98
Thread 3 (of 8) will sort array 99
Thread 3 (of 8) will sort array 135
Thread 6 (of 8) will sort array 111
Thread 6 (of 8) will sort array 112
Thread 6 (of 8) will sort array 113
Thread 6 (of 8) will sort array 114
Thread 7 (of 8) will sort array 116
Thread 7 (of 8) will sort array 117
Thread 7 (of 8) will sort array 118
Thread 7 (of 8) will sort array 119
Thread 4 (of 8) will sort array 101
Thread 4 (of 8) will sort array 102
Thread 4 (of 8) will sort array 103
Thread 4 (of 8) will sort array 104
Thread 4 (of 8) will sort array 140
Thread 5 (of 8) will sort array 106
Thread 5 (of 8) will sort array 107
Thread 5 (of 8) will sort array 108
Thread 5 (of 8) will sort array 109
Thread 5 (of 8) will sort array 145
Thread 2 (of 8) will sort array 91
Thread 2 (of 8) will sort array 92
Thread 2 (of 8) will sort array 93
Thread 2 (of 8) will sort array 94
Thread 2 (of 8) will sort array 130
Thread 3 (of 8) will sort array 136
Thread 3 (of 8) will sort array 137
Thread 3 (of 8) will sort array 138
Thread 3 (of 8) will sort array 139
Thread 1 (of 8) will sort array 126
Thread 1 (of 8) will sort array 127
Thread 1 (of 8) will sort array 128
Thread 1 (of 8) will sort array 129
Thread 0 (of 8) will sort array 121
Thread 0 (of 8) will sort array 122
Thread 0 (of 8) will sort array 123
Thread 0 (of 8) will sort array 124
Thread 4 (of 8) will sort array 141
Thread 4 (of 8) will sort array 142
Thread 4 (of 8) will sort array 143
Thread 4 (of 8) will sort array 144
Thread 5 (of 8) will sort array 146
Thread 5 (of 8) will sort array 147
Thread 5 (of 8) will sort array 148
Thread 5 (of 8) will sort array 149
Thread 2 (of 8) will sort array 131
Thread 2 (of 8) will sort array 132
Thread 2 (of 8) will sort array 133
Thread 2 (of 8) will sort array 134
Tempo: 0.494133, array: 5000

thread 0, executed: 20
thread 1, executed: 20
thread 2, executed: 20
thread 3, executed: 20
thread 4, executed: 20
thread 5, executed: 20
thread 6, executed: 15
thread 7, executed: 15

-------
Will start sorting with arrays with size: 7500
Thread 0 (of 8) will sort array 0
Thread 4 (of 8) will sort array 20
Thread 3 (of 8) will sort array 15
Thread 2 (of 8) will sort array 10
Thread 6 (of 8) will sort array 30
Thread 7 (of 8) will sort array 35
Thread 5 (of 8) will sort array 25
Thread 1 (of 8) will sort array 5
Thread 1 (of 8) will sort array 6
Thread 1 (of 8) will sort array 7
Thread 1 (of 8) will sort array 8
Thread 3 (of 8) will sort array 16
Thread 1 (of 8) will sort array 9
Thread 3 (of 8) will sort array 17
Thread 1 (of 8) will sort array 45
Thread 3 (of 8) will sort array 18
Thread 3 (of 8) will sort array 19
Thread 5 (of 8) will sort array 26
Thread 3 (of 8) will sort array 55
Thread 5 (of 8) will sort array 27
Thread 5 (of 8) will sort array 28
Thread 5 (of 8) will sort array 29
Thread 5 (of 8) will sort array 65
Thread 0 (of 8) will sort array 1
Thread 0 (of 8) will sort array 2
Thread 2 (of 8) will sort array 11
Thread 0 (of 8) will sort array 3
Thread 2 (of 8) will sort array 12
Thread 0 (of 8) will sort array 4
Thread 2 (of 8) will sort array 13
Thread 0 (of 8) will sort array 40
Thread 2 (of 8) will sort array 14
Thread 2 (of 8) will sort array 50
Thread 7 (of 8) will sort array 36
Thread 7 (of 8) will sort array 37
Thread 7 (of 8) will sort array 38
Thread 7 (of 8) will sort array 39
Thread 7 (of 8) will sort array 75
Thread 4 (of 8) will sort array 21
Thread 4 (of 8) will sort array 22
Thread 4 (of 8) will sort array 23
Thread 4 (of 8) will sort array 24
Thread 4 (of 8) will sort array 60
Thread 6 (of 8) will sort array 31
Thread 6 (of 8) will sort array 32
Thread 6 (of 8) will sort array 33
Thread 6 (of 8) will sort array 34
Thread 6 (of 8) will sort array 70
Thread 5 (of 8) will sort array 66
Thread 5 (of 8) will sort array 67
Thread 5 (of 8) will sort array 68
Thread 5 (of 8) will sort array 69
Thread 5 (of 8) will sort array 105
Thread 0 (of 8) will sort array 41
Thread 0 (of 8) will sort array 42
Thread 0 (of 8) will sort array 43
Thread 0 (of 8) will sort array 44
Thread 7 (of 8) will sort array 76
Thread 0 (of 8) will sort array 80
Thread 7 (of 8) will sort array 77
Thread 7 (of 8) will sort array 78
Thread 7 (of 8) will sort array 79
Thread 7 (of 8) will sort array 115
Thread 1 (of 8) will sort array 46
Thread 3 (of 8) will sort array 56
Thread 1 (of 8) will sort array 47
Thread 3 (of 8) will sort array 57
Thread 1 (of 8) will sort array 48
Thread 3 (of 8) will sort array 58
Thread 3 (of 8) will sort array 59
Thread 1 (of 8) will sort array 49
Thread 3 (of 8) will sort array 95
Thread 1 (of 8) will sort array 85
Thread 2 (of 8) will sort array 51
Thread 2 (of 8) will sort array 52
Thread 2 (of 8) will sort array 53
Thread 2 (of 8) will sort array 54
Thread 2 (of 8) will sort array 90
Thread 4 (of 8) will sort array 61
Thread 4 (of 8) will sort array 62
Thread 6 (of 8) will sort array 71
Thread 4 (of 8) will sort array 63
Thread 6 (of 8) will sort array 72
Thread 4 (of 8) will sort array 64
Thread 6 (of 8) will sort array 73
Thread 4 (of 8) will sort array 100
Thread 6 (of 8) will sort array 74
Thread 6 (of 8) will sort array 110
Thread 5 (of 8) will sort array 106
Thread 5 (of 8) will sort array 107
Thread 5 (of 8) will sort array 108
Thread 5 (of 8) will sort array 109
Thread 5 (of 8) will sort array 145
Thread 0 (of 8) will sort array 81
Thread 0 (of 8) will sort array 82
Thread 0 (of 8) will sort array 83
Thread 3 (of 8) will sort array 96
Thread 7 (of 8) will sort array 116
Thread 0 (of 8) will sort array 84
Thread 2 (of 8) will sort array 91
Thread 3 (of 8) will sort array 97
Thread 1 (of 8) will sort array 86
Thread 7 (of 8) will sort array 117
Thread 0 (of 8) will sort array 120
Thread 2 (of 8) will sort array 92
Thread 1 (of 8) will sort array 87
Thread 3 (of 8) will sort array 98
Thread 7 (of 8) will sort array 118
Thread 2 (of 8) will sort array 93
Thread 1 (of 8) will sort array 88
Thread 7 (of 8) will sort array 119
Thread 3 (of 8) will sort array 99
Thread 2 (of 8) will sort array 94
Thread 1 (of 8) will sort array 89
Thread 3 (of 8) will sort array 135
Thread 2 (of 8) will sort array 130
Thread 1 (of 8) will sort array 125
Thread 4 (of 8) will sort array 101
Thread 4 (of 8) will sort array 102
Thread 4 (of 8) will sort array 103
Thread 4 (of 8) will sort array 104
Thread 6 (of 8) will sort array 111
Thread 4 (of 8) will sort array 140
Thread 6 (of 8) will sort array 112
Thread 6 (of 8) will sort array 113
Thread 6 (of 8) will sort array 114
Thread 5 (of 8) will sort array 146
Thread 5 (of 8) will sort array 147
Thread 5 (of 8) will sort array 148
Thread 5 (of 8) will sort array 149
Thread 3 (of 8) will sort array 136
Thread 3 (of 8) will sort array 137
Thread 3 (of 8) will sort array 138
Thread 3 (of 8) will sort array 139
Thread 2 (of 8) will sort array 131
Thread 2 (of 8) will sort array 132
Thread 2 (of 8) will sort array 133
Thread 2 (of 8) will sort array 134
Thread 0 (of 8) will sort array 121
Thread 0 (of 8) will sort array 122
Thread 0 (of 8) will sort array 123
Thread 0 (of 8) will sort array 124
Thread 1 (of 8) will sort array 126
Thread 1 (of 8) will sort array 127
Thread 1 (of 8) will sort array 128
Thread 1 (of 8) will sort array 129
Thread 4 (of 8) will sort array 141
Thread 4 (of 8) will sort array 142
Thread 4 (of 8) will sort array 143
Thread 4 (of 8) will sort array 144
Tempo: 1.109055, array: 7500

thread 0, executed: 20
thread 1, executed: 20
thread 2, executed: 20
thread 3, executed: 20
thread 4, executed: 20
thread 5, executed: 20
thread 6, executed: 15
thread 7, executed: 15

-------
Will start sorting with arrays with size: 10000
Thread 0 (of 8) will sort array 0
Thread 1 (of 8) will sort array 5
Thread 3 (of 8) will sort array 15
Thread 4 (of 8) will sort array 20
Thread 5 (of 8) will sort array 25
Thread 2 (of 8) will sort array 10
Thread 7 (of 8) will sort array 35
Thread 6 (of 8) will sort array 30
Thread 1 (of 8) will sort array 6
Thread 1 (of 8) will sort array 7
Thread 1 (of 8) will sort array 8
Thread 2 (of 8) will sort array 11
Thread 1 (of 8) will sort array 9
Thread 2 (of 8) will sort array 12
Thread 1 (of 8) will sort array 45
Thread 2 (of 8) will sort array 13
Thread 2 (of 8) will sort array 14
Thread 2 (of 8) will sort array 50
Thread 3 (of 8) will sort array 16
Thread 3 (of 8) will sort array 17
Thread 3 (of 8) will sort array 18
Thread 3 (of 8) will sort array 19
Thread 3 (of 8) will sort array 55
Thread 5 (of 8) will sort array 26
Thread 5 (of 8) will sort array 27
Thread 6 (of 8) will sort array 31
Thread 5 (of 8) will sort array 28
Thread 6 (of 8) will sort array 32
Thread 5 (of 8) will sort array 29
Thread 6 (of 8) will sort array 33
Thread 5 (of 8) will sort array 65
Thread 0 (of 8) will sort array 1
Thread 6 (of 8) will sort array 34
Thread 0 (of 8) will sort array 2
Thread 6 (of 8) will sort array 70
Thread 0 (of 8) will sort array 3
Thread 0 (of 8) will sort array 4
Thread 4 (of 8) will sort array 21
Thread 0 (of 8) will sort array 40
Thread 7 (of 8) will sort array 36
Thread 4 (of 8) will sort array 22
Thread 7 (of 8) will sort array 37
Thread 4 (of 8) will sort array 23
Thread 7 (of 8) will sort array 38
Thread 4 (of 8) will sort array 24
Thread 7 (of 8) will sort array 39
Thread 4 (of 8) will sort array 60
Thread 7 (of 8) will sort array 75
Thread 5 (of 8) will sort array 66
Thread 5 (of 8) will sort array 67
Thread 5 (of 8) will sort array 68
Thread 5 (of 8) will sort array 69
Thread 5 (of 8) will sort array 105
Thread 6 (of 8) will sort array 71
Thread 6 (of 8) will sort array 72
Thread 6 (of 8) will sort array 73
Thread 6 (of 8) will sort array 74
Thread 6 (of 8) will sort array 110
Thread 0 (of 8) will sort array 41
Thread 0 (of 8) will sort array 42
Thread 0 (of 8) will sort array 43
Thread 0 (of 8) will sort array 44
Thread 7 (of 8) will sort array 76
Thread 0 (of 8) will sort array 80
Thread 7 (of 8) will sort array 77
Thread 7 (of 8) will sort array 78
Thread 7 (of 8) will sort array 79
Thread 1 (of 8) will sort array 46
Thread 7 (of 8) will sort array 115
Thread 1 (of 8) will sort array 47
Thread 1 (of 8) will sort array 48
Thread 1 (of 8) will sort array 49
Thread 1 (of 8) will sort array 85
Thread 2 (of 8) will sort array 51
Thread 2 (of 8) will sort array 52
Thread 2 (of 8) will sort array 53
Thread 2 (of 8) will sort array 54
Thread 2 (of 8) will sort array 90
Thread 4 (of 8) will sort array 61
Thread 3 (of 8) will sort array 56
Thread 4 (of 8) will sort array 62
Thread 3 (of 8) will sort array 57
Thread 4 (of 8) will sort array 63
Thread 3 (of 8) will sort array 58
Thread 4 (of 8) will sort array 64
Thread 3 (of 8) will sort array 59
Thread 4 (of 8) will sort array 100
Thread 3 (of 8) will sort array 95
Thread 5 (of 8) will sort array 106
Thread 5 (of 8) will sort array 107
Thread 5 (of 8) will sort array 108
Thread 5 (of 8) will sort array 109
Thread 5 (of 8) will sort array 145
Thread 1 (of 8) will sort array 86
Thread 1 (of 8) will sort array 87
Thread 1 (of 8) will sort array 88
Thread 1 (of 8) will sort array 89
Thread 1 (of 8) will sort array 125
Thread 6 (of 8) will sort array 111
Thread 6 (of 8) will sort array 112
Thread 6 (of 8) will sort array 113
Thread 6 (of 8) will sort array 114
Thread 2 (of 8) will sort array 91
Thread 2 (of 8) will sort array 92
Thread 2 (of 8) will sort array 93
Thread 2 (of 8) will sort array 94
Thread 0 (of 8) will sort array 81
Thread 2 (of 8) will sort array 130
Thread 0 (of 8) will sort array 82
Thread 0 (of 8) will sort array 83
Thread 0 (of 8) will sort array 84
Thread 0 (of 8) will sort array 120
Thread 7 (of 8) will sort array 116
Thread 7 (of 8) will sort array 117
Thread 7 (of 8) will sort array 118
Thread 7 (of 8) will sort array 119
Thread 3 (of 8) will sort array 96
Thread 3 (of 8) will sort array 97
Thread 3 (of 8) will sort array 98
Thread 3 (of 8) will sort array 99
Thread 3 (of 8) will sort array 135
Thread 4 (of 8) will sort array 101
Thread 4 (of 8) will sort array 102
Thread 4 (of 8) will sort array 103
Thread 4 (of 8) will sort array 104
Thread 4 (of 8) will sort array 140
Thread 5 (of 8) will sort array 146
Thread 5 (of 8) will sort array 147
Thread 5 (of 8) will sort array 148
Thread 5 (of 8) will sort array 149
Thread 0 (of 8) will sort array 121
Thread 0 (of 8) will sort array 122
Thread 0 (of 8) will sort array 123
Thread 0 (of 8) will sort array 124
Thread 4 (of 8) will sort array 141
Thread 4 (of 8) will sort array 142
Thread 4 (of 8) will sort array 143
Thread 4 (of 8) will sort array 144
Thread 2 (of 8) will sort array 131
Thread 2 (of 8) will sort array 132
Thread 2 (of 8) will sort array 133
Thread 2 (of 8) will sort array 134
Thread 3 (of 8) will sort array 136
Thread 3 (of 8) will sort array 137
Thread 3 (of 8) will sort array 138
Thread 3 (of 8) will sort array 139
Thread 1 (of 8) will sort array 126
Thread 1 (of 8) will sort array 127
Thread 1 (of 8) will sort array 128
Thread 1 (of 8) will sort array 129
Tempo: 1.894364, array: 10000

thread 0, executed: 20
thread 1, executed: 20
thread 2, executed: 20
thread 3, executed: 20
thread 4, executed: 20
thread 5, executed: 20
thread 6, executed: 15
thread 7, executed: 15

-------
Will start sorting with arrays with size: 12500
Thread 0 (of 8) will sort array 0
Thread 6 (of 8) will sort array 30
Thread 5 (of 8) will sort array 25
Thread 7 (of 8) will sort array 35
Thread 3 (of 8) will sort array 15
Thread 1 (of 8) will sort array 5
Thread 4 (of 8) will sort array 20
Thread 2 (of 8) will sort array 10
Thread 2 (of 8) will sort array 11
Thread 2 (of 8) will sort array 12
Thread 2 (of 8) will sort array 13
Thread 2 (of 8) will sort array 14
Thread 2 (of 8) will sort array 50
Thread 0 (of 8) will sort array 1
Thread 0 (of 8) will sort array 2
Thread 0 (of 8) will sort array 3
Thread 0 (of 8) will sort array 4
Thread 0 (of 8) will sort array 40
Thread 4 (of 8) will sort array 21
Thread 5 (of 8) will sort array 26
Thread 4 (of 8) will sort array 22
Thread 1 (of 8) will sort array 6
Thread 5 (of 8) will sort array 27
Thread 4 (of 8) will sort array 23
Thread 1 (of 8) will sort array 7
Thread 5 (of 8) will sort array 28
Thread 4 (of 8) will sort array 24
Thread 1 (of 8) will sort array 8
Thread 5 (of 8) will sort array 29
Thread 4 (of 8) will sort array 60
Thread 1 (of 8) will sort array 9
Thread 5 (of 8) will sort array 65
Thread 1 (of 8) will sort array 45
Thread 7 (of 8) will sort array 36
Thread 7 (of 8) will sort array 37
Thread 7 (of 8) will sort array 38
Thread 7 (of 8) will sort array 39
Thread 7 (of 8) will sort array 75
Thread 3 (of 8) will sort array 16
Thread 3 (of 8) will sort array 17
Thread 3 (of 8) will sort array 18
Thread 3 (of 8) will sort array 19
Thread 3 (of 8) will sort array 55
Thread 6 (of 8) will sort array 31
Thread 6 (of 8) will sort array 32
Thread 6 (of 8) will sort array 33
Thread 6 (of 8) will sort array 34
Thread 6 (of 8) will sort array 70
Thread 0 (of 8) will sort array 41
Thread 0 (of 8) will sort array 42
Thread 0 (of 8) will sort array 43
Thread 0 (of 8) will sort array 44
Thread 0 (of 8) will sort array 80
Thread 5 (of 8) will sort array 66
Thread 5 (of 8) will sort array 67
Thread 5 (of 8) will sort array 68
Thread 5 (of 8) will sort array 69
Thread 5 (of 8) will sort array 105
Thread 4 (of 8) will sort array 61
Thread 4 (of 8) will sort array 62
Thread 4 (of 8) will sort array 63
Thread 4 (of 8) will sort array 64
Thread 4 (of 8) will sort array 100
Thread 2 (of 8) will sort array 51
Thread 2 (of 8) will sort array 52
Thread 2 (of 8) will sort array 53
Thread 2 (of 8) will sort array 54
Thread 2 (of 8) will sort array 90
Thread 1 (of 8) will sort array 46
Thread 1 (of 8) will sort array 47
Thread 1 (of 8) will sort array 48
Thread 1 (of 8) will sort array 49
Thread 1 (of 8) will sort array 85
Thread 7 (of 8) will sort array 76
Thread 7 (of 8) will sort array 77
Thread 7 (of 8) will sort array 78
Thread 7 (of 8) will sort array 79
Thread 7 (of 8) will sort array 115
Thread 3 (of 8) will sort array 56
Thread 6 (of 8) will sort array 71
Thread 3 (of 8) will sort array 57
Thread 3 (of 8) will sort array 58
Thread 6 (of 8) will sort array 72
Thread 3 (of 8) will sort array 59
Thread 6 (of 8) will sort array 73
Thread 3 (of 8) will sort array 95
Thread 6 (of 8) will sort array 74
Thread 6 (of 8) will sort array 110
Thread 0 (of 8) will sort array 81
Thread 0 (of 8) will sort array 82
Thread 0 (of 8) will sort array 83
Thread 0 (of 8) will sort array 84
Thread 0 (of 8) will sort array 120
Thread 5 (of 8) will sort array 106
Thread 5 (of 8) will sort array 107
Thread 5 (of 8) will sort array 108
Thread 5 (of 8) will sort array 109
Thread 5 (of 8) will sort array 145
Thread 4 (of 8) will sort array 101
Thread 4 (of 8) will sort array 102
Thread 4 (of 8) will sort array 103
Thread 2 (of 8) will sort array 91
Thread 4 (of 8) will sort array 104
Thread 2 (of 8) will sort array 92
Thread 4 (of 8) will sort array 140
Thread 2 (of 8) will sort array 93
Thread 2 (of 8) will sort array 94
Thread 2 (of 8) will sort array 130
Thread 1 (of 8) will sort array 86
Thread 1 (of 8) will sort array 87
Thread 1 (of 8) will sort array 88
Thread 1 (of 8) will sort array 89
Thread 1 (of 8) will sort array 125
Thread 7 (of 8) will sort array 116
Thread 7 (of 8) will sort array 117
Thread 7 (of 8) will sort array 118
Thread 7 (of 8) will sort array 119
Thread 3 (of 8) will sort array 96
Thread 3 (of 8) will sort array 97
Thread 3 (of 8) will sort array 98
Thread 6 (of 8) will sort array 111
Thread 3 (of 8) will sort array 99
Thread 6 (of 8) will sort array 112
Thread 3 (of 8) will sort array 135
Thread 6 (of 8) will sort array 113
Thread 6 (of 8) will sort array 114
Thread 0 (of 8) will sort array 121
Thread 0 (of 8) will sort array 122
Thread 0 (of 8) will sort array 123
Thread 0 (of 8) will sort array 124
Thread 5 (of 8) will sort array 146
Thread 5 (of 8) will sort array 147
Thread 5 (of 8) will sort array 148
Thread 5 (of 8) will sort array 149
Thread 4 (of 8) will sort array 141
Thread 4 (of 8) will sort array 142
Thread 4 (of 8) will sort array 143
Thread 4 (of 8) will sort array 144
Thread 2 (of 8) will sort array 131
Thread 2 (of 8) will sort array 132
Thread 2 (of 8) will sort array 133
Thread 2 (of 8) will sort array 134
Thread 1 (of 8) will sort array 126
Thread 1 (of 8) will sort array 127
Thread 1 (of 8) will sort array 128
Thread 1 (of 8) will sort array 129
Thread 3 (of 8) will sort array 136
Thread 3 (of 8) will sort array 137
Thread 3 (of 8) will sort array 138
Thread 3 (of 8) will sort array 139
Tempo: 3.080607, array: 12500

thread 0, executed: 20
thread 1, executed: 20
thread 2, executed: 20
thread 3, executed: 20
thread 4, executed: 20
thread 5, executed: 20
thread 6, executed: 15
thread 7, executed: 15

-------
Will start sorting with arrays with size: 15000
Thread 0 (of 8) will sort array 0
Thread 7 (of 8) will sort array 35
Thread 2 (of 8) will sort array 10
Thread 1 (of 8) will sort array 5
Thread 4 (of 8) will sort array 20
Thread 6 (of 8) will sort array 30
Thread 5 (of 8) will sort array 25
Thread 3 (of 8) will sort array 15
Thread 2 (of 8) will sort array 11
Thread 2 (of 8) will sort array 12
Thread 2 (of 8) will sort array 13
Thread 0 (of 8) will sort array 1
Thread 2 (of 8) will sort array 14
Thread 0 (of 8) will sort array 2
Thread 2 (of 8) will sort array 50
Thread 0 (of 8) will sort array 3
Thread 0 (of 8) will sort array 4
Thread 0 (of 8) will sort array 40
Thread 5 (of 8) will sort array 26
Thread 5 (of 8) will sort array 27
Thread 5 (of 8) will sort array 28
Thread 5 (of 8) will sort array 29
Thread 5 (of 8) will sort array 65
Thread 6 (of 8) will sort array 31
Thread 6 (of 8) will sort array 32
Thread 6 (of 8) will sort array 33
Thread 6 (of 8) will sort array 34
Thread 6 (of 8) will sort array 70
Thread 4 (of 8) will sort array 21
Thread 4 (of 8) will sort array 22
Thread 4 (of 8) will sort array 23
Thread 4 (of 8) will sort array 24
Thread 4 (of 8) will sort array 60
Thread 7 (of 8) will sort array 36
Thread 7 (of 8) will sort array 37
Thread 7 (of 8) will sort array 38
Thread 7 (of 8) will sort array 39
Thread 7 (of 8) will sort array 75
Thread 1 (of 8) will sort array 6
Thread 1 (of 8) will sort array 7
Thread 1 (of 8) will sort array 8
Thread 1 (of 8) will sort array 9
Thread 1 (of 8) will sort array 45
Thread 3 (of 8) will sort array 16
Thread 3 (of 8) will sort array 17
Thread 3 (of 8) will sort array 18
Thread 3 (of 8) will sort array 19
Thread 3 (of 8) will sort array 55
Thread 0 (of 8) will sort array 41
Thread 0 (of 8) will sort array 42
Thread 0 (of 8) will sort array 43
Thread 0 (of 8) will sort array 44
Thread 0 (of 8) will sort array 80
Thread 5 (of 8) will sort array 66
Thread 5 (of 8) will sort array 67
Thread 5 (of 8) will sort array 68
Thread 5 (of 8) will sort array 69
Thread 5 (of 8) will sort array 105
Thread 6 (of 8) will sort array 71
Thread 6 (of 8) will sort array 72
Thread 6 (of 8) will sort array 73
Thread 6 (of 8) will sort array 74
Thread 6 (of 8) will sort array 110
Thread 7 (of 8) will sort array 76
Thread 7 (of 8) will sort array 77
Thread 7 (of 8) will sort array 78
Thread 7 (of 8) will sort array 79
Thread 7 (of 8) will sort array 115
Thread 2 (of 8) will sort array 51
Thread 2 (of 8) will sort array 52
Thread 2 (of 8) will sort array 53
Thread 2 (of 8) will sort array 54
Thread 2 (of 8) will sort array 90
Thread 4 (of 8) will sort array 61
Thread 4 (of 8) will sort array 62
Thread 4 (of 8) will sort array 63
Thread 4 (of 8) will sort array 64
Thread 4 (of 8) will sort array 100
Thread 1 (of 8) will sort array 46
Thread 1 (of 8) will sort array 47
Thread 1 (of 8) will sort array 48
Thread 1 (of 8) will sort array 49
Thread 1 (of 8) will sort array 85
Thread 3 (of 8) will sort array 56
Thread 3 (of 8) will sort array 57
Thread 3 (of 8) will sort array 58
Thread 3 (of 8) will sort array 59
Thread 3 (of 8) will sort array 95
Thread 0 (of 8) will sort array 81
Thread 0 (of 8) will sort array 82
Thread 0 (of 8) will sort array 83
Thread 0 (of 8) will sort array 84
Thread 0 (of 8) will sort array 120
Thread 5 (of 8) will sort array 106
Thread 5 (of 8) will sort array 107
Thread 5 (of 8) will sort array 108
Thread 5 (of 8) will sort array 109
Thread 5 (of 8) will sort array 145
Thread 6 (of 8) will sort array 111
Thread 6 (of 8) will sort array 112
Thread 2 (of 8) will sort array 91
Thread 6 (of 8) will sort array 113
Thread 2 (of 8) will sort array 92
Thread 6 (of 8) will sort array 114
Thread 2 (of 8) will sort array 93
Thread 2 (of 8) will sort array 94
Thread 2 (of 8) will sort array 130
Thread 7 (of 8) will sort array 116
Thread 7 (of 8) will sort array 117
Thread 7 (of 8) will sort array 118
Thread 7 (of 8) will sort array 119
Thread 4 (of 8) will sort array 101
Thread 4 (of 8) will sort array 102
Thread 4 (of 8) will sort array 103
Thread 4 (of 8) will sort array 104
Thread 4 (of 8) will sort array 140
Thread 1 (of 8) will sort array 86
Thread 1 (of 8) will sort array 87
Thread 1 (of 8) will sort array 88
Thread 1 (of 8) will sort array 89
Thread 1 (of 8) will sort array 125
Thread 3 (of 8) will sort array 96
Thread 3 (of 8) will sort array 97
Thread 3 (of 8) will sort array 98
Thread 3 (of 8) will sort array 99
Thread 3 (of 8) will sort array 135
Thread 0 (of 8) will sort array 121
Thread 0 (of 8) will sort array 122
Thread 0 (of 8) will sort array 123
Thread 0 (of 8) will sort array 124
Thread 5 (of 8) will sort array 146
Thread 5 (of 8) will sort array 147
Thread 5 (of 8) will sort array 148
Thread 5 (of 8) will sort array 149
Thread 4 (of 8) will sort array 141
Thread 4 (of 8) will sort array 142
Thread 4 (of 8) will sort array 143
Thread 4 (of 8) will sort array 144
Thread 2 (of 8) will sort array 131
Thread 2 (of 8) will sort array 132
Thread 2 (of 8) will sort array 133
Thread 2 (of 8) will sort array 134
Thread 3 (of 8) will sort array 136
Thread 3 (of 8) will sort array 137
Thread 3 (of 8) will sort array 138
Thread 3 (of 8) will sort array 139
Thread 1 (of 8) will sort array 126
Thread 1 (of 8) will sort array 127
Thread 1 (of 8) will sort array 128
Thread 1 (of 8) will sort array 129
Tempo: 4.283589, array: 15000

thread 0, executed: 20
thread 1, executed: 20
thread 2, executed: 20
thread 3, executed: 20
thread 4, executed: 20
thread 5, executed: 20
thread 6, executed: 15
thread 7, executed: 15

-------
Will start sorting with arrays with size: 17500
Thread 0 (of 8) will sort array 0
Thread 6 (of 8) will sort array 30
Thread 3 (of 8) will sort array 15
Thread 7 (of 8) will sort array 35
Thread 4 (of 8) will sort array 20
Thread 1 (of 8) will sort array 5
Thread 5 (of 8) will sort array 25
Thread 2 (of 8) will sort array 10
Thread 0 (of 8) will sort array 1
Thread 0 (of 8) will sort array 2
Thread 0 (of 8) will sort array 3
Thread 0 (of 8) will sort array 4
Thread 0 (of 8) will sort array 40
Thread 1 (of 8) will sort array 6
Thread 1 (of 8) will sort array 7
Thread 1 (of 8) will sort array 8
Thread 1 (of 8) will sort array 9
Thread 2 (of 8) will sort array 11
Thread 1 (of 8) will sort array 45
Thread 2 (of 8) will sort array 12
Thread 2 (of 8) will sort array 13
Thread 2 (of 8) will sort array 14
Thread 2 (of 8) will sort array 50
Thread 3 (of 8) will sort array 16
Thread 3 (of 8) will sort array 17
Thread 3 (of 8) will sort array 18
Thread 3 (of 8) will sort array 19
Thread 4 (of 8) will sort array 21
Thread 3 (of 8) will sort array 55
Thread 4 (of 8) will sort array 22
Thread 4 (of 8) will sort array 23
Thread 4 (of 8) will sort array 24
Thread 4 (of 8) will sort array 60
Thread 5 (of 8) will sort array 26
Thread 6 (of 8) will sort array 31
Thread 5 (of 8) will sort array 27
Thread 5 (of 8) will sort array 28
Thread 6 (of 8) will sort array 32
Thread 5 (of 8) will sort array 29
Thread 6 (of 8) will sort array 33
Thread 5 (of 8) will sort array 65
Thread 6 (of 8) will sort array 34
Thread 6 (of 8) will sort array 70
Thread 7 (of 8) will sort array 36
Thread 7 (of 8) will sort array 37
Thread 7 (of 8) will sort array 38
Thread 7 (of 8) will sort array 39
Thread 7 (of 8) will sort array 75
Thread 0 (of 8) will sort array 41
Thread 0 (of 8) will sort array 42
Thread 0 (of 8) will sort array 43
Thread 0 (of 8) will sort array 44
Thread 0 (of 8) will sort array 80
Thread 5 (of 8) will sort array 66
Thread 5 (of 8) will sort array 67
Thread 5 (of 8) will sort array 68
Thread 5 (of 8) will sort array 69
Thread 5 (of 8) will sort array 105
Thread 6 (of 8) will sort array 71
Thread 6 (of 8) will sort array 72
Thread 6 (of 8) will sort array 73
Thread 6 (of 8) will sort array 74
Thread 6 (of 8) will sort array 110
Thread 1 (of 8) will sort array 46
Thread 1 (of 8) will sort array 47
Thread 4 (of 8) will sort array 61
Thread 4 (of 8) will sort array 62
Thread 1 (of 8) will sort array 48
Thread 4 (of 8) will sort array 63
Thread 1 (of 8) will sort array 49
Thread 4 (of 8) will sort array 64
Thread 1 (of 8) will sort array 85
Thread 4 (of 8) will sort array 100
Thread 2 (of 8) will sort array 51
Thread 2 (of 8) will sort array 52
Thread 2 (of 8) will sort array 53
Thread 2 (of 8) will sort array 54
Thread 2 (of 8) will sort array 90
Thread 3 (of 8) will sort array 56
Thread 3 (of 8) will sort array 57
Thread 7 (of 8) will sort array 76
Thread 3 (of 8) will sort array 58
Thread 7 (of 8) will sort array 77
Thread 3 (of 8) will sort array 59
Thread 7 (of 8) will sort array 78
Thread 3 (of 8) will sort array 95
Thread 7 (of 8) will sort array 79
Thread 7 (of 8) will sort array 115
Thread 0 (of 8) will sort array 81
Thread 0 (of 8) will sort array 82
Thread 0 (of 8) will sort array 83
Thread 0 (of 8) will sort array 84
Thread 0 (of 8) will sort array 120
Thread 5 (of 8) will sort array 106
Thread 5 (of 8) will sort array 107
Thread 1 (of 8) will sort array 86
Thread 5 (of 8) will sort array 108
Thread 1 (of 8) will sort array 87
Thread 5 (of 8) will sort array 109
Thread 1 (of 8) will sort array 88
Thread 5 (of 8) will sort array 145
Thread 1 (of 8) will sort array 89
Thread 1 (of 8) will sort array 125
Thread 6 (of 8) will sort array 111
Thread 6 (of 8) will sort array 112
Thread 4 (of 8) will sort array 101
Thread 6 (of 8) will sort array 113
Thread 4 (of 8) will sort array 102
Thread 6 (of 8) will sort array 114
Thread 4 (of 8) will sort array 103
Thread 4 (of 8) will sort array 104
Thread 4 (of 8) will sort array 140
Thread 2 (of 8) will sort array 91
Thread 2 (of 8) will sort array 92
Thread 2 (of 8) will sort array 93
Thread 2 (of 8) will sort array 94
Thread 2 (of 8) will sort array 130
Thread 3 (of 8) will sort array 96
Thread 3 (of 8) will sort array 97
Thread 3 (of 8) will sort array 98
Thread 3 (of 8) will sort array 99
Thread 3 (of 8) will sort array 135
Thread 7 (of 8) will sort array 116
Thread 7 (of 8) will sort array 117
Thread 7 (of 8) will sort array 118
Thread 7 (of 8) will sort array 119
Thread 0 (of 8) will sort array 121
Thread 0 (of 8) will sort array 122
Thread 0 (of 8) will sort array 123
Thread 0 (of 8) will sort array 124
Thread 5 (of 8) will sort array 146
Thread 5 (of 8) will sort array 147
Thread 5 (of 8) will sort array 148
Thread 5 (of 8) will sort array 149
Thread 4 (of 8) will sort array 141
Thread 4 (of 8) will sort array 142
Thread 4 (of 8) will sort array 143
Thread 4 (of 8) will sort array 144
Thread 2 (of 8) will sort array 131
Thread 2 (of 8) will sort array 132
Thread 2 (of 8) will sort array 133
Thread 2 (of 8) will sort array 134
Thread 3 (of 8) will sort array 136
Thread 3 (of 8) will sort array 137
Thread 3 (of 8) will sort array 138
Thread 3 (of 8) will sort array 139
Thread 1 (of 8) will sort array 126
Thread 1 (of 8) will sort array 127
Thread 1 (of 8) will sort array 128
Thread 1 (of 8) will sort array 129
Tempo: 5.806338, array: 17500

thread 0, executed: 20
thread 1, executed: 20
thread 2, executed: 20
thread 3, executed: 20
thread 4, executed: 20
thread 5, executed: 20
thread 6, executed: 15
thread 7, executed: 15

-------
Will start sorting with arrays with size: 20000
Thread 0 (of 8) will sort array 0
Thread 2 (of 8) will sort array 10
Thread 3 (of 8) will sort array 15
Thread 5 (of 8) will sort array 25
Thread 6 (of 8) will sort array 30
Thread 1 (of 8) will sort array 5
Thread 4 (of 8) will sort array 20
Thread 7 (of 8) will sort array 35
Thread 0 (of 8) will sort array 1
Thread 0 (of 8) will sort array 2
Thread 0 (of 8) will sort array 3
Thread 0 (of 8) will sort array 4
Thread 0 (of 8) will sort array 40
Thread 2 (of 8) will sort array 11
Thread 3 (of 8) will sort array 16
Thread 1 (of 8) will sort array 6
Thread 2 (of 8) will sort array 12
Thread 3 (of 8) will sort array 17
Thread 1 (of 8) will sort array 7
Thread 3 (of 8) will sort array 18
Thread 2 (of 8) will sort array 13
Thread 1 (of 8) will sort array 8
Thread 4 (of 8) will sort array 21
Thread 3 (of 8) will sort array 19
Thread 1 (of 8) will sort array 9
Thread 2 (of 8) will sort array 14
Thread 4 (of 8) will sort array 22
Thread 3 (of 8) will sort array 55
Thread 1 (of 8) will sort array 45
Thread 4 (of 8) will sort array 23
Thread 2 (of 8) will sort array 50
Thread 4 (of 8) will sort array 24
Thread 4 (of 8) will sort array 60
Thread 5 (of 8) will sort array 26
Thread 6 (of 8) will sort array 31
Thread 5 (of 8) will sort array 27
Thread 5 (of 8) will sort array 28
Thread 6 (of 8) will sort array 32
Thread 5 (of 8) will sort array 29
Thread 6 (of 8) will sort array 33
Thread 5 (of 8) will sort array 65
Thread 6 (of 8) will sort array 34
Thread 6 (of 8) will sort array 70
Thread 7 (of 8) will sort array 36
Thread 7 (of 8) will sort array 37
Thread 7 (of 8) will sort array 38
Thread 7 (of 8) will sort array 39
Thread 7 (of 8) will sort array 75
Thread 0 (of 8) will sort array 41
Thread 0 (of 8) will sort array 42
Thread 0 (of 8) will sort array 43
Thread 0 (of 8) will sort array 44
Thread 0 (of 8) will sort array 80
Thread 5 (of 8) will sort array 66
Thread 5 (of 8) will sort array 67
Thread 5 (of 8) will sort array 68
Thread 5 (of 8) will sort array 69
Thread 5 (of 8) will sort array 105
Thread 6 (of 8) will sort array 71
Thread 6 (of 8) will sort array 72
Thread 6 (of 8) will sort array 73
Thread 6 (of 8) will sort array 74
Thread 6 (of 8) will sort array 110
Thread 4 (of 8) will sort array 61
Thread 4 (of 8) will sort array 62
Thread 4 (of 8) will sort array 63
Thread 4 (of 8) will sort array 64
Thread 4 (of 8) will sort array 100
Thread 1 (of 8) will sort array 46
Thread 1 (of 8) will sort array 47
Thread 1 (of 8) will sort array 48
Thread 1 (of 8) will sort array 49
Thread 1 (of 8) will sort array 85
Thread 2 (of 8) will sort array 51
Thread 2 (of 8) will sort array 52
Thread 2 (of 8) will sort array 53
Thread 3 (of 8) will sort array 56
Thread 2 (of 8) will sort array 54
Thread 3 (of 8) will sort array 57
Thread 7 (of 8) will sort array 76
Thread 2 (of 8) will sort array 90
Thread 7 (of 8) will sort array 77
Thread 3 (of 8) will sort array 58
Thread 7 (of 8) will sort array 78
Thread 3 (of 8) will sort array 59
Thread 7 (of 8) will sort array 79
Thread 3 (of 8) will sort array 95
Thread 7 (of 8) will sort array 115
Thread 0 (of 8) will sort array 81
Thread 0 (of 8) will sort array 82
Thread 0 (of 8) will sort array 83
Thread 0 (of 8) will sort array 84
Thread 0 (of 8) will sort array 120
Thread 5 (of 8) will sort array 106
Thread 5 (of 8) will sort array 107
Thread 5 (of 8) will sort array 108
Thread 5 (of 8) will sort array 109
Thread 5 (of 8) will sort array 145
Thread 4 (of 8) will sort array 101
Thread 4 (of 8) will sort array 102
Thread 6 (of 8) will sort array 111
Thread 1 (of 8) will sort array 86
Thread 4 (of 8) will sort array 103
Thread 6 (of 8) will sort array 112
Thread 4 (of 8) will sort array 104
Thread 1 (of 8) will sort array 87
Thread 4 (of 8) will sort array 140
Thread 6 (of 8) will sort array 113
Thread 1 (of 8) will sort array 88
Thread 1 (of 8) will sort array 89
Thread 6 (of 8) will sort array 114
Thread 1 (of 8) will sort array 125
Thread 2 (of 8) will sort array 91
Thread 2 (of 8) will sort array 92
Thread 2 (of 8) will sort array 93
Thread 2 (of 8) will sort array 94
Thread 2 (of 8) will sort array 130
Thread 3 (of 8) will sort array 96
Thread 3 (of 8) will sort array 97
Thread 3 (of 8) will sort array 98
Thread 3 (of 8) will sort array 99
Thread 3 (of 8) will sort array 135
Thread 7 (of 8) will sort array 116
Thread 7 (of 8) will sort array 117
Thread 7 (of 8) will sort array 118
Thread 7 (of 8) will sort array 119
Thread 0 (of 8) will sort array 121
Thread 0 (of 8) will sort array 122
Thread 0 (of 8) will sort array 123
Thread 0 (of 8) will sort array 124
Thread 4 (of 8) will sort array 141
Thread 4 (of 8) will sort array 142
Thread 5 (of 8) will sort array 146
Thread 4 (of 8) will sort array 143
Thread 5 (of 8) will sort array 147
Thread 4 (of 8) will sort array 144
Thread 5 (of 8) will sort array 148
Thread 5 (of 8) will sort array 149
Thread 2 (of 8) will sort array 131
Thread 2 (of 8) will sort array 132
Thread 2 (of 8) will sort array 133
Thread 2 (of 8) will sort array 134
Thread 3 (of 8) will sort array 136
Thread 3 (of 8) will sort array 137
Thread 3 (of 8) will sort array 138
Thread 3 (of 8) will sort array 139
Thread 1 (of 8) will sort array 126
Thread 1 (of 8) will sort array 127
Thread 1 (of 8) will sort array 128
Thread 1 (of 8) will sort array 129
Tempo: 7.587169, array: 20000

thread 0, executed: 20
thread 1, executed: 20
thread 2, executed: 20
thread 3, executed: 20
thread 4, executed: 20
thread 5, executed: 20
thread 6, executed: 15
thread 7, executed: 15

-------
Will start sorting with arrays with size: 22500
Thread 0 (of 8) will sort array 0
Thread 4 (of 8) will sort array 20
Thread 3 (of 8) will sort array 15
Thread 2 (of 8) will sort array 10
Thread 6 (of 8) will sort array 30
Thread 1 (of 8) will sort array 5
Thread 7 (of 8) will sort array 35
Thread 5 (of 8) will sort array 25
Thread 0 (of 8) will sort array 1
Thread 0 (of 8) will sort array 2
Thread 0 (of 8) will sort array 3
Thread 0 (of 8) will sort array 4
Thread 0 (of 8) will sort array 40
Thread 1 (of 8) will sort array 6
Thread 1 (of 8) will sort array 7
Thread 1 (of 8) will sort array 8
Thread 1 (of 8) will sort array 9
Thread 3 (of 8) will sort array 16
Thread 2 (of 8) will sort array 11
Thread 1 (of 8) will sort array 45
Thread 3 (of 8) will sort array 17
Thread 2 (of 8) will sort array 12
Thread 3 (of 8) will sort array 18
Thread 2 (of 8) will sort array 13
Thread 3 (of 8) will sort array 19
Thread 2 (of 8) will sort array 14
Thread 3 (of 8) will sort array 55
Thread 2 (of 8) will sort array 50
Thread 6 (of 8) will sort array 31
Thread 6 (of 8) will sort array 32
Thread 6 (of 8) will sort array 33
Thread 6 (of 8) will sort array 34
Thread 6 (of 8) will sort array 70
Thread 7 (of 8) will sort array 36
Thread 7 (of 8) will sort array 37
Thread 7 (of 8) will sort array 38
Thread 7 (of 8) will sort array 39
Thread 7 (of 8) will sort array 75
Thread 4 (of 8) will sort array 21
Thread 4 (of 8) will sort array 22
Thread 4 (of 8) will sort array 23
Thread 4 (of 8) will sort array 24
Thread 4 (of 8) will sort array 60
Thread 5 (of 8) will sort array 26
Thread 5 (of 8) will sort array 27
Thread 5 (of 8) will sort array 28
Thread 5 (of 8) will sort array 29
Thread 5 (of 8) will sort array 65
Thread 0 (of 8) will sort array 41
Thread 0 (of 8) will sort array 42
Thread 0 (of 8) will sort array 43
Thread 0 (of 8) will sort array 44
Thread 0 (of 8) will sort array 80
Thread 6 (of 8) will sort array 71
Thread 6 (of 8) will sort array 72
Thread 6 (of 8) will sort array 73
Thread 6 (of 8) will sort array 74
Thread 6 (of 8) will sort array 110
Thread 1 (of 8) will sort array 46
Thread 1 (of 8) will sort array 47
Thread 1 (of 8) will sort array 48
Thread 1 (of 8) will sort array 49
Thread 1 (of 8) will sort array 85
Thread 2 (of 8) will sort array 51
Thread 2 (of 8) will sort array 52
Thread 2 (of 8) will sort array 53
Thread 2 (of 8) will sort array 54
Thread 2 (of 8) will sort array 90
Thread 3 (of 8) will sort array 56
Thread 3 (of 8) will sort array 57
Thread 3 (of 8) will sort array 58
Thread 3 (of 8) will sort array 59
Thread 3 (of 8) will sort array 95
Thread 7 (of 8) will sort array 76
Thread 7 (of 8) will sort array 77
Thread 7 (of 8) will sort array 78
Thread 7 (of 8) will sort array 79
Thread 7 (of 8) will sort array 115
Thread 5 (of 8) will sort array 66
Thread 5 (of 8) will sort array 67
Thread 5 (of 8) will sort array 68
Thread 5 (of 8) will sort array 69
Thread 5 (of 8) will sort array 105
Thread 4 (of 8) will sort array 61
Thread 4 (of 8) will sort array 62
Thread 4 (of 8) will sort array 63
Thread 4 (of 8) will sort array 64
Thread 4 (of 8) will sort array 100
Thread 0 (of 8) will sort array 81
Thread 0 (of 8) will sort array 82
Thread 0 (of 8) will sort array 83
Thread 0 (of 8) will sort array 84
Thread 0 (of 8) will sort array 120
Thread 1 (of 8) will sort array 86
Thread 1 (of 8) will sort array 87
Thread 1 (of 8) will sort array 88
Thread 1 (of 8) will sort array 89
Thread 1 (of 8) will sort array 125
Thread 6 (of 8) will sort array 111
Thread 6 (of 8) will sort array 112
Thread 6 (of 8) will sort array 113
Thread 6 (of 8) will sort array 114
Thread 2 (of 8) will sort array 91
Thread 2 (of 8) will sort array 92
Thread 2 (of 8) will sort array 93
Thread 2 (of 8) will sort array 94
Thread 2 (of 8) will sort array 130
Thread 3 (of 8) will sort array 96
Thread 3 (of 8) will sort array 97
Thread 3 (of 8) will sort array 98
Thread 3 (of 8) will sort array 99
Thread 3 (of 8) will sort array 135
Thread 7 (of 8) will sort array 116
Thread 7 (of 8) will sort array 117
Thread 7 (of 8) will sort array 118
Thread 7 (of 8) will sort array 119
Thread 5 (of 8) will sort array 106
Thread 5 (of 8) will sort array 107
Thread 5 (of 8) will sort array 108
Thread 5 (of 8) will sort array 109
Thread 5 (of 8) will sort array 145
Thread 4 (of 8) will sort array 101
Thread 4 (of 8) will sort array 102
Thread 4 (of 8) will sort array 103
Thread 4 (of 8) will sort array 104
Thread 4 (of 8) will sort array 140
Thread 0 (of 8) will sort array 121
Thread 0 (of 8) will sort array 122
Thread 0 (of 8) will sort array 123
Thread 0 (of 8) will sort array 124
Thread 2 (of 8) will sort array 131
Thread 2 (of 8) will sort array 132
Thread 2 (of 8) will sort array 133
Thread 2 (of 8) will sort array 134
Thread 3 (of 8) will sort array 136
Thread 3 (of 8) will sort array 137
Thread 3 (of 8) will sort array 138
Thread 3 (of 8) will sort array 139
Thread 5 (of 8) will sort array 146
Thread 5 (of 8) will sort array 147
Thread 5 (of 8) will sort array 148
Thread 5 (of 8) will sort array 149
Thread 4 (of 8) will sort array 141
Thread 4 (of 8) will sort array 142
Thread 4 (of 8) will sort array 143
Thread 4 (of 8) will sort array 144
Thread 1 (of 8) will sort array 126
Thread 1 (of 8) will sort array 127
Thread 1 (of 8) will sort array 128
Thread 1 (of 8) will sort array 129
Tempo: 9.601812, array: 22500

thread 0, executed: 20
thread 1, executed: 20
thread 2, executed: 20
thread 3, executed: 20
thread 4, executed: 20
thread 5, executed: 20
thread 6, executed: 15
thread 7, executed: 15

-------
Will start sorting with arrays with size: 25000
Thread 0 (of 8) will sort array 0
Thread 3 (of 8) will sort array 15
Thread 2 (of 8) will sort array 10
Thread 4 (of 8) will sort array 20
Thread 7 (of 8) will sort array 35
Thread 6 (of 8) will sort array 30
Thread 1 (of 8) will sort array 5
Thread 5 (of 8) will sort array 25
Thread 0 (of 8) will sort array 1
Thread 0 (of 8) will sort array 2
Thread 0 (of 8) will sort array 3
Thread 0 (of 8) will sort array 4
Thread 0 (of 8) will sort array 40
Thread 1 (of 8) will sort array 6
Thread 3 (of 8) will sort array 16
Thread 1 (of 8) will sort array 7
Thread 3 (of 8) will sort array 17
Thread 1 (of 8) will sort array 8
Thread 3 (of 8) will sort array 18
Thread 1 (of 8) will sort array 9
Thread 3 (of 8) will sort array 19
Thread 1 (of 8) will sort array 45
Thread 2 (of 8) will sort array 11
Thread 3 (of 8) will sort array 55
Thread 2 (of 8) will sort array 12
Thread 4 (of 8) will sort array 21
Thread 2 (of 8) will sort array 13
Thread 4 (of 8) will sort array 22
Thread 6 (of 8) will sort array 31
Thread 2 (of 8) will sort array 14
Thread 4 (of 8) will sort array 23
Thread 5 (of 8) will sort array 26
Thread 6 (of 8) will sort array 32
Thread 2 (of 8) will sort array 50
Thread 4 (of 8) will sort array 24
Thread 5 (of 8) will sort array 27
Thread 6 (of 8) will sort array 33
Thread 4 (of 8) will sort array 60
Thread 5 (of 8) will sort array 28
Thread 6 (of 8) will sort array 34
Thread 5 (of 8) will sort array 29
Thread 6 (of 8) will sort array 70
Thread 5 (of 8) will sort array 65
Thread 7 (of 8) will sort array 36
Thread 7 (of 8) will sort array 37
Thread 7 (of 8) will sort array 38
Thread 7 (of 8) will sort array 39
Thread 7 (of 8) will sort array 75
Thread 0 (of 8) will sort array 41
Thread 0 (of 8) will sort array 42
Thread 0 (of 8) will sort array 43
Thread 0 (of 8) will sort array 44
Thread 0 (of 8) will sort array 80
Thread 5 (of 8) will sort array 66
Thread 5 (of 8) will sort array 67
Thread 6 (of 8) will sort array 71
Thread 5 (of 8) will sort array 68
Thread 6 (of 8) will sort array 72
Thread 5 (of 8) will sort array 69
Thread 6 (of 8) will sort array 73
Thread 5 (of 8) will sort array 105
Thread 6 (of 8) will sort array 74
Thread 6 (of 8) will sort array 110
Thread 1 (of 8) will sort array 46
Thread 1 (of 8) will sort array 47
Thread 1 (of 8) will sort array 48
Thread 1 (of 8) will sort array 49
Thread 1 (of 8) will sort array 85
Thread 4 (of 8) will sort array 61
Thread 4 (of 8) will sort array 62
Thread 4 (of 8) will sort array 63
Thread 4 (of 8) will sort array 64
Thread 4 (of 8) will sort array 100
Thread 3 (of 8) will sort array 56
Thread 2 (of 8) will sort array 51
Thread 3 (of 8) will sort array 57
Thread 2 (of 8) will sort array 52
Thread 3 (of 8) will sort array 58
Thread 2 (of 8) will sort array 53
Thread 3 (of 8) will sort array 59
Thread 2 (of 8) will sort array 54
Thread 3 (of 8) will sort array 95
Thread 2 (of 8) will sort array 90
Thread 7 (of 8) will sort array 76
Thread 7 (of 8) will sort array 77
Thread 7 (of 8) will sort array 78
Thread 7 (of 8) will sort array 79
Thread 7 (of 8) will sort array 115
Thread 0 (of 8) will sort array 81
Thread 0 (of 8) will sort array 82
Thread 0 (of 8) will sort array 83
Thread 0 (of 8) will sort array 84
Thread 0 (of 8) will sort array 120
Thread 1 (of 8) will sort array 86
Thread 1 (of 8) will sort array 87
Thread 1 (of 8) will sort array 88
Thread 5 (of 8) will sort array 106
Thread 1 (of 8) will sort array 89
Thread 5 (of 8) will sort array 107
Thread 1 (of 8) will sort array 125
Thread 5 (of 8) will sort array 108
Thread 5 (of 8) will sort array 109
Thread 5 (of 8) will sort array 145
Thread 6 (of 8) will sort array 111
Thread 6 (of 8) will sort array 112
Thread 6 (of 8) will sort array 113
Thread 6 (of 8) will sort array 114
Thread 4 (of 8) will sort array 101
Thread 4 (of 8) will sort array 102
Thread 4 (of 8) will sort array 103
Thread 3 (of 8) will sort array 96
Thread 4 (of 8) will sort array 104
Thread 2 (of 8) will sort array 91
Thread 3 (of 8) will sort array 97
Thread 4 (of 8) will sort array 140
Thread 2 (of 8) will sort array 92
Thread 3 (of 8) will sort array 98
Thread 2 (of 8) will sort array 93
Thread 3 (of 8) will sort array 99
Thread 2 (of 8) will sort array 94
Thread 3 (of 8) will sort array 135
Thread 2 (of 8) will sort array 130
Thread 7 (of 8) will sort array 116
Thread 7 (of 8) will sort array 117
Thread 7 (of 8) will sort array 118
Thread 7 (of 8) will sort array 119
Thread 4 (of 8) will sort array 141
Thread 5 (of 8) will sort array 146
Thread 4 (of 8) will sort array 142
Thread 5 (of 8) will sort array 147
Thread 4 (of 8) will sort array 143
Thread 5 (of 8) will sort array 148
Thread 4 (of 8) will sort array 144
Thread 5 (of 8) will sort array 149
Thread 1 (of 8) will sort array 126
Thread 1 (of 8) will sort array 127
Thread 1 (of 8) will sort array 128
Thread 1 (of 8) will sort array 129
Thread 0 (of 8) will sort array 121
Thread 0 (of 8) will sort array 122
Thread 0 (of 8) will sort array 123
Thread 0 (of 8) will sort array 124
Thread 2 (of 8) will sort array 131
Thread 2 (of 8) will sort array 132
Thread 2 (of 8) will sort array 133
Thread 2 (of 8) will sort array 134
Thread 3 (of 8) will sort array 136
Thread 3 (of 8) will sort array 137
Thread 3 (of 8) will sort array 138
Thread 3 (of 8) will sort array 139
Tempo: 11.844572, array: 25000

thread 0, executed: 20
thread 1, executed: 20
thread 2, executed: 20
thread 3, executed: 20
thread 4, executed: 20
thread 5, executed: 20
thread 6, executed: 15
thread 7, executed: 15



number of arrays: 150
size,time
2500,0.233591
5000,0.494133
7500,1.109055
10000,1.894364
12500,3.080607
15000,4.283589
17500,5.806338
20000,7.587169
22500,9.601812
25000,11.844572
