
-------
Will start sorting with arrays with size: 2500
Thread 1 (of 2) will sort array 5
Thread 0 (of 2) will sort array 0
Thread 0 (of 2) will sort array 1
Thread 0 (of 2) will sort array 2
Thread 0 (of 2) will sort array 3
Thread 0 (of 2) will sort array 4
Thread 0 (of 2) will sort array 10
Thread 1 (of 2) will sort array 6
Thread 1 (of 2) will sort array 7
Thread 1 (of 2) will sort array 8
Thread 1 (of 2) will sort array 9
Thread 1 (of 2) will sort array 15
Thread 1 (of 2) will sort array 16
Thread 1 (of 2) will sort array 17
Thread 1 (of 2) will sort array 18
Thread 1 (of 2) will sort array 19
Thread 0 (of 2) will sort array 11
Thread 0 (of 2) will sort array 12
Thread 0 (of 2) will sort array 13
Thread 0 (of 2) will sort array 14
Thread 0 (of 2) will sort array 20
Thread 0 (of 2) will sort array 21
Thread 0 (of 2) will sort array 22
Thread 0 (of 2) will sort array 23
Thread 0 (of 2) will sort array 24
Tempo: 0.138074, array: 2500

thread 0, executed: 15
thread 1, executed: 10

-------
Will start sorting with arrays with size: 5000
Thread 0 (of 2) will sort array 0
Thread 1 (of 2) will sort array 5
Thread 1 (of 2) will sort array 6
Thread 1 (of 2) will sort array 7
Thread 1 (of 2) will sort array 8
Thread 1 (of 2) will sort array 9
Thread 1 (of 2) will sort array 15
Thread 0 (of 2) will sort array 1
Thread 0 (of 2) will sort array 2
Thread 0 (of 2) will sort array 3
Thread 0 (of 2) will sort array 4
Thread 0 (of 2) will sort array 10
Thread 1 (of 2) will sort array 16
Thread 1 (of 2) will sort array 17
Thread 1 (of 2) will sort array 18
Thread 1 (of 2) will sort array 19
Thread 0 (of 2) will sort array 11
Thread 0 (of 2) will sort array 12
Thread 0 (of 2) will sort array 13
Thread 0 (of 2) will sort array 14
Thread 0 (of 2) will sort array 20
Thread 0 (of 2) will sort array 21
Thread 0 (of 2) will sort array 22
Thread 0 (of 2) will sort array 23
Thread 0 (of 2) will sort array 24
Tempo: 0.538529, array: 5000

thread 0, executed: 15
thread 1, executed: 10

-------
Will start sorting with arrays with size: 7500
Thread 0 (of 2) will sort array 0
Thread 1 (of 2) will sort array 5
Thread 0 (of 2) will sort array 1
Thread 0 (of 2) will sort array 2
Thread 0 (of 2) will sort array 3
Thread 0 (of 2) will sort array 4
Thread 0 (of 2) will sort array 10
Thread 1 (of 2) will sort array 6
Thread 1 (of 2) will sort array 7
Thread 1 (of 2) will sort array 8
Thread 1 (of 2) will sort array 9
Thread 1 (of 2) will sort array 15
Thread 0 (of 2) will sort array 11
Thread 0 (of 2) will sort array 12
Thread 0 (of 2) will sort array 13
Thread 0 (of 2) will sort array 14
Thread 0 (of 2) will sort array 20
Thread 1 (of 2) will sort array 16
Thread 1 (of 2) will sort array 17
Thread 1 (of 2) will sort array 18
Thread 1 (of 2) will sort array 19
Thread 0 (of 2) will sort array 21
Thread 0 (of 2) will sort array 22
Thread 0 (of 2) will sort array 23
Thread 0 (of 2) will sort array 24
Tempo: 0.834456, array: 7500

thread 0, executed: 15
thread 1, executed: 10

-------
Will start sorting with arrays with size: 10000
Thread 1 (of 2) will sort array 5
Thread 0 (of 2) will sort array 0
Thread 0 (of 2) will sort array 1
Thread 0 (of 2) will sort array 2
Thread 0 (of 2) will sort array 3
Thread 0 (of 2) will sort array 4
Thread 0 (of 2) will sort array 10
Thread 1 (of 2) will sort array 6
Thread 1 (of 2) will sort array 7
Thread 1 (of 2) will sort array 8
Thread 1 (of 2) will sort array 9
Thread 1 (of 2) will sort array 15
Thread 0 (of 2) will sort array 11
Thread 0 (of 2) will sort array 12
Thread 0 (of 2) will sort array 13
Thread 0 (of 2) will sort array 14
Thread 0 (of 2) will sort array 20
Thread 1 (of 2) will sort array 16
Thread 1 (of 2) will sort array 17
Thread 1 (of 2) will sort array 18
Thread 1 (of 2) will sort array 19
Thread 0 (of 2) will sort array 21
Thread 0 (of 2) will sort array 22
Thread 0 (of 2) will sort array 23
Thread 0 (of 2) will sort array 24
Tempo: 1.532252, array: 10000

thread 0, executed: 15
thread 1, executed: 10

-------
Will start sorting with arrays with size: 12500
Thread 0 (of 2) will sort array 0
Thread 1 (of 2) will sort array 5
Thread 1 (of 2) will sort array 6
Thread 1 (of 2) will sort array 7
Thread 1 (of 2) will sort array 8
Thread 1 (of 2) will sort array 9
Thread 1 (of 2) will sort array 15
Thread 0 (of 2) will sort array 1
Thread 0 (of 2) will sort array 2
Thread 0 (of 2) will sort array 3
Thread 0 (of 2) will sort array 4
Thread 0 (of 2) will sort array 10
Thread 1 (of 2) will sort array 16
Thread 1 (of 2) will sort array 17
Thread 1 (of 2) will sort array 18
Thread 1 (of 2) will sort array 19
Thread 0 (of 2) will sort array 11
Thread 0 (of 2) will sort array 12
Thread 0 (of 2) will sort array 13
Thread 0 (of 2) will sort array 14
Thread 0 (of 2) will sort array 20
Thread 0 (of 2) will sort array 21
Thread 0 (of 2) will sort array 22
Thread 0 (of 2) will sort array 23
Thread 0 (of 2) will sort array 24
Tempo: 2.479990, array: 12500

thread 0, executed: 15
thread 1, executed: 10

-------
Will start sorting with arrays with size: 15000
Thread 1 (of 2) will sort array 5
Thread 0 (of 2) will sort array 0
Thread 0 (of 2) will sort array 1
Thread 0 (of 2) will sort array 2
Thread 0 (of 2) will sort array 3
Thread 0 (of 2) will sort array 4
Thread 0 (of 2) will sort array 10
Thread 1 (of 2) will sort array 6
Thread 1 (of 2) will sort array 7
Thread 1 (of 2) will sort array 8
Thread 1 (of 2) will sort array 9
Thread 1 (of 2) will sort array 15
Thread 0 (of 2) will sort array 11
Thread 0 (of 2) will sort array 12
Thread 0 (of 2) will sort array 13
Thread 0 (of 2) will sort array 14
Thread 0 (of 2) will sort array 20
Thread 1 (of 2) will sort array 16
Thread 1 (of 2) will sort array 17
Thread 1 (of 2) will sort array 18
Thread 1 (of 2) will sort array 19
Thread 0 (of 2) will sort array 21
Thread 0 (of 2) will sort array 22
Thread 0 (of 2) will sort array 23
Thread 0 (of 2) will sort array 24
Tempo: 3.215889, array: 15000

thread 0, executed: 15
thread 1, executed: 10

-------
Will start sorting with arrays with size: 17500
Thread 0 (of 2) will sort array 0
Thread 1 (of 2) will sort array 5
Thread 0 (of 2) will sort array 1
Thread 0 (of 2) will sort array 2
Thread 0 (of 2) will sort array 3
Thread 0 (of 2) will sort array 4
Thread 0 (of 2) will sort array 10
Thread 1 (of 2) will sort array 6
Thread 1 (of 2) will sort array 7
Thread 1 (of 2) will sort array 8
Thread 1 (of 2) will sort array 9
Thread 1 (of 2) will sort array 15
Thread 0 (of 2) will sort array 11
Thread 0 (of 2) will sort array 12
Thread 0 (of 2) will sort array 13
Thread 0 (of 2) will sort array 14
Thread 0 (of 2) will sort array 20
Thread 1 (of 2) will sort array 16
Thread 1 (of 2) will sort array 17
Thread 1 (of 2) will sort array 18
Thread 1 (of 2) will sort array 19
Thread 0 (of 2) will sort array 21
Thread 0 (of 2) will sort array 22
Thread 0 (of 2) will sort array 23
Thread 0 (of 2) will sort array 24
Tempo: 4.122914, array: 17500

thread 0, executed: 15
thread 1, executed: 10

-------
Will start sorting with arrays with size: 20000
Thread 1 (of 2) will sort array 5
Thread 0 (of 2) will sort array 0
Thread 0 (of 2) will sort array 1
Thread 0 (of 2) will sort array 2
Thread 0 (of 2) will sort array 3
Thread 0 (of 2) will sort array 4
Thread 0 (of 2) will sort array 10
Thread 1 (of 2) will sort array 6
Thread 1 (of 2) will sort array 7
Thread 1 (of 2) will sort array 8
Thread 1 (of 2) will sort array 9
Thread 1 (of 2) will sort array 15
Thread 0 (of 2) will sort array 11
Thread 0 (of 2) will sort array 12
Thread 0 (of 2) will sort array 13
Thread 0 (of 2) will sort array 14
Thread 0 (of 2) will sort array 20
Thread 1 (of 2) will sort array 16
Thread 1 (of 2) will sort array 17
Thread 1 (of 2) will sort array 18
Thread 1 (of 2) will sort array 19
Thread 0 (of 2) will sort array 21
Thread 0 (of 2) will sort array 22
Thread 0 (of 2) will sort array 23
Thread 0 (of 2) will sort array 24
Tempo: 5.547669, array: 20000

thread 0, executed: 15
thread 1, executed: 10

-------
Will start sorting with arrays with size: 22500
Thread 1 (of 2) will sort array 5
Thread 0 (of 2) will sort array 0
Thread 0 (of 2) will sort array 1
Thread 0 (of 2) will sort array 2
Thread 0 (of 2) will sort array 3
Thread 0 (of 2) will sort array 4
Thread 0 (of 2) will sort array 10
Thread 1 (of 2) will sort array 6
Thread 1 (of 2) will sort array 7
Thread 1 (of 2) will sort array 8
Thread 1 (of 2) will sort array 9
Thread 1 (of 2) will sort array 15
Thread 0 (of 2) will sort array 11
Thread 0 (of 2) will sort array 12
Thread 0 (of 2) will sort array 13
Thread 0 (of 2) will sort array 14
Thread 0 (of 2) will sort array 20
Thread 1 (of 2) will sort array 16
Thread 1 (of 2) will sort array 17
Thread 1 (of 2) will sort array 18
Thread 1 (of 2) will sort array 19
Thread 0 (of 2) will sort array 21
Thread 0 (of 2) will sort array 22
Thread 0 (of 2) will sort array 23
Thread 0 (of 2) will sort array 24
Tempo: 7.003656, array: 22500

thread 0, executed: 15
thread 1, executed: 10

-------
Will start sorting with arrays with size: 25000
Thread 0 (of 2) will sort array 0
Thread 1 (of 2) will sort array 5
Thread 0 (of 2) will sort array 1
Thread 0 (of 2) will sort array 2
Thread 0 (of 2) will sort array 3
Thread 0 (of 2) will sort array 4
Thread 0 (of 2) will sort array 10
Thread 1 (of 2) will sort array 6
Thread 1 (of 2) will sort array 7
Thread 1 (of 2) will sort array 8
Thread 1 (of 2) will sort array 9
Thread 1 (of 2) will sort array 15
Thread 0 (of 2) will sort array 11
Thread 0 (of 2) will sort array 12
Thread 0 (of 2) will sort array 13
Thread 0 (of 2) will sort array 14
Thread 0 (of 2) will sort array 20
Thread 1 (of 2) will sort array 16
Thread 1 (of 2) will sort array 17
Thread 1 (of 2) will sort array 18
Thread 1 (of 2) will sort array 19
Thread 0 (of 2) will sort array 21
Thread 0 (of 2) will sort array 22
Thread 0 (of 2) will sort array 23
Thread 0 (of 2) will sort array 24
Tempo: 8.599275, array: 25000

thread 0, executed: 15
thread 1, executed: 10



number of arrays: 25
size,time
2500,0.138074
5000,0.538529
7500,0.834456
10000,1.532252
12500,2.479990
15000,3.215889
17500,4.122914
20000,5.547669
22500,7.003656
25000,8.599275
