
-------
Will start sorting with arrays with size: 2500
Thread 1 (of 2) will sort array 5
Thread 0 (of 2) will sort array 0
Thread 0 (of 2) will sort array 1
Thread 0 (of 2) will sort array 2
Thread 0 (of 2) will sort array 3
Thread 1 (of 2) will sort array 6
Thread 0 (of 2) will sort array 4
Thread 1 (of 2) will sort array 7
Thread 0 (of 2) will sort array 10
Thread 1 (of 2) will sort array 8
Thread 1 (of 2) will sort array 9
Thread 1 (of 2) will sort array 15
Thread 1 (of 2) will sort array 16
Thread 1 (of 2) will sort array 17
Thread 1 (of 2) will sort array 18
Thread 1 (of 2) will sort array 19
Thread 1 (of 2) will sort array 25
Thread 0 (of 2) will sort array 11
Thread 0 (of 2) will sort array 12
Thread 0 (of 2) will sort array 13
Thread 0 (of 2) will sort array 14
Thread 0 (of 2) will sort array 20
Thread 1 (of 2) will sort array 26
Thread 1 (of 2) will sort array 27
Thread 1 (of 2) will sort array 28
Thread 1 (of 2) will sort array 29
Thread 1 (of 2) will sort array 35
Thread 0 (of 2) will sort array 21
Thread 0 (of 2) will sort array 22
Thread 0 (of 2) will sort array 23
Thread 0 (of 2) will sort array 24
Thread 0 (of 2) will sort array 30
Thread 1 (of 2) will sort array 36
Thread 1 (of 2) will sort array 37
Thread 1 (of 2) will sort array 38
Thread 1 (of 2) will sort array 39
Thread 1 (of 2) will sort array 45
Thread 0 (of 2) will sort array 31
Thread 0 (of 2) will sort array 32
Thread 0 (of 2) will sort array 33
Thread 0 (of 2) will sort array 34
Thread 0 (of 2) will sort array 40
Thread 1 (of 2) will sort array 46
Thread 1 (of 2) will sort array 47
Thread 1 (of 2) will sort array 48
Thread 1 (of 2) will sort array 49
Thread 1 (of 2) will sort array 55
Thread 0 (of 2) will sort array 41
Thread 0 (of 2) will sort array 42
Thread 0 (of 2) will sort array 43
Thread 0 (of 2) will sort array 44
Thread 0 (of 2) will sort array 50
Thread 1 (of 2) will sort array 56
Thread 1 (of 2) will sort array 57
Thread 1 (of 2) will sort array 58
Thread 1 (of 2) will sort array 59
Thread 1 (of 2) will sort array 65
Thread 0 (of 2) will sort array 51
Thread 0 (of 2) will sort array 52
Thread 0 (of 2) will sort array 53
Thread 0 (of 2) will sort array 54
Thread 0 (of 2) will sort array 60
Thread 1 (of 2) will sort array 66
Thread 1 (of 2) will sort array 67
Thread 1 (of 2) will sort array 68
Thread 1 (of 2) will sort array 69
Thread 1 (of 2) will sort array 75
Thread 0 (of 2) will sort array 61
Thread 0 (of 2) will sort array 62
Thread 0 (of 2) will sort array 63
Thread 0 (of 2) will sort array 64
Thread 0 (of 2) will sort array 70
Thread 1 (of 2) will sort array 76
Thread 1 (of 2) will sort array 77
Thread 1 (of 2) will sort array 78
Thread 1 (of 2) will sort array 79
Thread 1 (of 2) will sort array 85
Thread 0 (of 2) will sort array 71
Thread 0 (of 2) will sort array 72
Thread 0 (of 2) will sort array 73
Thread 0 (of 2) will sort array 74
Thread 0 (of 2) will sort array 80
Thread 1 (of 2) will sort array 86
Thread 1 (of 2) will sort array 87
Thread 1 (of 2) will sort array 88
Thread 1 (of 2) will sort array 89
Thread 1 (of 2) will sort array 95
Thread 0 (of 2) will sort array 81
Thread 0 (of 2) will sort array 82
Thread 0 (of 2) will sort array 83
Thread 0 (of 2) will sort array 84
Thread 0 (of 2) will sort array 90
Thread 1 (of 2) will sort array 96
Thread 1 (of 2) will sort array 97
Thread 1 (of 2) will sort array 98
Thread 1 (of 2) will sort array 99
Thread 1 (of 2) will sort array 105
Thread 0 (of 2) will sort array 91
Thread 0 (of 2) will sort array 92
Thread 0 (of 2) will sort array 93
Thread 0 (of 2) will sort array 94
Thread 0 (of 2) will sort array 100
Thread 1 (of 2) will sort array 106
Thread 1 (of 2) will sort array 107
Thread 1 (of 2) will sort array 108
Thread 1 (of 2) will sort array 109
Thread 1 (of 2) will sort array 115
Thread 0 (of 2) will sort array 101
Thread 0 (of 2) will sort array 102
Thread 0 (of 2) will sort array 103
Thread 0 (of 2) will sort array 104
Thread 0 (of 2) will sort array 110
Thread 1 (of 2) will sort array 116
Thread 1 (of 2) will sort array 117
Thread 1 (of 2) will sort array 118
Thread 1 (of 2) will sort array 119
Thread 1 (of 2) will sort array 125
Thread 0 (of 2) will sort array 111
Thread 0 (of 2) will sort array 112
Thread 0 (of 2) will sort array 113
Thread 0 (of 2) will sort array 114
Thread 0 (of 2) will sort array 120
Thread 1 (of 2) will sort array 126
Thread 1 (of 2) will sort array 127
Thread 1 (of 2) will sort array 128
Thread 1 (of 2) will sort array 129
Thread 1 (of 2) will sort array 135
Thread 0 (of 2) will sort array 121
Thread 0 (of 2) will sort array 122
Thread 0 (of 2) will sort array 123
Thread 0 (of 2) will sort array 124
Thread 0 (of 2) will sort array 130
Thread 1 (of 2) will sort array 136
Thread 1 (of 2) will sort array 137
Thread 1 (of 2) will sort array 138
Thread 1 (of 2) will sort array 139
Thread 1 (of 2) will sort array 145
Thread 0 (of 2) will sort array 131
Thread 0 (of 2) will sort array 132
Thread 0 (of 2) will sort array 133
Thread 0 (of 2) will sort array 134
Thread 0 (of 2) will sort array 140
Thread 1 (of 2) will sort array 146
Thread 1 (of 2) will sort array 147
Thread 1 (of 2) will sort array 148
Thread 1 (of 2) will sort array 149
Thread 0 (of 2) will sort array 141
Thread 0 (of 2) will sort array 142
Thread 0 (of 2) will sort array 143
Thread 0 (of 2) will sort array 144
Tempo: 0.670512, array: 2500

thread 0, executed: 75
thread 1, executed: 75

-------
Will start sorting with arrays with size: 5000
Thread 0 (of 2) will sort array 0
Thread 1 (of 2) will sort array 5
Thread 0 (of 2) will sort array 1
Thread 0 (of 2) will sort array 2
Thread 0 (of 2) will sort array 3
Thread 0 (of 2) will sort array 4
Thread 1 (of 2) will sort array 6
Thread 0 (of 2) will sort array 10
Thread 1 (of 2) will sort array 7
Thread 1 (of 2) will sort array 8
Thread 1 (of 2) will sort array 9
Thread 1 (of 2) will sort array 15
Thread 1 (of 2) will sort array 16
Thread 1 (of 2) will sort array 17
Thread 1 (of 2) will sort array 18
Thread 1 (of 2) will sort array 19
Thread 1 (of 2) will sort array 25
Thread 0 (of 2) will sort array 11
Thread 0 (of 2) will sort array 12
Thread 0 (of 2) will sort array 13
Thread 0 (of 2) will sort array 14
Thread 0 (of 2) will sort array 20
Thread 1 (of 2) will sort array 26
Thread 1 (of 2) will sort array 27
Thread 1 (of 2) will sort array 28
Thread 1 (of 2) will sort array 29
Thread 1 (of 2) will sort array 35
Thread 0 (of 2) will sort array 21
Thread 0 (of 2) will sort array 22
Thread 0 (of 2) will sort array 23
Thread 0 (of 2) will sort array 24
Thread 0 (of 2) will sort array 30
Thread 1 (of 2) will sort array 36
Thread 1 (of 2) will sort array 37
Thread 1 (of 2) will sort array 38
Thread 1 (of 2) will sort array 39
Thread 1 (of 2) will sort array 45
Thread 0 (of 2) will sort array 31
Thread 0 (of 2) will sort array 32
Thread 0 (of 2) will sort array 33
Thread 0 (of 2) will sort array 34
Thread 0 (of 2) will sort array 40
Thread 1 (of 2) will sort array 46
Thread 1 (of 2) will sort array 47
Thread 1 (of 2) will sort array 48
Thread 1 (of 2) will sort array 49
Thread 1 (of 2) will sort array 55
Thread 0 (of 2) will sort array 41
Thread 0 (of 2) will sort array 42
Thread 0 (of 2) will sort array 43
Thread 0 (of 2) will sort array 44
Thread 0 (of 2) will sort array 50
Thread 0 (of 2) will sort array 51
Thread 0 (of 2) will sort array 52
Thread 0 (of 2) will sort array 53
Thread 0 (of 2) will sort array 54
Thread 0 (of 2) will sort array 60
Thread 1 (of 2) will sort array 56
Thread 1 (of 2) will sort array 57
Thread 1 (of 2) will sort array 58
Thread 1 (of 2) will sort array 59
Thread 1 (of 2) will sort array 65
Thread 0 (of 2) will sort array 61
Thread 0 (of 2) will sort array 62
Thread 0 (of 2) will sort array 63
Thread 0 (of 2) will sort array 64
Thread 0 (of 2) will sort array 70
Thread 1 (of 2) will sort array 66
Thread 1 (of 2) will sort array 67
Thread 1 (of 2) will sort array 68
Thread 1 (of 2) will sort array 69
Thread 1 (of 2) will sort array 75
Thread 0 (of 2) will sort array 71
Thread 0 (of 2) will sort array 72
Thread 0 (of 2) will sort array 73
Thread 0 (of 2) will sort array 74
Thread 0 (of 2) will sort array 80
Thread 1 (of 2) will sort array 76
Thread 1 (of 2) will sort array 77
Thread 1 (of 2) will sort array 78
Thread 1 (of 2) will sort array 79
Thread 1 (of 2) will sort array 85
Thread 0 (of 2) will sort array 81
Thread 0 (of 2) will sort array 82
Thread 0 (of 2) will sort array 83
Thread 0 (of 2) will sort array 84
Thread 0 (of 2) will sort array 90
Thread 1 (of 2) will sort array 86
Thread 1 (of 2) will sort array 87
Thread 1 (of 2) will sort array 88
Thread 1 (of 2) will sort array 89
Thread 1 (of 2) will sort array 95
Thread 0 (of 2) will sort array 91
Thread 0 (of 2) will sort array 92
Thread 0 (of 2) will sort array 93
Thread 0 (of 2) will sort array 94
Thread 0 (of 2) will sort array 100
Thread 1 (of 2) will sort array 96
Thread 1 (of 2) will sort array 97
Thread 1 (of 2) will sort array 98
Thread 1 (of 2) will sort array 99
Thread 1 (of 2) will sort array 105
Thread 0 (of 2) will sort array 101
Thread 0 (of 2) will sort array 102
Thread 0 (of 2) will sort array 103
Thread 0 (of 2) will sort array 104
Thread 0 (of 2) will sort array 110
Thread 1 (of 2) will sort array 106
Thread 1 (of 2) will sort array 107
Thread 1 (of 2) will sort array 108
Thread 1 (of 2) will sort array 109
Thread 1 (of 2) will sort array 115
Thread 0 (of 2) will sort array 111
Thread 0 (of 2) will sort array 112
Thread 0 (of 2) will sort array 113
Thread 0 (of 2) will sort array 114
Thread 0 (of 2) will sort array 120
Thread 1 (of 2) will sort array 116
Thread 1 (of 2) will sort array 117
Thread 1 (of 2) will sort array 118
Thread 1 (of 2) will sort array 119
Thread 1 (of 2) will sort array 125
Thread 0 (of 2) will sort array 121
Thread 0 (of 2) will sort array 122
Thread 0 (of 2) will sort array 123
Thread 0 (of 2) will sort array 124
Thread 0 (of 2) will sort array 130
Thread 1 (of 2) will sort array 126
Thread 1 (of 2) will sort array 127
Thread 1 (of 2) will sort array 128
Thread 1 (of 2) will sort array 129
Thread 1 (of 2) will sort array 135
Thread 0 (of 2) will sort array 131
Thread 0 (of 2) will sort array 132
Thread 0 (of 2) will sort array 133
Thread 0 (of 2) will sort array 134
Thread 0 (of 2) will sort array 140
Thread 1 (of 2) will sort array 136
Thread 1 (of 2) will sort array 137
Thread 1 (of 2) will sort array 138
Thread 1 (of 2) will sort array 139
Thread 1 (of 2) will sort array 145
Thread 0 (of 2) will sort array 141
Thread 0 (of 2) will sort array 142
Thread 0 (of 2) will sort array 143
Thread 0 (of 2) will sort array 144
Thread 1 (of 2) will sort array 146
Thread 1 (of 2) will sort array 147
Thread 1 (of 2) will sort array 148
Thread 1 (of 2) will sort array 149
Tempo: 2.034831, array: 5000

thread 0, executed: 75
thread 1, executed: 75

-------
Will start sorting with arrays with size: 7500
Thread 0 (of 2) will sort array 0
Thread 1 (of 2) will sort array 5
Thread 1 (of 2) will sort array 6
Thread 1 (of 2) will sort array 7
Thread 1 (of 2) will sort array 8
Thread 1 (of 2) will sort array 9
Thread 1 (of 2) will sort array 15
Thread 0 (of 2) will sort array 1
Thread 0 (of 2) will sort array 2
Thread 0 (of 2) will sort array 3
Thread 0 (of 2) will sort array 4
Thread 0 (of 2) will sort array 10
Thread 1 (of 2) will sort array 16
Thread 1 (of 2) will sort array 17
Thread 1 (of 2) will sort array 18
Thread 1 (of 2) will sort array 19
Thread 1 (of 2) will sort array 25
Thread 0 (of 2) will sort array 11
Thread 0 (of 2) will sort array 12
Thread 0 (of 2) will sort array 13
Thread 0 (of 2) will sort array 14
Thread 0 (of 2) will sort array 20
Thread 1 (of 2) will sort array 26
Thread 1 (of 2) will sort array 27
Thread 1 (of 2) will sort array 28
Thread 1 (of 2) will sort array 29
Thread 1 (of 2) will sort array 35
Thread 0 (of 2) will sort array 21
Thread 0 (of 2) will sort array 22
Thread 0 (of 2) will sort array 23
Thread 0 (of 2) will sort array 24
Thread 0 (of 2) will sort array 30
Thread 1 (of 2) will sort array 36
Thread 1 (of 2) will sort array 37
Thread 1 (of 2) will sort array 38
Thread 1 (of 2) will sort array 39
Thread 1 (of 2) will sort array 45
Thread 0 (of 2) will sort array 31
Thread 0 (of 2) will sort array 32
Thread 0 (of 2) will sort array 33
Thread 0 (of 2) will sort array 34
Thread 0 (of 2) will sort array 40
Thread 1 (of 2) will sort array 46
Thread 1 (of 2) will sort array 47
Thread 1 (of 2) will sort array 48
Thread 1 (of 2) will sort array 49
Thread 1 (of 2) will sort array 55
Thread 0 (of 2) will sort array 41
Thread 0 (of 2) will sort array 42
Thread 0 (of 2) will sort array 43
Thread 0 (of 2) will sort array 44
Thread 0 (of 2) will sort array 50
Thread 1 (of 2) will sort array 56
Thread 1 (of 2) will sort array 57
Thread 1 (of 2) will sort array 58
Thread 1 (of 2) will sort array 59
Thread 1 (of 2) will sort array 65
Thread 0 (of 2) will sort array 51
Thread 0 (of 2) will sort array 52
Thread 0 (of 2) will sort array 53
Thread 0 (of 2) will sort array 54
Thread 0 (of 2) will sort array 60
Thread 1 (of 2) will sort array 66
Thread 1 (of 2) will sort array 67
Thread 1 (of 2) will sort array 68
Thread 1 (of 2) will sort array 69
Thread 1 (of 2) will sort array 75
Thread 0 (of 2) will sort array 61
Thread 0 (of 2) will sort array 62
Thread 0 (of 2) will sort array 63
Thread 0 (of 2) will sort array 64
Thread 0 (of 2) will sort array 70
Thread 1 (of 2) will sort array 76
Thread 1 (of 2) will sort array 77
Thread 1 (of 2) will sort array 78
Thread 1 (of 2) will sort array 79
Thread 1 (of 2) will sort array 85
Thread 0 (of 2) will sort array 71
Thread 0 (of 2) will sort array 72
Thread 0 (of 2) will sort array 73
Thread 0 (of 2) will sort array 74
Thread 0 (of 2) will sort array 80
Thread 1 (of 2) will sort array 86
Thread 1 (of 2) will sort array 87
Thread 1 (of 2) will sort array 88
Thread 1 (of 2) will sort array 89
Thread 1 (of 2) will sort array 95
Thread 0 (of 2) will sort array 81
Thread 0 (of 2) will sort array 82
Thread 0 (of 2) will sort array 83
Thread 0 (of 2) will sort array 84
Thread 0 (of 2) will sort array 90
Thread 1 (of 2) will sort array 96
Thread 1 (of 2) will sort array 97
Thread 1 (of 2) will sort array 98
Thread 1 (of 2) will sort array 99
Thread 1 (of 2) will sort array 105
Thread 0 (of 2) will sort array 91
Thread 0 (of 2) will sort array 92
Thread 0 (of 2) will sort array 93
Thread 0 (of 2) will sort array 94
Thread 0 (of 2) will sort array 100
Thread 1 (of 2) will sort array 106
Thread 1 (of 2) will sort array 107
Thread 1 (of 2) will sort array 108
Thread 1 (of 2) will sort array 109
Thread 1 (of 2) will sort array 115
Thread 0 (of 2) will sort array 101
Thread 0 (of 2) will sort array 102
Thread 0 (of 2) will sort array 103
Thread 0 (of 2) will sort array 104
Thread 0 (of 2) will sort array 110
Thread 1 (of 2) will sort array 116
Thread 1 (of 2) will sort array 117
Thread 1 (of 2) will sort array 118
Thread 1 (of 2) will sort array 119
Thread 1 (of 2) will sort array 125
Thread 0 (of 2) will sort array 111
Thread 0 (of 2) will sort array 112
Thread 0 (of 2) will sort array 113
Thread 0 (of 2) will sort array 114
Thread 0 (of 2) will sort array 120
Thread 1 (of 2) will sort array 126
Thread 1 (of 2) will sort array 127
Thread 1 (of 2) will sort array 128
Thread 1 (of 2) will sort array 129
Thread 1 (of 2) will sort array 135
Thread 0 (of 2) will sort array 121
Thread 0 (of 2) will sort array 122
Thread 0 (of 2) will sort array 123
Thread 0 (of 2) will sort array 124
Thread 0 (of 2) will sort array 130
Thread 1 (of 2) will sort array 136
Thread 1 (of 2) will sort array 137
Thread 1 (of 2) will sort array 138
Thread 1 (of 2) will sort array 139
Thread 1 (of 2) will sort array 145
Thread 0 (of 2) will sort array 131
Thread 0 (of 2) will sort array 132
Thread 0 (of 2) will sort array 133
Thread 0 (of 2) will sort array 134
Thread 0 (of 2) will sort array 140
Thread 1 (of 2) will sort array 146
Thread 1 (of 2) will sort array 147
Thread 1 (of 2) will sort array 148
Thread 1 (of 2) will sort array 149
Thread 0 (of 2) will sort array 141
Thread 0 (of 2) will sort array 142
Thread 0 (of 2) will sort array 143
Thread 0 (of 2) will sort array 144
Tempo: 3.948611, array: 7500

thread 0, executed: 75
thread 1, executed: 75

-------
Will start sorting with arrays with size: 10000
Thread 0 (of 2) will sort array 0
Thread 1 (of 2) will sort array 5
Thread 0 (of 2) will sort array 1
Thread 0 (of 2) will sort array 2
Thread 0 (of 2) will sort array 3
Thread 0 (of 2) will sort array 4
Thread 0 (of 2) will sort array 10
Thread 1 (of 2) will sort array 6
Thread 1 (of 2) will sort array 7
Thread 1 (of 2) will sort array 8
Thread 1 (of 2) will sort array 9
Thread 1 (of 2) will sort array 15
Thread 0 (of 2) will sort array 11
Thread 0 (of 2) will sort array 12
Thread 0 (of 2) will sort array 13
Thread 0 (of 2) will sort array 14
Thread 0 (of 2) will sort array 20
Thread 1 (of 2) will sort array 16
Thread 1 (of 2) will sort array 17
Thread 1 (of 2) will sort array 18
Thread 1 (of 2) will sort array 19
Thread 1 (of 2) will sort array 25
Thread 0 (of 2) will sort array 21
Thread 0 (of 2) will sort array 22
Thread 0 (of 2) will sort array 23
Thread 0 (of 2) will sort array 24
Thread 0 (of 2) will sort array 30
Thread 1 (of 2) will sort array 26
Thread 1 (of 2) will sort array 27
Thread 1 (of 2) will sort array 28
Thread 1 (of 2) will sort array 29
Thread 1 (of 2) will sort array 35
Thread 0 (of 2) will sort array 31
Thread 0 (of 2) will sort array 32
Thread 0 (of 2) will sort array 33
Thread 0 (of 2) will sort array 34
Thread 0 (of 2) will sort array 40
Thread 1 (of 2) will sort array 36
Thread 1 (of 2) will sort array 37
Thread 1 (of 2) will sort array 38
Thread 1 (of 2) will sort array 39
Thread 1 (of 2) will sort array 45
Thread 0 (of 2) will sort array 41
Thread 0 (of 2) will sort array 42
Thread 0 (of 2) will sort array 43
Thread 0 (of 2) will sort array 44
Thread 0 (of 2) will sort array 50
Thread 1 (of 2) will sort array 46
Thread 1 (of 2) will sort array 47
Thread 1 (of 2) will sort array 48
Thread 1 (of 2) will sort array 49
Thread 1 (of 2) will sort array 55
Thread 0 (of 2) will sort array 51
Thread 0 (of 2) will sort array 52
Thread 0 (of 2) will sort array 53
Thread 0 (of 2) will sort array 54
Thread 0 (of 2) will sort array 60
Thread 1 (of 2) will sort array 56
Thread 1 (of 2) will sort array 57
Thread 1 (of 2) will sort array 58
Thread 1 (of 2) will sort array 59
Thread 1 (of 2) will sort array 65
Thread 0 (of 2) will sort array 61
Thread 0 (of 2) will sort array 62
Thread 0 (of 2) will sort array 63
Thread 0 (of 2) will sort array 64
Thread 0 (of 2) will sort array 70
Thread 1 (of 2) will sort array 66
Thread 1 (of 2) will sort array 67
Thread 1 (of 2) will sort array 68
Thread 1 (of 2) will sort array 69
Thread 1 (of 2) will sort array 75
Thread 0 (of 2) will sort array 71
Thread 0 (of 2) will sort array 72
Thread 0 (of 2) will sort array 73
Thread 0 (of 2) will sort array 74
Thread 0 (of 2) will sort array 80
Thread 1 (of 2) will sort array 76
Thread 1 (of 2) will sort array 77
Thread 1 (of 2) will sort array 78
Thread 1 (of 2) will sort array 79
Thread 1 (of 2) will sort array 85
Thread 0 (of 2) will sort array 81
Thread 0 (of 2) will sort array 82
Thread 0 (of 2) will sort array 83
Thread 0 (of 2) will sort array 84
Thread 0 (of 2) will sort array 90
Thread 1 (of 2) will sort array 86
Thread 1 (of 2) will sort array 87
Thread 1 (of 2) will sort array 88
Thread 1 (of 2) will sort array 89
Thread 1 (of 2) will sort array 95
Thread 0 (of 2) will sort array 91
Thread 0 (of 2) will sort array 92
Thread 0 (of 2) will sort array 93
Thread 0 (of 2) will sort array 94
Thread 0 (of 2) will sort array 100
Thread 1 (of 2) will sort array 96
Thread 1 (of 2) will sort array 97
Thread 1 (of 2) will sort array 98
Thread 1 (of 2) will sort array 99
Thread 1 (of 2) will sort array 105
Thread 0 (of 2) will sort array 101
Thread 0 (of 2) will sort array 102
Thread 0 (of 2) will sort array 103
Thread 0 (of 2) will sort array 104
Thread 0 (of 2) will sort array 110
Thread 1 (of 2) will sort array 106
Thread 1 (of 2) will sort array 107
Thread 1 (of 2) will sort array 108
Thread 1 (of 2) will sort array 109
Thread 1 (of 2) will sort array 115
Thread 0 (of 2) will sort array 111
Thread 0 (of 2) will sort array 112
Thread 0 (of 2) will sort array 113
Thread 0 (of 2) will sort array 114
Thread 0 (of 2) will sort array 120
Thread 1 (of 2) will sort array 116
Thread 1 (of 2) will sort array 117
Thread 1 (of 2) will sort array 118
Thread 1 (of 2) will sort array 119
Thread 1 (of 2) will sort array 125
Thread 0 (of 2) will sort array 121
Thread 0 (of 2) will sort array 122
Thread 0 (of 2) will sort array 123
Thread 0 (of 2) will sort array 124
Thread 0 (of 2) will sort array 130
Thread 1 (of 2) will sort array 126
Thread 1 (of 2) will sort array 127
Thread 1 (of 2) will sort array 128
Thread 1 (of 2) will sort array 129
Thread 1 (of 2) will sort array 135
Thread 0 (of 2) will sort array 131
Thread 0 (of 2) will sort array 132
Thread 0 (of 2) will sort array 133
Thread 0 (of 2) will sort array 134
Thread 0 (of 2) will sort array 140
Thread 1 (of 2) will sort array 136
Thread 1 (of 2) will sort array 137
Thread 1 (of 2) will sort array 138
Thread 1 (of 2) will sort array 139
Thread 1 (of 2) will sort array 145
Thread 0 (of 2) will sort array 141
Thread 0 (of 2) will sort array 142
Thread 0 (of 2) will sort array 143
Thread 0 (of 2) will sort array 144
Thread 1 (of 2) will sort array 146
Thread 1 (of 2) will sort array 147
Thread 1 (of 2) will sort array 148
Thread 1 (of 2) will sort array 149
Tempo: 6.882311, array: 10000

thread 0, executed: 75
thread 1, executed: 75

-------
Will start sorting with arrays with size: 12500
Thread 1 (of 2) will sort array 5
Thread 0 (of 2) will sort array 0
Thread 1 (of 2) will sort array 6
Thread 1 (of 2) will sort array 7
Thread 1 (of 2) will sort array 8
Thread 1 (of 2) will sort array 9
Thread 1 (of 2) will sort array 15
Thread 0 (of 2) will sort array 1
Thread 0 (of 2) will sort array 2
Thread 0 (of 2) will sort array 3
Thread 0 (of 2) will sort array 4
Thread 0 (of 2) will sort array 10
Thread 1 (of 2) will sort array 16
Thread 1 (of 2) will sort array 17
Thread 1 (of 2) will sort array 18
Thread 1 (of 2) will sort array 19
Thread 1 (of 2) will sort array 25
Thread 0 (of 2) will sort array 11
Thread 0 (of 2) will sort array 12
Thread 0 (of 2) will sort array 13
Thread 0 (of 2) will sort array 14
Thread 0 (of 2) will sort array 20
Thread 1 (of 2) will sort array 26
Thread 1 (of 2) will sort array 27
Thread 1 (of 2) will sort array 28
Thread 1 (of 2) will sort array 29
Thread 1 (of 2) will sort array 35
Thread 0 (of 2) will sort array 21
Thread 0 (of 2) will sort array 22
Thread 0 (of 2) will sort array 23
Thread 0 (of 2) will sort array 24
Thread 0 (of 2) will sort array 30
Thread 1 (of 2) will sort array 36
Thread 1 (of 2) will sort array 37
Thread 1 (of 2) will sort array 38
Thread 1 (of 2) will sort array 39
Thread 1 (of 2) will sort array 45
Thread 0 (of 2) will sort array 31
Thread 0 (of 2) will sort array 32
Thread 0 (of 2) will sort array 33
Thread 0 (of 2) will sort array 34
Thread 0 (of 2) will sort array 40
Thread 1 (of 2) will sort array 46
Thread 1 (of 2) will sort array 47
Thread 1 (of 2) will sort array 48
Thread 1 (of 2) will sort array 49
Thread 1 (of 2) will sort array 55
Thread 0 (of 2) will sort array 41
Thread 0 (of 2) will sort array 42
Thread 0 (of 2) will sort array 43
Thread 0 (of 2) will sort array 44
Thread 0 (of 2) will sort array 50
Thread 1 (of 2) will sort array 56
Thread 1 (of 2) will sort array 57
Thread 1 (of 2) will sort array 58
Thread 1 (of 2) will sort array 59
Thread 1 (of 2) will sort array 65
Thread 0 (of 2) will sort array 51
Thread 0 (of 2) will sort array 52
Thread 0 (of 2) will sort array 53
Thread 0 (of 2) will sort array 54
Thread 0 (of 2) will sort array 60
Thread 1 (of 2) will sort array 66
Thread 1 (of 2) will sort array 67
Thread 1 (of 2) will sort array 68
Thread 1 (of 2) will sort array 69
Thread 1 (of 2) will sort array 75
Thread 0 (of 2) will sort array 61
Thread 0 (of 2) will sort array 62
Thread 0 (of 2) will sort array 63
Thread 0 (of 2) will sort array 64
Thread 0 (of 2) will sort array 70
Thread 1 (of 2) will sort array 76
Thread 1 (of 2) will sort array 77
Thread 1 (of 2) will sort array 78
Thread 1 (of 2) will sort array 79
Thread 1 (of 2) will sort array 85
Thread 0 (of 2) will sort array 71
Thread 0 (of 2) will sort array 72
Thread 0 (of 2) will sort array 73
Thread 0 (of 2) will sort array 74
Thread 0 (of 2) will sort array 80
Thread 1 (of 2) will sort array 86
Thread 1 (of 2) will sort array 87
Thread 1 (of 2) will sort array 88
Thread 1 (of 2) will sort array 89
Thread 1 (of 2) will sort array 95
Thread 0 (of 2) will sort array 81
Thread 0 (of 2) will sort array 82
Thread 0 (of 2) will sort array 83
Thread 0 (of 2) will sort array 84
Thread 0 (of 2) will sort array 90
Thread 1 (of 2) will sort array 96
Thread 1 (of 2) will sort array 97
Thread 1 (of 2) will sort array 98
Thread 1 (of 2) will sort array 99
Thread 1 (of 2) will sort array 105
Thread 0 (of 2) will sort array 91
Thread 0 (of 2) will sort array 92
Thread 0 (of 2) will sort array 93
Thread 0 (of 2) will sort array 94
Thread 0 (of 2) will sort array 100
Thread 1 (of 2) will sort array 106
Thread 1 (of 2) will sort array 107
Thread 1 (of 2) will sort array 108
Thread 1 (of 2) will sort array 109
Thread 1 (of 2) will sort array 115
Thread 0 (of 2) will sort array 101
Thread 0 (of 2) will sort array 102
Thread 0 (of 2) will sort array 103
Thread 0 (of 2) will sort array 104
Thread 0 (of 2) will sort array 110
Thread 1 (of 2) will sort array 116
Thread 1 (of 2) will sort array 117
Thread 1 (of 2) will sort array 118
Thread 1 (of 2) will sort array 119
Thread 1 (of 2) will sort array 125
Thread 0 (of 2) will sort array 111
Thread 0 (of 2) will sort array 112
Thread 0 (of 2) will sort array 113
Thread 0 (of 2) will sort array 114
Thread 0 (of 2) will sort array 120
Thread 1 (of 2) will sort array 126
Thread 1 (of 2) will sort array 127
Thread 1 (of 2) will sort array 128
Thread 1 (of 2) will sort array 129
Thread 1 (of 2) will sort array 135
Thread 0 (of 2) will sort array 121
Thread 0 (of 2) will sort array 122
Thread 0 (of 2) will sort array 123
Thread 0 (of 2) will sort array 124
Thread 0 (of 2) will sort array 130
Thread 1 (of 2) will sort array 136
Thread 1 (of 2) will sort array 137
Thread 1 (of 2) will sort array 138
Thread 1 (of 2) will sort array 139
Thread 1 (of 2) will sort array 145
Thread 0 (of 2) will sort array 131
Thread 0 (of 2) will sort array 132
Thread 0 (of 2) will sort array 133
Thread 0 (of 2) will sort array 134
Thread 0 (of 2) will sort array 140
Thread 1 (of 2) will sort array 146
Thread 1 (of 2) will sort array 147
Thread 1 (of 2) will sort array 148
Thread 1 (of 2) will sort array 149
Thread 0 (of 2) will sort array 141
Thread 0 (of 2) will sort array 142
Thread 0 (of 2) will sort array 143
Thread 0 (of 2) will sort array 144
Tempo: 10.702570, array: 12500

thread 0, executed: 75
thread 1, executed: 75

-------
Will start sorting with arrays with size: 15000
Thread 0 (of 2) will sort array 0
Thread 1 (of 2) will sort array 5
Thread 0 (of 2) will sort array 1
Thread 0 (of 2) will sort array 2
Thread 0 (of 2) will sort array 3
Thread 0 (of 2) will sort array 4
Thread 0 (of 2) will sort array 10
Thread 1 (of 2) will sort array 6
Thread 1 (of 2) will sort array 7
Thread 1 (of 2) will sort array 8
Thread 1 (of 2) will sort array 9
Thread 1 (of 2) will sort array 15
Thread 0 (of 2) will sort array 11
Thread 0 (of 2) will sort array 12
Thread 0 (of 2) will sort array 13
Thread 1 (of 2) will sort array 16
Thread 0 (of 2) will sort array 14
Thread 1 (of 2) will sort array 17
Thread 0 (of 2) will sort array 20
Thread 1 (of 2) will sort array 18
Thread 1 (of 2) will sort array 19
Thread 1 (of 2) will sort array 25
Thread 1 (of 2) will sort array 26
Thread 1 (of 2) will sort array 27
Thread 1 (of 2) will sort array 28
Thread 1 (of 2) will sort array 29
Thread 1 (of 2) will sort array 35
Thread 0 (of 2) will sort array 21
Thread 0 (of 2) will sort array 22
Thread 0 (of 2) will sort array 23
Thread 0 (of 2) will sort array 24
Thread 0 (of 2) will sort array 30
Thread 1 (of 2) will sort array 36
Thread 1 (of 2) will sort array 37
Thread 1 (of 2) will sort array 38
Thread 1 (of 2) will sort array 39
Thread 1 (of 2) will sort array 45
Thread 0 (of 2) will sort array 31
Thread 0 (of 2) will sort array 32
Thread 0 (of 2) will sort array 33
Thread 0 (of 2) will sort array 34
Thread 0 (of 2) will sort array 40
Thread 1 (of 2) will sort array 46
Thread 1 (of 2) will sort array 47
Thread 1 (of 2) will sort array 48
Thread 1 (of 2) will sort array 49
Thread 1 (of 2) will sort array 55
Thread 0 (of 2) will sort array 41
Thread 0 (of 2) will sort array 42
Thread 0 (of 2) will sort array 43
Thread 0 (of 2) will sort array 44
Thread 0 (of 2) will sort array 50
Thread 1 (of 2) will sort array 56
Thread 1 (of 2) will sort array 57
Thread 1 (of 2) will sort array 58
Thread 1 (of 2) will sort array 59
Thread 1 (of 2) will sort array 65
Thread 0 (of 2) will sort array 51
Thread 0 (of 2) will sort array 52
Thread 0 (of 2) will sort array 53
Thread 0 (of 2) will sort array 54
Thread 0 (of 2) will sort array 60
Thread 1 (of 2) will sort array 66
Thread 1 (of 2) will sort array 67
Thread 1 (of 2) will sort array 68
Thread 1 (of 2) will sort array 69
Thread 1 (of 2) will sort array 75
Thread 0 (of 2) will sort array 61
Thread 0 (of 2) will sort array 62
Thread 0 (of 2) will sort array 63
Thread 0 (of 2) will sort array 64
Thread 0 (of 2) will sort array 70
Thread 1 (of 2) will sort array 76
Thread 1 (of 2) will sort array 77
Thread 1 (of 2) will sort array 78
Thread 1 (of 2) will sort array 79
Thread 1 (of 2) will sort array 85
Thread 0 (of 2) will sort array 71
Thread 0 (of 2) will sort array 72
Thread 0 (of 2) will sort array 73
Thread 0 (of 2) will sort array 74
Thread 0 (of 2) will sort array 80
Thread 1 (of 2) will sort array 86
Thread 1 (of 2) will sort array 87
Thread 1 (of 2) will sort array 88
Thread 1 (of 2) will sort array 89
Thread 1 (of 2) will sort array 95
Thread 0 (of 2) will sort array 81
Thread 0 (of 2) will sort array 82
Thread 0 (of 2) will sort array 83
Thread 0 (of 2) will sort array 84
Thread 0 (of 2) will sort array 90
Thread 1 (of 2) will sort array 96
Thread 1 (of 2) will sort array 97
Thread 1 (of 2) will sort array 98
Thread 1 (of 2) will sort array 99
Thread 1 (of 2) will sort array 105
Thread 0 (of 2) will sort array 91
Thread 0 (of 2) will sort array 92
Thread 0 (of 2) will sort array 93
Thread 0 (of 2) will sort array 94
Thread 0 (of 2) will sort array 100
Thread 1 (of 2) will sort array 106
Thread 1 (of 2) will sort array 107
Thread 1 (of 2) will sort array 108
Thread 1 (of 2) will sort array 109
Thread 1 (of 2) will sort array 115
Thread 0 (of 2) will sort array 101
Thread 0 (of 2) will sort array 102
Thread 0 (of 2) will sort array 103
Thread 0 (of 2) will sort array 104
Thread 0 (of 2) will sort array 110
Thread 1 (of 2) will sort array 116
Thread 1 (of 2) will sort array 117
Thread 1 (of 2) will sort array 118
Thread 1 (of 2) will sort array 119
Thread 1 (of 2) will sort array 125
Thread 0 (of 2) will sort array 111
Thread 0 (of 2) will sort array 112
Thread 0 (of 2) will sort array 113
Thread 0 (of 2) will sort array 114
Thread 0 (of 2) will sort array 120
Thread 1 (of 2) will sort array 126
Thread 1 (of 2) will sort array 127
Thread 1 (of 2) will sort array 128
Thread 1 (of 2) will sort array 129
Thread 1 (of 2) will sort array 135
Thread 0 (of 2) will sort array 121
Thread 0 (of 2) will sort array 122
Thread 0 (of 2) will sort array 123
Thread 0 (of 2) will sort array 124
Thread 0 (of 2) will sort array 130
Thread 1 (of 2) will sort array 136
Thread 1 (of 2) will sort array 137
Thread 1 (of 2) will sort array 138
Thread 1 (of 2) will sort array 139
Thread 1 (of 2) will sort array 145
Thread 0 (of 2) will sort array 131
Thread 0 (of 2) will sort array 132
Thread 0 (of 2) will sort array 133
Thread 0 (of 2) will sort array 134
Thread 0 (of 2) will sort array 140
Thread 1 (of 2) will sort array 146
Thread 1 (of 2) will sort array 147
Thread 1 (of 2) will sort array 148
Thread 1 (of 2) will sort array 149
Thread 0 (of 2) will sort array 141
Thread 0 (of 2) will sort array 142
Thread 0 (of 2) will sort array 143
Thread 0 (of 2) will sort array 144
Tempo: 15.352631, array: 15000

thread 0, executed: 75
thread 1, executed: 75

-------
Will start sorting with arrays with size: 17500
Thread 0 (of 2) will sort array 0
Thread 1 (of 2) will sort array 5
Thread 1 (of 2) will sort array 6
Thread 1 (of 2) will sort array 7
Thread 1 (of 2) will sort array 8
Thread 1 (of 2) will sort array 9
Thread 1 (of 2) will sort array 15
Thread 0 (of 2) will sort array 1
Thread 0 (of 2) will sort array 2
Thread 0 (of 2) will sort array 3
Thread 0 (of 2) will sort array 4
Thread 0 (of 2) will sort array 10
Thread 1 (of 2) will sort array 16
Thread 1 (of 2) will sort array 17
Thread 1 (of 2) will sort array 18
Thread 1 (of 2) will sort array 19
Thread 1 (of 2) will sort array 25
Thread 0 (of 2) will sort array 11
Thread 0 (of 2) will sort array 12
Thread 0 (of 2) will sort array 13
Thread 0 (of 2) will sort array 14
Thread 0 (of 2) will sort array 20
Thread 1 (of 2) will sort array 26
Thread 1 (of 2) will sort array 27
Thread 1 (of 2) will sort array 28
Thread 1 (of 2) will sort array 29
Thread 1 (of 2) will sort array 35
Thread 0 (of 2) will sort array 21
Thread 0 (of 2) will sort array 22
Thread 0 (of 2) will sort array 23
Thread 0 (of 2) will sort array 24
Thread 0 (of 2) will sort array 30
Thread 1 (of 2) will sort array 36
Thread 1 (of 2) will sort array 37
Thread 1 (of 2) will sort array 38
Thread 1 (of 2) will sort array 39
Thread 1 (of 2) will sort array 45
Thread 0 (of 2) will sort array 31
Thread 0 (of 2) will sort array 32
Thread 0 (of 2) will sort array 33
Thread 0 (of 2) will sort array 34
Thread 0 (of 2) will sort array 40
Thread 1 (of 2) will sort array 46
Thread 1 (of 2) will sort array 47
Thread 1 (of 2) will sort array 48
Thread 1 (of 2) will sort array 49
Thread 1 (of 2) will sort array 55
Thread 0 (of 2) will sort array 41
Thread 0 (of 2) will sort array 42
Thread 0 (of 2) will sort array 43
Thread 0 (of 2) will sort array 44
Thread 0 (of 2) will sort array 50
Thread 1 (of 2) will sort array 56
Thread 1 (of 2) will sort array 57
Thread 0 (of 2) will sort array 51
Thread 1 (of 2) will sort array 58
Thread 0 (of 2) will sort array 52
Thread 0 (of 2) will sort array 53
Thread 1 (of 2) will sort array 59
Thread 0 (of 2) will sort array 54
Thread 1 (of 2) will sort array 65
Thread 0 (of 2) will sort array 60
Thread 1 (of 2) will sort array 66
Thread 1 (of 2) will sort array 67
Thread 1 (of 2) will sort array 68
Thread 1 (of 2) will sort array 69
Thread 1 (of 2) will sort array 75
Thread 0 (of 2) will sort array 61
Thread 0 (of 2) will sort array 62
Thread 0 (of 2) will sort array 63
Thread 0 (of 2) will sort array 64
Thread 0 (of 2) will sort array 70
Thread 1 (of 2) will sort array 76
Thread 1 (of 2) will sort array 77
Thread 1 (of 2) will sort array 78
Thread 1 (of 2) will sort array 79
Thread 1 (of 2) will sort array 85
Thread 0 (of 2) will sort array 71
Thread 0 (of 2) will sort array 72
Thread 0 (of 2) will sort array 73
Thread 0 (of 2) will sort array 74
Thread 0 (of 2) will sort array 80
Thread 1 (of 2) will sort array 86
Thread 1 (of 2) will sort array 87
Thread 1 (of 2) will sort array 88
Thread 1 (of 2) will sort array 89
Thread 1 (of 2) will sort array 95
Thread 0 (of 2) will sort array 81
Thread 0 (of 2) will sort array 82
Thread 0 (of 2) will sort array 83
Thread 0 (of 2) will sort array 84
Thread 0 (of 2) will sort array 90
Thread 1 (of 2) will sort array 96
Thread 1 (of 2) will sort array 97
Thread 1 (of 2) will sort array 98
Thread 1 (of 2) will sort array 99
Thread 1 (of 2) will sort array 105
Thread 0 (of 2) will sort array 91
Thread 0 (of 2) will sort array 92
Thread 0 (of 2) will sort array 93
Thread 0 (of 2) will sort array 94
Thread 0 (of 2) will sort array 100
Thread 1 (of 2) will sort array 106
Thread 1 (of 2) will sort array 107
Thread 1 (of 2) will sort array 108
Thread 1 (of 2) will sort array 109
Thread 1 (of 2) will sort array 115
Thread 0 (of 2) will sort array 101
Thread 0 (of 2) will sort array 102
Thread 0 (of 2) will sort array 103
Thread 0 (of 2) will sort array 104
Thread 0 (of 2) will sort array 110
Thread 1 (of 2) will sort array 116
Thread 1 (of 2) will sort array 117
Thread 1 (of 2) will sort array 118
Thread 1 (of 2) will sort array 119
Thread 1 (of 2) will sort array 125
Thread 0 (of 2) will sort array 111
Thread 0 (of 2) will sort array 112
Thread 0 (of 2) will sort array 113
Thread 0 (of 2) will sort array 114
Thread 0 (of 2) will sort array 120
Thread 1 (of 2) will sort array 126
Thread 1 (of 2) will sort array 127
Thread 1 (of 2) will sort array 128
Thread 1 (of 2) will sort array 129
Thread 1 (of 2) will sort array 135
Thread 0 (of 2) will sort array 121
Thread 0 (of 2) will sort array 122
Thread 0 (of 2) will sort array 123
Thread 0 (of 2) will sort array 124
Thread 0 (of 2) will sort array 130
Thread 1 (of 2) will sort array 136
Thread 1 (of 2) will sort array 137
Thread 1 (of 2) will sort array 138
Thread 1 (of 2) will sort array 139
Thread 1 (of 2) will sort array 145
Thread 0 (of 2) will sort array 131
Thread 0 (of 2) will sort array 132
Thread 0 (of 2) will sort array 133
Thread 0 (of 2) will sort array 134
Thread 0 (of 2) will sort array 140
Thread 1 (of 2) will sort array 146
Thread 1 (of 2) will sort array 147
Thread 1 (of 2) will sort array 148
Thread 1 (of 2) will sort array 149
Thread 0 (of 2) will sort array 141
Thread 0 (of 2) will sort array 142
Thread 0 (of 2) will sort array 143
Thread 0 (of 2) will sort array 144
Tempo: 20.631056, array: 17500

thread 0, executed: 75
thread 1, executed: 75

-------
Will start sorting with arrays with size: 20000
Thread 0 (of 2) will sort array 0
Thread 1 (of 2) will sort array 5
Thread 0 (of 2) will sort array 1
Thread 0 (of 2) will sort array 2
Thread 0 (of 2) will sort array 3
Thread 0 (of 2) will sort array 4
Thread 0 (of 2) will sort array 10
Thread 1 (of 2) will sort array 6
Thread 1 (of 2) will sort array 7
Thread 1 (of 2) will sort array 8
Thread 1 (of 2) will sort array 9
Thread 1 (of 2) will sort array 15
Thread 0 (of 2) will sort array 11
Thread 0 (of 2) will sort array 12
Thread 0 (of 2) will sort array 13
Thread 0 (of 2) will sort array 14
Thread 0 (of 2) will sort array 20
Thread 1 (of 2) will sort array 16
Thread 1 (of 2) will sort array 17
Thread 1 (of 2) will sort array 18
Thread 1 (of 2) will sort array 19
Thread 1 (of 2) will sort array 25
Thread 0 (of 2) will sort array 21
Thread 0 (of 2) will sort array 22
Thread 0 (of 2) will sort array 23
Thread 0 (of 2) will sort array 24
Thread 0 (of 2) will sort array 30
Thread 1 (of 2) will sort array 26
Thread 1 (of 2) will sort array 27
Thread 1 (of 2) will sort array 28
Thread 1 (of 2) will sort array 29
Thread 1 (of 2) will sort array 35
Thread 0 (of 2) will sort array 31
Thread 0 (of 2) will sort array 32
Thread 0 (of 2) will sort array 33
Thread 0 (of 2) will sort array 34
Thread 0 (of 2) will sort array 40
Thread 1 (of 2) will sort array 36
Thread 1 (of 2) will sort array 37
Thread 1 (of 2) will sort array 38
Thread 1 (of 2) will sort array 39
Thread 1 (of 2) will sort array 45
Thread 0 (of 2) will sort array 41
Thread 0 (of 2) will sort array 42
Thread 0 (of 2) will sort array 43
Thread 0 (of 2) will sort array 44
Thread 0 (of 2) will sort array 50
Thread 1 (of 2) will sort array 46
Thread 1 (of 2) will sort array 47
Thread 1 (of 2) will sort array 48
Thread 1 (of 2) will sort array 49
Thread 1 (of 2) will sort array 55
Thread 0 (of 2) will sort array 51
Thread 0 (of 2) will sort array 52
Thread 0 (of 2) will sort array 53
Thread 0 (of 2) will sort array 54
Thread 0 (of 2) will sort array 60
Thread 1 (of 2) will sort array 56
Thread 1 (of 2) will sort array 57
Thread 1 (of 2) will sort array 58
Thread 1 (of 2) will sort array 59
Thread 1 (of 2) will sort array 65
Thread 0 (of 2) will sort array 61
Thread 0 (of 2) will sort array 62
Thread 0 (of 2) will sort array 63
Thread 0 (of 2) will sort array 64
Thread 0 (of 2) will sort array 70
Thread 1 (of 2) will sort array 66
Thread 1 (of 2) will sort array 67
Thread 1 (of 2) will sort array 68
Thread 1 (of 2) will sort array 69
Thread 1 (of 2) will sort array 75
Thread 0 (of 2) will sort array 71
Thread 0 (of 2) will sort array 72
Thread 0 (of 2) will sort array 73
Thread 0 (of 2) will sort array 74
Thread 0 (of 2) will sort array 80
Thread 1 (of 2) will sort array 76
Thread 1 (of 2) will sort array 77
Thread 1 (of 2) will sort array 78
Thread 1 (of 2) will sort array 79
Thread 1 (of 2) will sort array 85
Thread 0 (of 2) will sort array 81
Thread 0 (of 2) will sort array 82
Thread 0 (of 2) will sort array 83
Thread 0 (of 2) will sort array 84
Thread 0 (of 2) will sort array 90
Thread 1 (of 2) will sort array 86
Thread 1 (of 2) will sort array 87
Thread 1 (of 2) will sort array 88
Thread 1 (of 2) will sort array 89
Thread 1 (of 2) will sort array 95
Thread 0 (of 2) will sort array 91
Thread 0 (of 2) will sort array 92
Thread 0 (of 2) will sort array 93
Thread 0 (of 2) will sort array 94
Thread 0 (of 2) will sort array 100
Thread 1 (of 2) will sort array 96
Thread 1 (of 2) will sort array 97
Thread 1 (of 2) will sort array 98
Thread 1 (of 2) will sort array 99
Thread 1 (of 2) will sort array 105
Thread 0 (of 2) will sort array 101
Thread 0 (of 2) will sort array 102
Thread 0 (of 2) will sort array 103
Thread 0 (of 2) will sort array 104
Thread 0 (of 2) will sort array 110
Thread 1 (of 2) will sort array 106
Thread 1 (of 2) will sort array 107
Thread 1 (of 2) will sort array 108
Thread 1 (of 2) will sort array 109
Thread 1 (of 2) will sort array 115
Thread 0 (of 2) will sort array 111
Thread 0 (of 2) will sort array 112
Thread 0 (of 2) will sort array 113
Thread 0 (of 2) will sort array 114
Thread 0 (of 2) will sort array 120
Thread 1 (of 2) will sort array 116
Thread 1 (of 2) will sort array 117
Thread 1 (of 2) will sort array 118
Thread 1 (of 2) will sort array 119
Thread 1 (of 2) will sort array 125
Thread 0 (of 2) will sort array 121
Thread 0 (of 2) will sort array 122
Thread 0 (of 2) will sort array 123
Thread 0 (of 2) will sort array 124
Thread 0 (of 2) will sort array 130
Thread 1 (of 2) will sort array 126
Thread 1 (of 2) will sort array 127
Thread 1 (of 2) will sort array 128
Thread 1 (of 2) will sort array 129
Thread 1 (of 2) will sort array 135
Thread 0 (of 2) will sort array 131
Thread 0 (of 2) will sort array 132
Thread 0 (of 2) will sort array 133
Thread 0 (of 2) will sort array 134
Thread 0 (of 2) will sort array 140
Thread 1 (of 2) will sort array 136
Thread 1 (of 2) will sort array 137
Thread 1 (of 2) will sort array 138
Thread 1 (of 2) will sort array 139
Thread 1 (of 2) will sort array 145
Thread 0 (of 2) will sort array 141
Thread 0 (of 2) will sort array 142
Thread 0 (of 2) will sort array 143
Thread 0 (of 2) will sort array 144
Thread 1 (of 2) will sort array 146
Thread 1 (of 2) will sort array 147
Thread 1 (of 2) will sort array 148
Thread 1 (of 2) will sort array 149
Tempo: 27.116195, array: 20000

thread 0, executed: 75
thread 1, executed: 75

-------
Will start sorting with arrays with size: 22500
Thread 1 (of 2) will sort array 5
Thread 0 (of 2) will sort array 0
Thread 1 (of 2) will sort array 6
Thread 1 (of 2) will sort array 7
Thread 1 (of 2) will sort array 8
Thread 1 (of 2) will sort array 9
Thread 1 (of 2) will sort array 15
Thread 0 (of 2) will sort array 1
Thread 0 (of 2) will sort array 2
Thread 0 (of 2) will sort array 3
Thread 0 (of 2) will sort array 4
Thread 0 (of 2) will sort array 10
Thread 1 (of 2) will sort array 16
Thread 1 (of 2) will sort array 17
Thread 1 (of 2) will sort array 18
Thread 1 (of 2) will sort array 19
Thread 1 (of 2) will sort array 25
Thread 0 (of 2) will sort array 11
Thread 0 (of 2) will sort array 12
Thread 0 (of 2) will sort array 13
Thread 0 (of 2) will sort array 14
Thread 0 (of 2) will sort array 20
Thread 1 (of 2) will sort array 26
Thread 1 (of 2) will sort array 27
Thread 1 (of 2) will sort array 28
Thread 1 (of 2) will sort array 29
Thread 1 (of 2) will sort array 35
Thread 0 (of 2) will sort array 21
Thread 0 (of 2) will sort array 22
Thread 0 (of 2) will sort array 23
Thread 0 (of 2) will sort array 24
Thread 0 (of 2) will sort array 30
Thread 1 (of 2) will sort array 36
Thread 1 (of 2) will sort array 37
Thread 1 (of 2) will sort array 38
Thread 1 (of 2) will sort array 39
Thread 1 (of 2) will sort array 45
Thread 0 (of 2) will sort array 31
Thread 0 (of 2) will sort array 32
Thread 0 (of 2) will sort array 33
Thread 0 (of 2) will sort array 34
Thread 0 (of 2) will sort array 40
Thread 1 (of 2) will sort array 46
Thread 1 (of 2) will sort array 47
Thread 1 (of 2) will sort array 48
Thread 1 (of 2) will sort array 49
Thread 1 (of 2) will sort array 55
Thread 0 (of 2) will sort array 41
Thread 0 (of 2) will sort array 42
Thread 0 (of 2) will sort array 43
Thread 0 (of 2) will sort array 44
Thread 0 (of 2) will sort array 50
Thread 1 (of 2) will sort array 56
Thread 1 (of 2) will sort array 57
Thread 1 (of 2) will sort array 58
Thread 1 (of 2) will sort array 59
Thread 1 (of 2) will sort array 65
Thread 0 (of 2) will sort array 51
Thread 0 (of 2) will sort array 52
Thread 0 (of 2) will sort array 53
Thread 0 (of 2) will sort array 54
Thread 0 (of 2) will sort array 60
Thread 1 (of 2) will sort array 66
Thread 1 (of 2) will sort array 67
Thread 1 (of 2) will sort array 68
Thread 1 (of 2) will sort array 69
Thread 1 (of 2) will sort array 75
Thread 0 (of 2) will sort array 61
Thread 0 (of 2) will sort array 62
Thread 0 (of 2) will sort array 63
Thread 0 (of 2) will sort array 64
Thread 0 (of 2) will sort array 70
Thread 1 (of 2) will sort array 76
Thread 1 (of 2) will sort array 77
Thread 1 (of 2) will sort array 78
Thread 1 (of 2) will sort array 79
Thread 1 (of 2) will sort array 85
Thread 0 (of 2) will sort array 71
Thread 0 (of 2) will sort array 72
Thread 0 (of 2) will sort array 73
Thread 0 (of 2) will sort array 74
Thread 0 (of 2) will sort array 80
Thread 1 (of 2) will sort array 86
Thread 1 (of 2) will sort array 87
Thread 1 (of 2) will sort array 88
Thread 1 (of 2) will sort array 89
Thread 1 (of 2) will sort array 95
Thread 0 (of 2) will sort array 81
Thread 0 (of 2) will sort array 82
Thread 0 (of 2) will sort array 83
Thread 0 (of 2) will sort array 84
Thread 0 (of 2) will sort array 90
Thread 1 (of 2) will sort array 96
Thread 1 (of 2) will sort array 97
Thread 1 (of 2) will sort array 98
Thread 1 (of 2) will sort array 99
Thread 1 (of 2) will sort array 105
Thread 0 (of 2) will sort array 91
Thread 0 (of 2) will sort array 92
Thread 0 (of 2) will sort array 93
Thread 0 (of 2) will sort array 94
Thread 0 (of 2) will sort array 100
Thread 1 (of 2) will sort array 106
Thread 1 (of 2) will sort array 107
Thread 1 (of 2) will sort array 108
Thread 1 (of 2) will sort array 109
Thread 1 (of 2) will sort array 115
Thread 0 (of 2) will sort array 101
Thread 0 (of 2) will sort array 102
Thread 0 (of 2) will sort array 103
Thread 0 (of 2) will sort array 104
Thread 0 (of 2) will sort array 110
Thread 1 (of 2) will sort array 116
Thread 1 (of 2) will sort array 117
Thread 1 (of 2) will sort array 118
Thread 1 (of 2) will sort array 119
Thread 1 (of 2) will sort array 125
Thread 0 (of 2) will sort array 111
Thread 0 (of 2) will sort array 112
Thread 0 (of 2) will sort array 113
Thread 0 (of 2) will sort array 114
Thread 0 (of 2) will sort array 120
Thread 1 (of 2) will sort array 126
Thread 1 (of 2) will sort array 127
Thread 1 (of 2) will sort array 128
Thread 1 (of 2) will sort array 129
Thread 1 (of 2) will sort array 135
Thread 0 (of 2) will sort array 121
Thread 0 (of 2) will sort array 122
Thread 0 (of 2) will sort array 123
Thread 0 (of 2) will sort array 124
Thread 0 (of 2) will sort array 130
Thread 1 (of 2) will sort array 136
Thread 1 (of 2) will sort array 137
Thread 1 (of 2) will sort array 138
Thread 1 (of 2) will sort array 139
Thread 1 (of 2) will sort array 145
Thread 0 (of 2) will sort array 131
Thread 0 (of 2) will sort array 132
Thread 0 (of 2) will sort array 133
Thread 0 (of 2) will sort array 134
Thread 0 (of 2) will sort array 140
Thread 1 (of 2) will sort array 146
Thread 1 (of 2) will sort array 147
Thread 1 (of 2) will sort array 148
Thread 1 (of 2) will sort array 149
Thread 0 (of 2) will sort array 141
Thread 0 (of 2) will sort array 142
Thread 0 (of 2) will sort array 143
Thread 0 (of 2) will sort array 144
Tempo: 34.305717, array: 22500

thread 0, executed: 75
thread 1, executed: 75

-------
Will start sorting with arrays with size: 25000
Thread 0 (of 2) will sort array 0
Thread 1 (of 2) will sort array 5
Thread 0 (of 2) will sort array 1
Thread 0 (of 2) will sort array 2
Thread 0 (of 2) will sort array 3
Thread 0 (of 2) will sort array 4
Thread 0 (of 2) will sort array 10
Thread 1 (of 2) will sort array 6
Thread 1 (of 2) will sort array 7
Thread 1 (of 2) will sort array 8
Thread 1 (of 2) will sort array 9
Thread 1 (of 2) will sort array 15
Thread 0 (of 2) will sort array 11
Thread 0 (of 2) will sort array 12
Thread 0 (of 2) will sort array 13
Thread 0 (of 2) will sort array 14
Thread 0 (of 2) will sort array 20
Thread 1 (of 2) will sort array 16
Thread 1 (of 2) will sort array 17
Thread 1 (of 2) will sort array 18
Thread 1 (of 2) will sort array 19
Thread 1 (of 2) will sort array 25
Thread 0 (of 2) will sort array 21
Thread 0 (of 2) will sort array 22
Thread 0 (of 2) will sort array 23
Thread 0 (of 2) will sort array 24
Thread 0 (of 2) will sort array 30
Thread 1 (of 2) will sort array 26
Thread 1 (of 2) will sort array 27
Thread 1 (of 2) will sort array 28
Thread 1 (of 2) will sort array 29
Thread 1 (of 2) will sort array 35
Thread 0 (of 2) will sort array 31
Thread 0 (of 2) will sort array 32
Thread 0 (of 2) will sort array 33
Thread 0 (of 2) will sort array 34
Thread 0 (of 2) will sort array 40
Thread 1 (of 2) will sort array 36
Thread 1 (of 2) will sort array 37
Thread 1 (of 2) will sort array 38
Thread 1 (of 2) will sort array 39
Thread 1 (of 2) will sort array 45
Thread 0 (of 2) will sort array 41
Thread 0 (of 2) will sort array 42
Thread 0 (of 2) will sort array 43
Thread 0 (of 2) will sort array 44
Thread 0 (of 2) will sort array 50
Thread 1 (of 2) will sort array 46
Thread 1 (of 2) will sort array 47
Thread 1 (of 2) will sort array 48
Thread 1 (of 2) will sort array 49
Thread 1 (of 2) will sort array 55
Thread 0 (of 2) will sort array 51
Thread 0 (of 2) will sort array 52
Thread 0 (of 2) will sort array 53
Thread 0 (of 2) will sort array 54
Thread 0 (of 2) will sort array 60
Thread 1 (of 2) will sort array 56
Thread 1 (of 2) will sort array 57
Thread 1 (of 2) will sort array 58
Thread 1 (of 2) will sort array 59
Thread 1 (of 2) will sort array 65
Thread 0 (of 2) will sort array 61
Thread 0 (of 2) will sort array 62
Thread 0 (of 2) will sort array 63
Thread 0 (of 2) will sort array 64
Thread 0 (of 2) will sort array 70
Thread 1 (of 2) will sort array 66
Thread 1 (of 2) will sort array 67
Thread 1 (of 2) will sort array 68
Thread 1 (of 2) will sort array 69
Thread 1 (of 2) will sort array 75
Thread 0 (of 2) will sort array 71
Thread 0 (of 2) will sort array 72
Thread 0 (of 2) will sort array 73
Thread 0 (of 2) will sort array 74
Thread 0 (of 2) will sort array 80
Thread 1 (of 2) will sort array 76
Thread 1 (of 2) will sort array 77
Thread 1 (of 2) will sort array 78
Thread 1 (of 2) will sort array 79
Thread 1 (of 2) will sort array 85
Thread 0 (of 2) will sort array 81
Thread 0 (of 2) will sort array 82
Thread 0 (of 2) will sort array 83
Thread 0 (of 2) will sort array 84
Thread 0 (of 2) will sort array 90
Thread 1 (of 2) will sort array 86
Thread 1 (of 2) will sort array 87
Thread 1 (of 2) will sort array 88
Thread 1 (of 2) will sort array 89
Thread 1 (of 2) will sort array 95
Thread 0 (of 2) will sort array 91
Thread 0 (of 2) will sort array 92
Thread 0 (of 2) will sort array 93
Thread 0 (of 2) will sort array 94
Thread 0 (of 2) will sort array 100
Thread 1 (of 2) will sort array 96
Thread 1 (of 2) will sort array 97
Thread 1 (of 2) will sort array 98
Thread 1 (of 2) will sort array 99
Thread 1 (of 2) will sort array 105
Thread 0 (of 2) will sort array 101
Thread 0 (of 2) will sort array 102
Thread 0 (of 2) will sort array 103
Thread 0 (of 2) will sort array 104
Thread 0 (of 2) will sort array 110
Thread 1 (of 2) will sort array 106
Thread 1 (of 2) will sort array 107
Thread 1 (of 2) will sort array 108
Thread 1 (of 2) will sort array 109
Thread 1 (of 2) will sort array 115
Thread 0 (of 2) will sort array 111
Thread 0 (of 2) will sort array 112
Thread 0 (of 2) will sort array 113
Thread 0 (of 2) will sort array 114
Thread 0 (of 2) will sort array 120
Thread 1 (of 2) will sort array 116
Thread 1 (of 2) will sort array 117
Thread 1 (of 2) will sort array 118
Thread 1 (of 2) will sort array 119
Thread 1 (of 2) will sort array 125
Thread 0 (of 2) will sort array 121
Thread 0 (of 2) will sort array 122
Thread 0 (of 2) will sort array 123
Thread 0 (of 2) will sort array 124
Thread 0 (of 2) will sort array 130
Thread 1 (of 2) will sort array 126
Thread 1 (of 2) will sort array 127
Thread 1 (of 2) will sort array 128
Thread 1 (of 2) will sort array 129
Thread 1 (of 2) will sort array 135
Thread 0 (of 2) will sort array 131
Thread 0 (of 2) will sort array 132
Thread 0 (of 2) will sort array 133
Thread 0 (of 2) will sort array 134
Thread 0 (of 2) will sort array 140
Thread 1 (of 2) will sort array 136
Thread 1 (of 2) will sort array 137
Thread 1 (of 2) will sort array 138
Thread 1 (of 2) will sort array 139
Thread 1 (of 2) will sort array 145
Thread 0 (of 2) will sort array 141
Thread 0 (of 2) will sort array 142
Thread 0 (of 2) will sort array 143
Thread 0 (of 2) will sort array 144
Thread 1 (of 2) will sort array 146
Thread 1 (of 2) will sort array 147
Thread 1 (of 2) will sort array 148
Thread 1 (of 2) will sort array 149
Tempo: 42.391877, array: 25000

thread 0, executed: 75
thread 1, executed: 75



number of arrays: 150
size,time
2500,0.670512
5000,2.034831
7500,3.948611
10000,6.882311
12500,10.702570
15000,15.352631
17500,20.631056
20000,27.116195
22500,34.305717
25000,42.391877
