
-------
Will start sorting with arrays with size: 2500
Thread 7 (of 16) will sort array 35
Thread 1 (of 16) will sort array 5
Thread 2 (of 16) will sort array 10
Thread 6 (of 16) will sort array 30
Thread 4 (of 16) will sort array 20
Thread 3 (of 16) will sort array 15
Thread 15 (of 16) will sort array 75
Thread 10 (of 16) will sort array 50
Thread 0 (of 16) will sort array 0
Thread 12 (of 16) will sort array 60
Thread 11 (of 16) will sort array 55
Thread 9 (of 16) will sort array 45
Thread 14 (of 16) will sort array 70
Thread 13 (of 16) will sort array 65
Thread 5 (of 16) will sort array 25
Thread 8 (of 16) will sort array 40
Thread 3 (of 16) will sort array 16
Thread 3 (of 16) will sort array 17
Thread 3 (of 16) will sort array 18
Thread 3 (of 16) will sort array 19
Thread 3 (of 16) will sort array 95
Thread 8 (of 16) will sort array 41
Thread 8 (of 16) will sort array 42
Thread 8 (of 16) will sort array 43
Thread 8 (of 16) will sort array 44
Thread 8 (of 16) will sort array 120
Thread 5 (of 16) will sort array 26
Thread 5 (of 16) will sort array 27
Thread 5 (of 16) will sort array 28
Thread 5 (of 16) will sort array 29
Thread 5 (of 16) will sort array 105
Thread 1 (of 16) will sort array 6
Thread 1 (of 16) will sort array 7
Thread 1 (of 16) will sort array 8
Thread 1 (of 16) will sort array 9
Thread 1 (of 16) will sort array 85
Thread 6 (of 16) will sort array 31
Thread 6 (of 16) will sort array 32
Thread 6 (of 16) will sort array 33
Thread 6 (of 16) will sort array 34
Thread 6 (of 16) will sort array 110
Thread 3 (of 16) will sort array 96
Thread 3 (of 16) will sort array 97
Thread 3 (of 16) will sort array 98
Thread 3 (of 16) will sort array 99
Thread 15 (of 16) will sort array 76
Thread 15 (of 16) will sort array 77
Thread 15 (of 16) will sort array 78
Thread 15 (of 16) will sort array 79
Thread 8 (of 16) will sort array 121
Thread 8 (of 16) will sort array 122
Thread 8 (of 16) will sort array 123
Thread 8 (of 16) will sort array 124
Thread 9 (of 16) will sort array 46
Thread 9 (of 16) will sort array 47
Thread 9 (of 16) will sort array 48
Thread 9 (of 16) will sort array 49
Thread 9 (of 16) will sort array 125
Thread 5 (of 16) will sort array 106
Thread 5 (of 16) will sort array 107
Thread 5 (of 16) will sort array 108
Thread 5 (of 16) will sort array 109
Thread 4 (of 16) will sort array 21
Thread 4 (of 16) will sort array 22
Thread 4 (of 16) will sort array 23
Thread 4 (of 16) will sort array 24
Thread 4 (of 16) will sort array 100
Thread 14 (of 16) will sort array 71
Thread 14 (of 16) will sort array 72
Thread 14 (of 16) will sort array 73
Thread 14 (of 16) will sort array 74
Thread 10 (of 16) will sort array 51
Thread 10 (of 16) will sort array 52
Thread 10 (of 16) will sort array 53
Thread 10 (of 16) will sort array 54
Thread 10 (of 16) will sort array 130
Thread 2 (of 16) will sort array 11
Thread 2 (of 16) will sort array 12
Thread 2 (of 16) will sort array 13
Thread 2 (of 16) will sort array 14
Thread 2 (of 16) will sort array 90
Thread 7 (of 16) will sort array 36
Thread 7 (of 16) will sort array 37
Thread 7 (of 16) will sort array 38
Thread 7 (of 16) will sort array 39
Thread 7 (of 16) will sort array 115
Thread 12 (of 16) will sort array 61
Thread 12 (of 16) will sort array 62
Thread 12 (of 16) will sort array 63
Thread 12 (of 16) will sort array 64
Thread 12 (of 16) will sort array 140
Thread 0 (of 16) will sort array 1
Thread 0 (of 16) will sort array 2
Thread 0 (of 16) will sort array 3
Thread 0 (of 16) will sort array 4
Thread 0 (of 16) will sort array 80
Thread 11 (of 16) will sort array 56
Thread 11 (of 16) will sort array 57
Thread 11 (of 16) will sort array 58
Thread 11 (of 16) will sort array 59
Thread 11 (of 16) will sort array 135
Thread 13 (of 16) will sort array 66
Thread 13 (of 16) will sort array 67
Thread 13 (of 16) will sort array 68
Thread 13 (of 16) will sort array 69
Thread 13 (of 16) will sort array 145
Thread 9 (of 16) will sort array 126
Thread 9 (of 16) will sort array 127
Thread 9 (of 16) will sort array 128
Thread 9 (of 16) will sort array 129
Thread 4 (of 16) will sort array 101
Thread 4 (of 16) will sort array 102
Thread 4 (of 16) will sort array 103
Thread 4 (of 16) will sort array 104
Thread 10 (of 16) will sort array 131
Thread 10 (of 16) will sort array 132
Thread 10 (of 16) will sort array 133
Thread 10 (of 16) will sort array 134
Thread 7 (of 16) will sort array 116
Thread 7 (of 16) will sort array 117
Thread 7 (of 16) will sort array 118
Thread 7 (of 16) will sort array 119
Thread 1 (of 16) will sort array 86
Thread 1 (of 16) will sort array 87
Thread 1 (of 16) will sort array 88
Thread 12 (of 16) will sort array 141
Thread 1 (of 16) will sort array 89
Thread 12 (of 16) will sort array 142
Thread 12 (of 16) will sort array 143
Thread 12 (of 16) will sort array 144
Thread 6 (of 16) will sort array 111
Thread 6 (of 16) will sort array 112
Thread 6 (of 16) will sort array 113
Thread 6 (of 16) will sort array 114
Thread 0 (of 16) will sort array 81
Thread 0 (of 16) will sort array 82
Thread 0 (of 16) will sort array 83
Thread 0 (of 16) will sort array 84
Thread 13 (of 16) will sort array 146
Thread 13 (of 16) will sort array 147
Thread 13 (of 16) will sort array 148
Thread 13 (of 16) will sort array 149
Thread 2 (of 16) will sort array 91
Thread 2 (of 16) will sort array 92
Thread 2 (of 16) will sort array 93
Thread 2 (of 16) will sort array 94
Thread 11 (of 16) will sort array 136
Thread 11 (of 16) will sort array 137
Thread 11 (of 16) will sort array 138
Thread 11 (of 16) will sort array 139
Tempo: 0.166086, array: 2500

thread 0, executed: 10
thread 1, executed: 10
thread 2, executed: 10
thread 3, executed: 10
thread 4, executed: 10
thread 5, executed: 10
thread 6, executed: 10
thread 7, executed: 10
thread 8, executed: 10
thread 9, executed: 10
thread 10, executed: 10
thread 11, executed: 10
thread 12, executed: 10
thread 13, executed: 10
thread 14, executed: 5
thread 15, executed: 5

-------
Will start sorting with arrays with size: 5000
Thread 6 (of 16) will sort array 30
Thread 0 (of 16) will sort array 0
Thread 8 (of 16) will sort array 40
Thread 15 (of 16) will sort array 75
Thread 13 (of 16) will sort array 65
Thread 5 (of 16) will sort array 25
Thread 4 (of 16) will sort array 20
Thread 7 (of 16) will sort array 35
Thread 14 (of 16) will sort array 70
Thread 12 (of 16) will sort array 60
Thread 10 (of 16) will sort array 50
Thread 1 (of 16) will sort array 5
Thread 3 (of 16) will sort array 15
Thread 9 (of 16) will sort array 45
Thread 2 (of 16) will sort array 10
Thread 11 (of 16) will sort array 55
Thread 0 (of 16) will sort array 1
Thread 0 (of 16) will sort array 2
Thread 0 (of 16) will sort array 3
Thread 0 (of 16) will sort array 4
Thread 6 (of 16) will sort array 31
Thread 0 (of 16) will sort array 80
Thread 6 (of 16) will sort array 32
Thread 6 (of 16) will sort array 33
Thread 6 (of 16) will sort array 34
Thread 6 (of 16) will sort array 110
Thread 2 (of 16) will sort array 11
Thread 2 (of 16) will sort array 12
Thread 2 (of 16) will sort array 13
Thread 2 (of 16) will sort array 14
Thread 2 (of 16) will sort array 90
Thread 11 (of 16) will sort array 56
Thread 11 (of 16) will sort array 57
Thread 11 (of 16) will sort array 58
Thread 11 (of 16) will sort array 59
Thread 11 (of 16) will sort array 135
Thread 14 (of 16) will sort array 71
Thread 4 (of 16) will sort array 21
Thread 14 (of 16) will sort array 72
Thread 15 (of 16) will sort array 76
Thread 5 (of 16) will sort array 26
Thread 4 (of 16) will sort array 22
Thread 14 (of 16) will sort array 73
Thread 15 (of 16) will sort array 77
Thread 5 (of 16) will sort array 27
Thread 4 (of 16) will sort array 23
Thread 14 (of 16) will sort array 74
Thread 15 (of 16) will sort array 78
Thread 5 (of 16) will sort array 28
Thread 4 (of 16) will sort array 24
Thread 10 (of 16) will sort array 51
Thread 15 (of 16) will sort array 79
Thread 5 (of 16) will sort array 29
Thread 10 (of 16) will sort array 52
Thread 4 (of 16) will sort array 100
Thread 10 (of 16) will sort array 53
Thread 5 (of 16) will sort array 105
Thread 10 (of 16) will sort array 54
Thread 7 (of 16) will sort array 36
Thread 10 (of 16) will sort array 130
Thread 7 (of 16) will sort array 37
Thread 7 (of 16) will sort array 38
Thread 7 (of 16) will sort array 39
Thread 7 (of 16) will sort array 115
Thread 12 (of 16) will sort array 61
Thread 12 (of 16) will sort array 62
Thread 8 (of 16) will sort array 41
Thread 8 (of 16) will sort array 42
Thread 12 (of 16) will sort array 63
Thread 8 (of 16) will sort array 43
Thread 12 (of 16) will sort array 64
Thread 8 (of 16) will sort array 44
Thread 12 (of 16) will sort array 140
Thread 8 (of 16) will sort array 120
Thread 13 (of 16) will sort array 66
Thread 1 (of 16) will sort array 6
Thread 13 (of 16) will sort array 67
Thread 1 (of 16) will sort array 7
Thread 13 (of 16) will sort array 68
Thread 1 (of 16) will sort array 8
Thread 13 (of 16) will sort array 69
Thread 3 (of 16) will sort array 16
Thread 1 (of 16) will sort array 9
Thread 13 (of 16) will sort array 145
Thread 3 (of 16) will sort array 17
Thread 1 (of 16) will sort array 85
Thread 3 (of 16) will sort array 18
Thread 9 (of 16) will sort array 46
Thread 3 (of 16) will sort array 19
Thread 9 (of 16) will sort array 47
Thread 3 (of 16) will sort array 95
Thread 9 (of 16) will sort array 48
Thread 9 (of 16) will sort array 49
Thread 9 (of 16) will sort array 125
Thread 7 (of 16) will sort array 116
Thread 7 (of 16) will sort array 117
Thread 7 (of 16) will sort array 118
Thread 7 (of 16) will sort array 119
Thread 10 (of 16) will sort array 131
Thread 10 (of 16) will sort array 132
Thread 10 (of 16) will sort array 133
Thread 10 (of 16) will sort array 134
Thread 11 (of 16) will sort array 136
Thread 11 (of 16) will sort array 137
Thread 11 (of 16) will sort array 138
Thread 11 (of 16) will sort array 139
Thread 2 (of 16) will sort array 91
Thread 2 (of 16) will sort array 92
Thread 2 (of 16) will sort array 93
Thread 2 (of 16) will sort array 94
Thread 12 (of 16) will sort array 141
Thread 12 (of 16) will sort array 142
Thread 12 (of 16) will sort array 143
Thread 12 (of 16) will sort array 144
Thread 8 (of 16) will sort array 121
Thread 8 (of 16) will sort array 122
Thread 8 (of 16) will sort array 123
Thread 8 (of 16) will sort array 124
Thread 0 (of 16) will sort array 81
Thread 0 (of 16) will sort array 82
Thread 0 (of 16) will sort array 83
Thread 0 (of 16) will sort array 84
Thread 6 (of 16) will sort array 111
Thread 6 (of 16) will sort array 112
Thread 6 (of 16) will sort array 113
Thread 6 (of 16) will sort array 114
Thread 4 (of 16) will sort array 101
Thread 4 (of 16) will sort array 102
Thread 4 (of 16) will sort array 103
Thread 4 (of 16) will sort array 104
Thread 5 (of 16) will sort array 106
Thread 5 (of 16) will sort array 107
Thread 5 (of 16) will sort array 108
Thread 5 (of 16) will sort array 109
Thread 3 (of 16) will sort array 96
Thread 3 (of 16) will sort array 97
Thread 3 (of 16) will sort array 98
Thread 3 (of 16) will sort array 99
Thread 9 (of 16) will sort array 126
Thread 9 (of 16) will sort array 127
Thread 9 (of 16) will sort array 128
Thread 9 (of 16) will sort array 129
Thread 13 (of 16) will sort array 146
Thread 13 (of 16) will sort array 147
Thread 13 (of 16) will sort array 148
Thread 13 (of 16) will sort array 149
Thread 1 (of 16) will sort array 86
Thread 1 (of 16) will sort array 87
Thread 1 (of 16) will sort array 88
Thread 1 (of 16) will sort array 89
Tempo: 0.506746, array: 5000

thread 0, executed: 10
thread 1, executed: 10
thread 2, executed: 10
thread 3, executed: 10
thread 4, executed: 10
thread 5, executed: 10
thread 6, executed: 10
thread 7, executed: 10
thread 8, executed: 10
thread 9, executed: 10
thread 10, executed: 10
thread 11, executed: 10
thread 12, executed: 10
thread 13, executed: 10
thread 14, executed: 5
thread 15, executed: 5

-------
Will start sorting with arrays with size: 7500
Thread 2 (of 16) will sort array 10
Thread 7 (of 16) will sort array 35
Thread 15 (of 16) will sort array 75
Thread 14 (of 16) will sort array 70
Thread 12 (of 16) will sort array 60
Thread 5 (of 16) will sort array 25
Thread 6 (of 16) will sort array 30
Thread 0 (of 16) will sort array 0
Thread 11 (of 16) will sort array 55
Thread 9 (of 16) will sort array 45
Thread 8 (of 16) will sort array 40
Thread 10 (of 16) will sort array 50
Thread 4 (of 16) will sort array 20
Thread 13 (of 16) will sort array 65
Thread 1 (of 16) will sort array 5
Thread 3 (of 16) will sort array 15
Thread 2 (of 16) will sort array 11
Thread 0 (of 16) will sort array 1
Thread 2 (of 16) will sort array 12
Thread 0 (of 16) will sort array 2
Thread 2 (of 16) will sort array 13
Thread 0 (of 16) will sort array 3
Thread 2 (of 16) will sort array 14
Thread 0 (of 16) will sort array 4
Thread 2 (of 16) will sort array 90
Thread 0 (of 16) will sort array 80
Thread 5 (of 16) will sort array 26
Thread 4 (of 16) will sort array 21
Thread 5 (of 16) will sort array 27
Thread 4 (of 16) will sort array 22
Thread 5 (of 16) will sort array 28
Thread 4 (of 16) will sort array 23
Thread 5 (of 16) will sort array 29
Thread 4 (of 16) will sort array 24
Thread 5 (of 16) will sort array 105
Thread 4 (of 16) will sort array 100
Thread 13 (of 16) will sort array 66
Thread 13 (of 16) will sort array 67
Thread 13 (of 16) will sort array 68
Thread 6 (of 16) will sort array 31
Thread 13 (of 16) will sort array 69
Thread 6 (of 16) will sort array 32
Thread 13 (of 16) will sort array 145
Thread 6 (of 16) will sort array 33
Thread 6 (of 16) will sort array 34
Thread 14 (of 16) will sort array 71
Thread 6 (of 16) will sort array 110
Thread 14 (of 16) will sort array 72
Thread 14 (of 16) will sort array 73
Thread 14 (of 16) will sort array 74
Thread 10 (of 16) will sort array 51
Thread 10 (of 16) will sort array 52
Thread 15 (of 16) will sort array 76
Thread 10 (of 16) will sort array 53
Thread 15 (of 16) will sort array 77
Thread 10 (of 16) will sort array 54
Thread 7 (of 16) will sort array 36
Thread 15 (of 16) will sort array 78
Thread 10 (of 16) will sort array 130
Thread 7 (of 16) will sort array 37
Thread 15 (of 16) will sort array 79
Thread 3 (of 16) will sort array 16
Thread 7 (of 16) will sort array 38
Thread 9 (of 16) will sort array 46
Thread 7 (of 16) will sort array 39
Thread 9 (of 16) will sort array 47
Thread 3 (of 16) will sort array 17
Thread 7 (of 16) will sort array 115
Thread 9 (of 16) will sort array 48
Thread 3 (of 16) will sort array 18
Thread 9 (of 16) will sort array 49
Thread 3 (of 16) will sort array 19
Thread 9 (of 16) will sort array 125
Thread 3 (of 16) will sort array 95
Thread 12 (of 16) will sort array 61
Thread 8 (of 16) will sort array 41
Thread 8 (of 16) will sort array 42
Thread 12 (of 16) will sort array 62
Thread 8 (of 16) will sort array 43
Thread 12 (of 16) will sort array 63
Thread 11 (of 16) will sort array 56
Thread 1 (of 16) will sort array 6
Thread 8 (of 16) will sort array 44
Thread 1 (of 16) will sort array 7
Thread 8 (of 16) will sort array 120
Thread 1 (of 16) will sort array 8
Thread 11 (of 16) will sort array 57
Thread 12 (of 16) will sort array 64
Thread 1 (of 16) will sort array 9
Thread 1 (of 16) will sort array 85
Thread 11 (of 16) will sort array 58
Thread 12 (of 16) will sort array 140
Thread 11 (of 16) will sort array 59
Thread 11 (of 16) will sort array 135
Thread 10 (of 16) will sort array 131
Thread 10 (of 16) will sort array 132
Thread 10 (of 16) will sort array 133
Thread 10 (of 16) will sort array 134
Thread 7 (of 16) will sort array 116
Thread 7 (of 16) will sort array 117
Thread 7 (of 16) will sort array 118
Thread 7 (of 16) will sort array 119
Thread 13 (of 16) will sort array 146
Thread 13 (of 16) will sort array 147
Thread 13 (of 16) will sort array 148
Thread 13 (of 16) will sort array 149
Thread 6 (of 16) will sort array 111
Thread 6 (of 16) will sort array 112
Thread 6 (of 16) will sort array 113
Thread 6 (of 16) will sort array 114
Thread 12 (of 16) will sort array 141
Thread 12 (of 16) will sort array 142
Thread 12 (of 16) will sort array 143
Thread 12 (of 16) will sort array 144
Thread 8 (of 16) will sort array 121
Thread 8 (of 16) will sort array 122
Thread 8 (of 16) will sort array 123
Thread 8 (of 16) will sort array 124
Thread 0 (of 16) will sort array 81
Thread 0 (of 16) will sort array 82
Thread 2 (of 16) will sort array 91
Thread 0 (of 16) will sort array 83
Thread 2 (of 16) will sort array 92
Thread 0 (of 16) will sort array 84
Thread 2 (of 16) will sort array 93
Thread 2 (of 16) will sort array 94
Thread 4 (of 16) will sort array 101
Thread 4 (of 16) will sort array 102
Thread 5 (of 16) will sort array 106
Thread 4 (of 16) will sort array 103
Thread 5 (of 16) will sort array 107
Thread 4 (of 16) will sort array 104
Thread 5 (of 16) will sort array 108
Thread 11 (of 16) will sort array 136
Thread 5 (of 16) will sort array 109
Thread 11 (of 16) will sort array 137
Thread 11 (of 16) will sort array 138
Thread 11 (of 16) will sort array 139
Thread 1 (of 16) will sort array 86
Thread 1 (of 16) will sort array 87
Thread 1 (of 16) will sort array 88
Thread 1 (of 16) will sort array 89
Thread 3 (of 16) will sort array 96
Thread 3 (of 16) will sort array 97
Thread 3 (of 16) will sort array 98
Thread 3 (of 16) will sort array 99
Thread 9 (of 16) will sort array 126
Thread 9 (of 16) will sort array 127
Thread 9 (of 16) will sort array 128
Thread 9 (of 16) will sort array 129
Tempo: 1.111044, array: 7500

thread 0, executed: 10
thread 1, executed: 10
thread 2, executed: 10
thread 3, executed: 10
thread 4, executed: 10
thread 5, executed: 10
thread 6, executed: 10
thread 7, executed: 10
thread 8, executed: 10
thread 9, executed: 10
thread 10, executed: 10
thread 11, executed: 10
thread 12, executed: 10
thread 13, executed: 10
thread 14, executed: 5
thread 15, executed: 5

-------
Will start sorting with arrays with size: 10000
Thread 2 (of 16) will sort array 10
Thread 14 (of 16) will sort array 70
Thread 13 (of 16) will sort array 65
Thread 12 (of 16) will sort array 60
Thread 9 (of 16) will sort array 45
Thread 10 (of 16) will sort array 50
Thread 0 (of 16) will sort array 0
Thread 3 (of 16) will sort array 15
Thread 7 (of 16) will sort array 35
Thread 15 (of 16) will sort array 75
Thread 8 (of 16) will sort array 40
Thread 6 (of 16) will sort array 30
Thread 5 (of 16) will sort array 25
Thread 11 (of 16) will sort array 55
Thread 1 (of 16) will sort array 5
Thread 4 (of 16) will sort array 20
Thread 2 (of 16) will sort array 11
Thread 0 (of 16) will sort array 1
Thread 2 (of 16) will sort array 12
Thread 0 (of 16) will sort array 2
Thread 2 (of 16) will sort array 13
Thread 0 (of 16) will sort array 3
Thread 2 (of 16) will sort array 14
Thread 0 (of 16) will sort array 4
Thread 2 (of 16) will sort array 90
Thread 0 (of 16) will sort array 80
Thread 9 (of 16) will sort array 46
Thread 4 (of 16) will sort array 21
Thread 9 (of 16) will sort array 47
Thread 4 (of 16) will sort array 22
Thread 9 (of 16) will sort array 48
Thread 4 (of 16) will sort array 23
Thread 9 (of 16) will sort array 49
Thread 4 (of 16) will sort array 24
Thread 9 (of 16) will sort array 125
Thread 4 (of 16) will sort array 100
Thread 5 (of 16) will sort array 26
Thread 8 (of 16) will sort array 41
Thread 5 (of 16) will sort array 27
Thread 8 (of 16) will sort array 42
Thread 3 (of 16) will sort array 16
Thread 12 (of 16) will sort array 61
Thread 5 (of 16) will sort array 28
Thread 8 (of 16) will sort array 43
Thread 3 (of 16) will sort array 17
Thread 12 (of 16) will sort array 62
Thread 5 (of 16) will sort array 29
Thread 8 (of 16) will sort array 44
Thread 3 (of 16) will sort array 18
Thread 12 (of 16) will sort array 63
Thread 5 (of 16) will sort array 105
Thread 8 (of 16) will sort array 120
Thread 3 (of 16) will sort array 19
Thread 12 (of 16) will sort array 64
Thread 3 (of 16) will sort array 95
Thread 12 (of 16) will sort array 140
Thread 15 (of 16) will sort array 76
Thread 15 (of 16) will sort array 77
Thread 7 (of 16) will sort array 36
Thread 15 (of 16) will sort array 78
Thread 7 (of 16) will sort array 37
Thread 15 (of 16) will sort array 79
Thread 7 (of 16) will sort array 38
Thread 7 (of 16) will sort array 39
Thread 7 (of 16) will sort array 115
Thread 13 (of 16) will sort array 66
Thread 13 (of 16) will sort array 67
Thread 13 (of 16) will sort array 68
Thread 6 (of 16) will sort array 31
Thread 14 (of 16) will sort array 71
Thread 13 (of 16) will sort array 69
Thread 6 (of 16) will sort array 32
Thread 14 (of 16) will sort array 72
Thread 13 (of 16) will sort array 145
Thread 6 (of 16) will sort array 33
Thread 14 (of 16) will sort array 73
Thread 10 (of 16) will sort array 51
Thread 6 (of 16) will sort array 34
Thread 14 (of 16) will sort array 74
Thread 10 (of 16) will sort array 52
Thread 6 (of 16) will sort array 110
Thread 1 (of 16) will sort array 6
Thread 10 (of 16) will sort array 53
Thread 1 (of 16) will sort array 7
Thread 10 (of 16) will sort array 54
Thread 10 (of 16) will sort array 130
Thread 1 (of 16) will sort array 8
Thread 1 (of 16) will sort array 9
Thread 11 (of 16) will sort array 56
Thread 1 (of 16) will sort array 85
Thread 11 (of 16) will sort array 57
Thread 11 (of 16) will sort array 58
Thread 11 (of 16) will sort array 59
Thread 11 (of 16) will sort array 135
Thread 7 (of 16) will sort array 116
Thread 7 (of 16) will sort array 117
Thread 7 (of 16) will sort array 118
Thread 7 (of 16) will sort array 119
Thread 10 (of 16) will sort array 131
Thread 10 (of 16) will sort array 132
Thread 10 (of 16) will sort array 133
Thread 10 (of 16) will sort array 134
Thread 11 (of 16) will sort array 136
Thread 11 (of 16) will sort array 137
Thread 1 (of 16) will sort array 86
Thread 11 (of 16) will sort array 138
Thread 1 (of 16) will sort array 87
Thread 11 (of 16) will sort array 139
Thread 1 (of 16) will sort array 88
Thread 1 (of 16) will sort array 89
Thread 12 (of 16) will sort array 141
Thread 12 (of 16) will sort array 142
Thread 12 (of 16) will sort array 143
Thread 12 (of 16) will sort array 144
Thread 3 (of 16) will sort array 96
Thread 3 (of 16) will sort array 97
Thread 3 (of 16) will sort array 98
Thread 3 (of 16) will sort array 99
Thread 2 (of 16) will sort array 91
Thread 0 (of 16) will sort array 81
Thread 2 (of 16) will sort array 92
Thread 2 (of 16) will sort array 93
Thread 0 (of 16) will sort array 82
Thread 2 (of 16) will sort array 94
Thread 0 (of 16) will sort array 83
Thread 0 (of 16) will sort array 84
Thread 4 (of 16) will sort array 101
Thread 4 (of 16) will sort array 102
Thread 4 (of 16) will sort array 103
Thread 4 (of 16) will sort array 104
Thread 9 (of 16) will sort array 126
Thread 9 (of 16) will sort array 127
Thread 9 (of 16) will sort array 128
Thread 9 (of 16) will sort array 129
Thread 5 (of 16) will sort array 106
Thread 5 (of 16) will sort array 107
Thread 5 (of 16) will sort array 108
Thread 8 (of 16) will sort array 121
Thread 5 (of 16) will sort array 109
Thread 8 (of 16) will sort array 122
Thread 8 (of 16) will sort array 123
Thread 8 (of 16) will sort array 124
Thread 13 (of 16) will sort array 146
Thread 13 (of 16) will sort array 147
Thread 13 (of 16) will sort array 148
Thread 13 (of 16) will sort array 149
Thread 6 (of 16) will sort array 111
Thread 6 (of 16) will sort array 112
Thread 6 (of 16) will sort array 113
Thread 6 (of 16) will sort array 114
Tempo: 1.955032, array: 10000

thread 0, executed: 10
thread 1, executed: 10
thread 2, executed: 10
thread 3, executed: 10
thread 4, executed: 10
thread 5, executed: 10
thread 6, executed: 10
thread 7, executed: 10
thread 8, executed: 10
thread 9, executed: 10
thread 10, executed: 10
thread 11, executed: 10
thread 12, executed: 10
thread 13, executed: 10
thread 14, executed: 5
thread 15, executed: 5

-------
Will start sorting with arrays with size: 12500
Thread 1 (of 16) will sort array 5
Thread 0 (of 16) will sort array 0
Thread 2 (of 16) will sort array 10
Thread 4 (of 16) will sort array 20
Thread 14 (of 16) will sort array 70
Thread 15 (of 16) will sort array 75
Thread 6 (of 16) will sort array 30
Thread 5 (of 16) will sort array 25
Thread 12 (of 16) will sort array 60
Thread 11 (of 16) will sort array 55
Thread 10 (of 16) will sort array 50
Thread 13 (of 16) will sort array 65
Thread 3 (of 16) will sort array 15
Thread 7 (of 16) will sort array 35
Thread 9 (of 16) will sort array 45
Thread 8 (of 16) will sort array 40
Thread 1 (of 16) will sort array 6
Thread 1 (of 16) will sort array 7
Thread 1 (of 16) will sort array 8
Thread 0 (of 16) will sort array 1
Thread 1 (of 16) will sort array 9
Thread 0 (of 16) will sort array 2
Thread 1 (of 16) will sort array 85
Thread 0 (of 16) will sort array 3
Thread 0 (of 16) will sort array 4
Thread 0 (of 16) will sort array 80
Thread 4 (of 16) will sort array 21
Thread 5 (of 16) will sort array 26
Thread 4 (of 16) will sort array 22
Thread 5 (of 16) will sort array 27
Thread 4 (of 16) will sort array 23
Thread 5 (of 16) will sort array 28
Thread 4 (of 16) will sort array 24
Thread 5 (of 16) will sort array 29
Thread 4 (of 16) will sort array 100
Thread 5 (of 16) will sort array 105
Thread 10 (of 16) will sort array 51
Thread 11 (of 16) will sort array 56
Thread 10 (of 16) will sort array 52
Thread 11 (of 16) will sort array 57
Thread 11 (of 16) will sort array 58
Thread 10 (of 16) will sort array 53
Thread 8 (of 16) will sort array 41
Thread 11 (of 16) will sort array 59
Thread 10 (of 16) will sort array 54
Thread 9 (of 16) will sort array 46
Thread 8 (of 16) will sort array 42
Thread 11 (of 16) will sort array 135
Thread 10 (of 16) will sort array 130
Thread 9 (of 16) will sort array 47
Thread 8 (of 16) will sort array 43
Thread 9 (of 16) will sort array 48
Thread 8 (of 16) will sort array 44
Thread 9 (of 16) will sort array 49
Thread 8 (of 16) will sort array 120
Thread 9 (of 16) will sort array 125
Thread 2 (of 16) will sort array 11
Thread 6 (of 16) will sort array 31
Thread 2 (of 16) will sort array 12
Thread 6 (of 16) will sort array 32
Thread 2 (of 16) will sort array 13
Thread 6 (of 16) will sort array 33
Thread 2 (of 16) will sort array 14
Thread 13 (of 16) will sort array 66
Thread 6 (of 16) will sort array 34
Thread 2 (of 16) will sort array 90
Thread 13 (of 16) will sort array 67
Thread 14 (of 16) will sort array 71
Thread 6 (of 16) will sort array 110
Thread 13 (of 16) will sort array 68
Thread 14 (of 16) will sort array 72
Thread 13 (of 16) will sort array 69
Thread 14 (of 16) will sort array 73
Thread 13 (of 16) will sort array 145
Thread 14 (of 16) will sort array 74
Thread 15 (of 16) will sort array 76
Thread 15 (of 16) will sort array 77
Thread 15 (of 16) will sort array 78
Thread 7 (of 16) will sort array 36
Thread 15 (of 16) will sort array 79
Thread 7 (of 16) will sort array 37
Thread 7 (of 16) will sort array 38
Thread 7 (of 16) will sort array 39
Thread 7 (of 16) will sort array 115
Thread 3 (of 16) will sort array 16
Thread 12 (of 16) will sort array 61
Thread 3 (of 16) will sort array 17
Thread 12 (of 16) will sort array 62
Thread 3 (of 16) will sort array 18
Thread 12 (of 16) will sort array 63
Thread 3 (of 16) will sort array 19
Thread 12 (of 16) will sort array 64
Thread 3 (of 16) will sort array 95
Thread 12 (of 16) will sort array 140
Thread 13 (of 16) will sort array 146
Thread 13 (of 16) will sort array 147
Thread 13 (of 16) will sort array 148
Thread 13 (of 16) will sort array 149
Thread 7 (of 16) will sort array 116
Thread 7 (of 16) will sort array 117
Thread 7 (of 16) will sort array 118
Thread 7 (of 16) will sort array 119
Thread 1 (of 16) will sort array 86
Thread 1 (of 16) will sort array 87
Thread 1 (of 16) will sort array 88
Thread 0 (of 16) will sort array 81
Thread 1 (of 16) will sort array 89
Thread 0 (of 16) will sort array 82
Thread 0 (of 16) will sort array 83
Thread 0 (of 16) will sort array 84
Thread 12 (of 16) will sort array 141
Thread 12 (of 16) will sort array 142
Thread 12 (of 16) will sort array 143
Thread 12 (of 16) will sort array 144
Thread 3 (of 16) will sort array 96
Thread 3 (of 16) will sort array 97
Thread 3 (of 16) will sort array 98
Thread 3 (of 16) will sort array 99
Thread 11 (of 16) will sort array 136
Thread 11 (of 16) will sort array 137
Thread 11 (of 16) will sort array 138
Thread 11 (of 16) will sort array 139
Thread 10 (of 16) will sort array 131
Thread 10 (of 16) will sort array 132
Thread 10 (of 16) will sort array 133
Thread 10 (of 16) will sort array 134
Thread 2 (of 16) will sort array 91
Thread 2 (of 16) will sort array 92
Thread 2 (of 16) will sort array 93
Thread 2 (of 16) will sort array 94
Thread 6 (of 16) will sort array 111
Thread 6 (of 16) will sort array 112
Thread 6 (of 16) will sort array 113
Thread 6 (of 16) will sort array 114
Thread 8 (of 16) will sort array 121
Thread 8 (of 16) will sort array 122
Thread 8 (of 16) will sort array 123
Thread 8 (of 16) will sort array 124
Thread 9 (of 16) will sort array 126
Thread 9 (of 16) will sort array 127
Thread 9 (of 16) will sort array 128
Thread 9 (of 16) will sort array 129
Thread 4 (of 16) will sort array 101
Thread 4 (of 16) will sort array 102
Thread 5 (of 16) will sort array 106
Thread 4 (of 16) will sort array 103
Thread 5 (of 16) will sort array 107
Thread 4 (of 16) will sort array 104
Thread 5 (of 16) will sort array 108
Thread 5 (of 16) will sort array 109
Tempo: 3.035921, array: 12500

thread 0, executed: 10
thread 1, executed: 10
thread 2, executed: 10
thread 3, executed: 10
thread 4, executed: 10
thread 5, executed: 10
thread 6, executed: 10
thread 7, executed: 10
thread 8, executed: 10
thread 9, executed: 10
thread 10, executed: 10
thread 11, executed: 10
thread 12, executed: 10
thread 13, executed: 10
thread 14, executed: 5
thread 15, executed: 5

-------
Will start sorting with arrays with size: 15000
Thread 0 (of 16) will sort array 0
Thread 6 (of 16) will sort array 30
Thread 5 (of 16) will sort array 25
Thread 3 (of 16) will sort array 15
Thread 14 (of 16) will sort array 70
Thread 13 (of 16) will sort array 65
Thread 10 (of 16) will sort array 50
Thread 15 (of 16) will sort array 75
Thread 9 (of 16) will sort array 45
Thread 7 (of 16) will sort array 35
Thread 12 (of 16) will sort array 60
Thread 1 (of 16) will sort array 5
Thread 8 (of 16) will sort array 40
Thread 11 (of 16) will sort array 55
Thread 4 (of 16) will sort array 20
Thread 2 (of 16) will sort array 10
Thread 4 (of 16) will sort array 21
Thread 4 (of 16) will sort array 22
Thread 4 (of 16) will sort array 23
Thread 4 (of 16) will sort array 24
Thread 4 (of 16) will sort array 100
Thread 0 (of 16) will sort array 1
Thread 0 (of 16) will sort array 2
Thread 0 (of 16) will sort array 3
Thread 0 (of 16) will sort array 4
Thread 0 (of 16) will sort array 80
Thread 10 (of 16) will sort array 51
Thread 10 (of 16) will sort array 52
Thread 10 (of 16) will sort array 53
Thread 10 (of 16) will sort array 54
Thread 10 (of 16) will sort array 130
Thread 5 (of 16) will sort array 26
Thread 5 (of 16) will sort array 27
Thread 5 (of 16) will sort array 28
Thread 5 (of 16) will sort array 29
Thread 5 (of 16) will sort array 105
Thread 14 (of 16) will sort array 71
Thread 14 (of 16) will sort array 72
Thread 14 (of 16) will sort array 73
Thread 14 (of 16) will sort array 74
Thread 8 (of 16) will sort array 41
Thread 8 (of 16) will sort array 42
Thread 9 (of 16) will sort array 46
Thread 8 (of 16) will sort array 43
Thread 9 (of 16) will sort array 47
Thread 8 (of 16) will sort array 44
Thread 9 (of 16) will sort array 48
Thread 8 (of 16) will sort array 120
Thread 9 (of 16) will sort array 49
Thread 9 (of 16) will sort array 125
Thread 1 (of 16) will sort array 6
Thread 1 (of 16) will sort array 7
Thread 1 (of 16) will sort array 8
Thread 1 (of 16) will sort array 9
Thread 11 (of 16) will sort array 56
Thread 1 (of 16) will sort array 85
Thread 11 (of 16) will sort array 57
Thread 11 (of 16) will sort array 58
Thread 11 (of 16) will sort array 59
Thread 2 (of 16) will sort array 11
Thread 2 (of 16) will sort array 12
Thread 11 (of 16) will sort array 135
Thread 2 (of 16) will sort array 13
Thread 2 (of 16) will sort array 14
Thread 2 (of 16) will sort array 90
Thread 15 (of 16) will sort array 76
Thread 15 (of 16) will sort array 77
Thread 7 (of 16) will sort array 36
Thread 15 (of 16) will sort array 78
Thread 7 (of 16) will sort array 37
Thread 15 (of 16) will sort array 79
Thread 7 (of 16) will sort array 38
Thread 7 (of 16) will sort array 39
Thread 7 (of 16) will sort array 115
Thread 3 (of 16) will sort array 16
Thread 12 (of 16) will sort array 61
Thread 3 (of 16) will sort array 17
Thread 12 (of 16) will sort array 62
Thread 12 (of 16) will sort array 63
Thread 3 (of 16) will sort array 18
Thread 3 (of 16) will sort array 19
Thread 12 (of 16) will sort array 64
Thread 3 (of 16) will sort array 95
Thread 12 (of 16) will sort array 140
Thread 6 (of 16) will sort array 31
Thread 6 (of 16) will sort array 32
Thread 6 (of 16) will sort array 33
Thread 6 (of 16) will sort array 34
Thread 6 (of 16) will sort array 110
Thread 13 (of 16) will sort array 66
Thread 13 (of 16) will sort array 67
Thread 13 (of 16) will sort array 68
Thread 13 (of 16) will sort array 69
Thread 13 (of 16) will sort array 145
Thread 2 (of 16) will sort array 91
Thread 2 (of 16) will sort array 92
Thread 2 (of 16) will sort array 93
Thread 2 (of 16) will sort array 94
Thread 7 (of 16) will sort array 116
Thread 7 (of 16) will sort array 117
Thread 7 (of 16) will sort array 118
Thread 7 (of 16) will sort array 119
Thread 6 (of 16) will sort array 111
Thread 6 (of 16) will sort array 112
Thread 6 (of 16) will sort array 113
Thread 6 (of 16) will sort array 114
Thread 12 (of 16) will sort array 141
Thread 12 (of 16) will sort array 142
Thread 12 (of 16) will sort array 143
Thread 12 (of 16) will sort array 144
Thread 3 (of 16) will sort array 96
Thread 3 (of 16) will sort array 97
Thread 3 (of 16) will sort array 98
Thread 3 (of 16) will sort array 99
Thread 13 (of 16) will sort array 146
Thread 13 (of 16) will sort array 147
Thread 13 (of 16) will sort array 148
Thread 13 (of 16) will sort array 149
Thread 0 (of 16) will sort array 81
Thread 0 (of 16) will sort array 82
Thread 0 (of 16) will sort array 83
Thread 0 (of 16) will sort array 84
Thread 10 (of 16) will sort array 131
Thread 10 (of 16) will sort array 132
Thread 10 (of 16) will sort array 133
Thread 10 (of 16) will sort array 134
Thread 4 (of 16) will sort array 101
Thread 4 (of 16) will sort array 102
Thread 4 (of 16) will sort array 103
Thread 4 (of 16) will sort array 104
Thread 11 (of 16) will sort array 136
Thread 11 (of 16) will sort array 137
Thread 11 (of 16) will sort array 138
Thread 11 (of 16) will sort array 139
Thread 1 (of 16) will sort array 86
Thread 1 (of 16) will sort array 87
Thread 1 (of 16) will sort array 88
Thread 1 (of 16) will sort array 89
Thread 5 (of 16) will sort array 106
Thread 9 (of 16) will sort array 126
Thread 5 (of 16) will sort array 107
Thread 9 (of 16) will sort array 127
Thread 5 (of 16) will sort array 108
Thread 8 (of 16) will sort array 121
Thread 9 (of 16) will sort array 128
Thread 8 (of 16) will sort array 122
Thread 5 (of 16) will sort array 109
Thread 8 (of 16) will sort array 123
Thread 9 (of 16) will sort array 129
Thread 8 (of 16) will sort array 124
Tempo: 4.347482, array: 15000

thread 0, executed: 10
thread 1, executed: 10
thread 2, executed: 10
thread 3, executed: 10
thread 4, executed: 10
thread 5, executed: 10
thread 6, executed: 10
thread 7, executed: 10
thread 8, executed: 10
thread 9, executed: 10
thread 10, executed: 10
thread 11, executed: 10
thread 12, executed: 10
thread 13, executed: 10
thread 14, executed: 5
thread 15, executed: 5

-------
Will start sorting with arrays with size: 17500
Thread 6 (of 16) will sort array 30
Thread 14 (of 16) will sort array 70
Thread 15 (of 16) will sort array 75
Thread 8 (of 16) will sort array 40
Thread 10 (of 16) will sort array 50
Thread 3 (of 16) will sort array 15
Thread 0 (of 16) will sort array 0
Thread 9 (of 16) will sort array 45
Thread 7 (of 16) will sort array 35
Thread 4 (of 16) will sort array 20
Thread 11 (of 16) will sort array 55
Thread 1 (of 16) will sort array 5
Thread 13 (of 16) will sort array 65
Thread 5 (of 16) will sort array 25
Thread 12 (of 16) will sort array 60
Thread 2 (of 16) will sort array 10
Thread 0 (of 16) will sort array 1
Thread 0 (of 16) will sort array 2
Thread 0 (of 16) will sort array 3
Thread 0 (of 16) will sort array 4
Thread 0 (of 16) will sort array 80
Thread 6 (of 16) will sort array 31
Thread 6 (of 16) will sort array 32
Thread 6 (of 16) will sort array 33
Thread 6 (of 16) will sort array 34
Thread 6 (of 16) will sort array 110
Thread 8 (of 16) will sort array 41
Thread 8 (of 16) will sort array 42
Thread 8 (of 16) will sort array 43
Thread 8 (of 16) will sort array 44
Thread 8 (of 16) will sort array 120
Thread 4 (of 16) will sort array 21
Thread 4 (of 16) will sort array 22
Thread 4 (of 16) will sort array 23
Thread 4 (of 16) will sort array 24
Thread 4 (of 16) will sort array 100
Thread 7 (of 16) will sort array 36
Thread 9 (of 16) will sort array 46
Thread 9 (of 16) will sort array 47
Thread 7 (of 16) will sort array 37
Thread 9 (of 16) will sort array 48
Thread 7 (of 16) will sort array 38
Thread 9 (of 16) will sort array 49
Thread 7 (of 16) will sort array 39
Thread 9 (of 16) will sort array 125
Thread 7 (of 16) will sort array 115
Thread 13 (of 16) will sort array 66
Thread 13 (of 16) will sort array 67
Thread 2 (of 16) will sort array 11
Thread 13 (of 16) will sort array 68
Thread 2 (of 16) will sort array 12
Thread 13 (of 16) will sort array 69
Thread 2 (of 16) will sort array 13
Thread 13 (of 16) will sort array 145
Thread 2 (of 16) will sort array 14
Thread 2 (of 16) will sort array 90
Thread 1 (of 16) will sort array 6
Thread 14 (of 16) will sort array 71
Thread 1 (of 16) will sort array 7
Thread 14 (of 16) will sort array 72
Thread 1 (of 16) will sort array 8
Thread 14 (of 16) will sort array 73
Thread 1 (of 16) will sort array 9
Thread 14 (of 16) will sort array 74
Thread 1 (of 16) will sort array 85
Thread 10 (of 16) will sort array 51
Thread 11 (of 16) will sort array 56
Thread 10 (of 16) will sort array 52
Thread 11 (of 16) will sort array 57
Thread 10 (of 16) will sort array 53
Thread 11 (of 16) will sort array 58
Thread 10 (of 16) will sort array 54
Thread 11 (of 16) will sort array 59
Thread 10 (of 16) will sort array 130
Thread 11 (of 16) will sort array 135
Thread 3 (of 16) will sort array 16
Thread 5 (of 16) will sort array 26
Thread 3 (of 16) will sort array 17
Thread 5 (of 16) will sort array 27
Thread 3 (of 16) will sort array 18
Thread 5 (of 16) will sort array 28
Thread 3 (of 16) will sort array 19
Thread 5 (of 16) will sort array 29
Thread 3 (of 16) will sort array 95
Thread 5 (of 16) will sort array 105
Thread 15 (of 16) will sort array 76
Thread 15 (of 16) will sort array 77
Thread 12 (of 16) will sort array 61
Thread 15 (of 16) will sort array 78
Thread 12 (of 16) will sort array 62
Thread 15 (of 16) will sort array 79
Thread 12 (of 16) will sort array 63
Thread 12 (of 16) will sort array 64
Thread 12 (of 16) will sort array 140
Thread 1 (of 16) will sort array 86
Thread 1 (of 16) will sort array 87
Thread 1 (of 16) will sort array 88
Thread 1 (of 16) will sort array 89
Thread 12 (of 16) will sort array 141
Thread 12 (of 16) will sort array 142
Thread 12 (of 16) will sort array 143
Thread 12 (of 16) will sort array 144
Thread 4 (of 16) will sort array 101
Thread 4 (of 16) will sort array 102
Thread 4 (of 16) will sort array 103
Thread 4 (of 16) will sort array 104
Thread 8 (of 16) will sort array 121
Thread 8 (of 16) will sort array 122
Thread 8 (of 16) will sort array 123
Thread 8 (of 16) will sort array 124
Thread 13 (of 16) will sort array 146
Thread 13 (of 16) will sort array 147
Thread 13 (of 16) will sort array 148
Thread 13 (of 16) will sort array 149
Thread 2 (of 16) will sort array 91
Thread 2 (of 16) will sort array 92
Thread 2 (of 16) will sort array 93
Thread 2 (of 16) will sort array 94
Thread 0 (of 16) will sort array 81
Thread 0 (of 16) will sort array 82
Thread 0 (of 16) will sort array 83
Thread 0 (of 16) will sort array 84
Thread 6 (of 16) will sort array 111
Thread 6 (of 16) will sort array 112
Thread 6 (of 16) will sort array 113
Thread 6 (of 16) will sort array 114
Thread 7 (of 16) will sort array 116
Thread 7 (of 16) will sort array 117
Thread 7 (of 16) will sort array 118
Thread 7 (of 16) will sort array 119
Thread 9 (of 16) will sort array 126
Thread 9 (of 16) will sort array 127
Thread 9 (of 16) will sort array 128
Thread 9 (of 16) will sort array 129
Thread 11 (of 16) will sort array 136
Thread 11 (of 16) will sort array 137
Thread 11 (of 16) will sort array 138
Thread 11 (of 16) will sort array 139
Thread 10 (of 16) will sort array 131
Thread 10 (of 16) will sort array 132
Thread 10 (of 16) will sort array 133
Thread 10 (of 16) will sort array 134
Thread 5 (of 16) will sort array 106
Thread 5 (of 16) will sort array 107
Thread 5 (of 16) will sort array 108
Thread 3 (of 16) will sort array 96
Thread 5 (of 16) will sort array 109
Thread 3 (of 16) will sort array 97
Thread 3 (of 16) will sort array 98
Thread 3 (of 16) will sort array 99
Tempo: 5.899744, array: 17500

thread 0, executed: 10
thread 1, executed: 10
thread 2, executed: 10
thread 3, executed: 10
thread 4, executed: 10
thread 5, executed: 10
thread 6, executed: 10
thread 7, executed: 10
thread 8, executed: 10
thread 9, executed: 10
thread 10, executed: 10
thread 11, executed: 10
thread 12, executed: 10
thread 13, executed: 10
thread 14, executed: 5
thread 15, executed: 5

-------
Will start sorting with arrays with size: 20000
Thread 6 (of 16) will sort array 30
Thread 15 (of 16) will sort array 75
Thread 0 (of 16) will sort array 0
Thread 10 (of 16) will sort array 50
Thread 4 (of 16) will sort array 20
Thread 12 (of 16) will sort array 60
Thread 8 (of 16) will sort array 40
Thread 3 (of 16) will sort array 15
Thread 7 (of 16) will sort array 35
Thread 14 (of 16) will sort array 70
Thread 2 (of 16) will sort array 10
Thread 1 (of 16) will sort array 5
Thread 13 (of 16) will sort array 65
Thread 5 (of 16) will sort array 25
Thread 11 (of 16) will sort array 55
Thread 9 (of 16) will sort array 45
Thread 0 (of 16) will sort array 1
Thread 0 (of 16) will sort array 2
Thread 6 (of 16) will sort array 31
Thread 0 (of 16) will sort array 3
Thread 6 (of 16) will sort array 32
Thread 0 (of 16) will sort array 4
Thread 6 (of 16) will sort array 33
Thread 0 (of 16) will sort array 80
Thread 6 (of 16) will sort array 34
Thread 6 (of 16) will sort array 110
Thread 5 (of 16) will sort array 26
Thread 8 (of 16) will sort array 41
Thread 5 (of 16) will sort array 27
Thread 8 (of 16) will sort array 42
Thread 5 (of 16) will sort array 28
Thread 8 (of 16) will sort array 43
Thread 8 (of 16) will sort array 44
Thread 5 (of 16) will sort array 29
Thread 8 (of 16) will sort array 120
Thread 5 (of 16) will sort array 105
Thread 3 (of 16) will sort array 16
Thread 4 (of 16) will sort array 21
Thread 3 (of 16) will sort array 17
Thread 9 (of 16) will sort array 46
Thread 4 (of 16) will sort array 22
Thread 13 (of 16) will sort array 66
Thread 3 (of 16) will sort array 18
Thread 9 (of 16) will sort array 47
Thread 7 (of 16) will sort array 36
Thread 4 (of 16) will sort array 23
Thread 13 (of 16) will sort array 67
Thread 10 (of 16) will sort array 51
Thread 9 (of 16) will sort array 48
Thread 3 (of 16) will sort array 19
Thread 7 (of 16) will sort array 37
Thread 13 (of 16) will sort array 68
Thread 4 (of 16) will sort array 24
Thread 10 (of 16) will sort array 52
Thread 9 (of 16) will sort array 49
Thread 13 (of 16) will sort array 69
Thread 3 (of 16) will sort array 95
Thread 7 (of 16) will sort array 38
Thread 10 (of 16) will sort array 53
Thread 4 (of 16) will sort array 100
Thread 9 (of 16) will sort array 125
Thread 13 (of 16) will sort array 145
Thread 7 (of 16) will sort array 39
Thread 10 (of 16) will sort array 54
Thread 7 (of 16) will sort array 115
Thread 10 (of 16) will sort array 130
Thread 1 (of 16) will sort array 6
Thread 14 (of 16) will sort array 71
Thread 1 (of 16) will sort array 7
Thread 14 (of 16) will sort array 72
Thread 1 (of 16) will sort array 8
Thread 14 (of 16) will sort array 73
Thread 1 (of 16) will sort array 9
Thread 14 (of 16) will sort array 74
Thread 1 (of 16) will sort array 85
Thread 15 (of 16) will sort array 76
Thread 12 (of 16) will sort array 61
Thread 15 (of 16) will sort array 77
Thread 15 (of 16) will sort array 78
Thread 12 (of 16) will sort array 62
Thread 15 (of 16) will sort array 79
Thread 12 (of 16) will sort array 63
Thread 12 (of 16) will sort array 64
Thread 12 (of 16) will sort array 140
Thread 2 (of 16) will sort array 11
Thread 2 (of 16) will sort array 12
Thread 11 (of 16) will sort array 56
Thread 2 (of 16) will sort array 13
Thread 11 (of 16) will sort array 57
Thread 2 (of 16) will sort array 14
Thread 11 (of 16) will sort array 58
Thread 2 (of 16) will sort array 90
Thread 11 (of 16) will sort array 59
Thread 11 (of 16) will sort array 135
Thread 5 (of 16) will sort array 106
Thread 5 (of 16) will sort array 107
Thread 5 (of 16) will sort array 108
Thread 5 (of 16) will sort array 109
Thread 12 (of 16) will sort array 141
Thread 12 (of 16) will sort array 142
Thread 12 (of 16) will sort array 143
Thread 12 (of 16) will sort array 144
Thread 0 (of 16) will sort array 81
Thread 0 (of 16) will sort array 82
Thread 0 (of 16) will sort array 83
Thread 0 (of 16) will sort array 84
Thread 6 (of 16) will sort array 111
Thread 6 (of 16) will sort array 112
Thread 6 (of 16) will sort array 113
Thread 6 (of 16) will sort array 114
Thread 8 (of 16) will sort array 121
Thread 8 (of 16) will sort array 122
Thread 8 (of 16) will sort array 123
Thread 8 (of 16) will sort array 124
Thread 1 (of 16) will sort array 86
Thread 1 (of 16) will sort array 87
Thread 1 (of 16) will sort array 88
Thread 1 (of 16) will sort array 89
Thread 13 (of 16) will sort array 146
Thread 13 (of 16) will sort array 147
Thread 13 (of 16) will sort array 148
Thread 13 (of 16) will sort array 149
Thread 10 (of 16) will sort array 131
Thread 10 (of 16) will sort array 132
Thread 10 (of 16) will sort array 133
Thread 10 (of 16) will sort array 134
Thread 11 (of 16) will sort array 136
Thread 11 (of 16) will sort array 137
Thread 11 (of 16) will sort array 138
Thread 11 (of 16) will sort array 139
Thread 2 (of 16) will sort array 91
Thread 2 (of 16) will sort array 92
Thread 2 (of 16) will sort array 93
Thread 2 (of 16) will sort array 94
Thread 3 (of 16) will sort array 96
Thread 3 (of 16) will sort array 97
Thread 3 (of 16) will sort array 98
Thread 7 (of 16) will sort array 116
Thread 3 (of 16) will sort array 99
Thread 7 (of 16) will sort array 117
Thread 7 (of 16) will sort array 118
Thread 7 (of 16) will sort array 119
Thread 4 (of 16) will sort array 101
Thread 4 (of 16) will sort array 102
Thread 4 (of 16) will sort array 103
Thread 4 (of 16) will sort array 104
Thread 9 (of 16) will sort array 126
Thread 9 (of 16) will sort array 127
Thread 9 (of 16) will sort array 128
Thread 9 (of 16) will sort array 129
Tempo: 7.707594, array: 20000

thread 0, executed: 10
thread 1, executed: 10
thread 2, executed: 10
thread 3, executed: 10
thread 4, executed: 10
thread 5, executed: 10
thread 6, executed: 10
thread 7, executed: 10
thread 8, executed: 10
thread 9, executed: 10
thread 10, executed: 10
thread 11, executed: 10
thread 12, executed: 10
thread 13, executed: 10
thread 14, executed: 5
thread 15, executed: 5

-------
Will start sorting with arrays with size: 22500
Thread 2 (of 16) will sort array 10
Thread 6 (of 16) will sort array 30
Thread 12 (of 16) will sort array 60
Thread 3 (of 16) will sort array 15
Thread 0 (of 16) will sort array 0
Thread 8 (of 16) will sort array 40
Thread 13 (of 16) will sort array 65
Thread 15 (of 16) will sort array 75
Thread 5 (of 16) will sort array 25
Thread 14 (of 16) will sort array 70
Thread 11 (of 16) will sort array 55
Thread 9 (of 16) will sort array 45
Thread 10 (of 16) will sort array 50
Thread 1 (of 16) will sort array 5
Thread 7 (of 16) will sort array 35
Thread 4 (of 16) will sort array 20
Thread 0 (of 16) will sort array 1
Thread 0 (of 16) will sort array 2
Thread 2 (of 16) will sort array 11
Thread 0 (of 16) will sort array 3
Thread 2 (of 16) will sort array 12
Thread 0 (of 16) will sort array 4
Thread 2 (of 16) will sort array 13
Thread 0 (of 16) will sort array 80
Thread 2 (of 16) will sort array 14
Thread 2 (of 16) will sort array 90
Thread 14 (of 16) will sort array 71
Thread 6 (of 16) will sort array 31
Thread 14 (of 16) will sort array 72
Thread 6 (of 16) will sort array 32
Thread 14 (of 16) will sort array 73
Thread 6 (of 16) will sort array 33
Thread 14 (of 16) will sort array 74
Thread 6 (of 16) will sort array 34
Thread 6 (of 16) will sort array 110
Thread 1 (of 16) will sort array 6
Thread 1 (of 16) will sort array 7
Thread 1 (of 16) will sort array 8
Thread 1 (of 16) will sort array 9
Thread 5 (of 16) will sort array 26
Thread 1 (of 16) will sort array 85
Thread 5 (of 16) will sort array 27
Thread 5 (of 16) will sort array 28
Thread 5 (of 16) will sort array 29
Thread 5 (of 16) will sort array 105
Thread 10 (of 16) will sort array 51
Thread 12 (of 16) will sort array 61
Thread 10 (of 16) will sort array 52
Thread 12 (of 16) will sort array 62
Thread 10 (of 16) will sort array 53
Thread 12 (of 16) will sort array 63
Thread 10 (of 16) will sort array 54
Thread 12 (of 16) will sort array 64
Thread 10 (of 16) will sort array 130
Thread 12 (of 16) will sort array 140
Thread 9 (of 16) will sort array 46
Thread 11 (of 16) will sort array 56
Thread 9 (of 16) will sort array 47
Thread 11 (of 16) will sort array 57
Thread 9 (of 16) will sort array 48
Thread 11 (of 16) will sort array 58
Thread 9 (of 16) will sort array 49
Thread 11 (of 16) will sort array 59
Thread 9 (of 16) will sort array 125
Thread 11 (of 16) will sort array 135
Thread 3 (of 16) will sort array 16
Thread 8 (of 16) will sort array 41
Thread 3 (of 16) will sort array 17
Thread 8 (of 16) will sort array 42
Thread 13 (of 16) will sort array 66
Thread 3 (of 16) will sort array 18
Thread 15 (of 16) will sort array 76
Thread 8 (of 16) will sort array 43
Thread 3 (of 16) will sort array 19
Thread 13 (of 16) will sort array 67
Thread 15 (of 16) will sort array 77
Thread 8 (of 16) will sort array 44
Thread 3 (of 16) will sort array 95
Thread 13 (of 16) will sort array 68
Thread 15 (of 16) will sort array 78
Thread 8 (of 16) will sort array 120
Thread 13 (of 16) will sort array 69
Thread 15 (of 16) will sort array 79
Thread 13 (of 16) will sort array 145
Thread 4 (of 16) will sort array 21
Thread 7 (of 16) will sort array 36
Thread 4 (of 16) will sort array 22
Thread 7 (of 16) will sort array 37
Thread 4 (of 16) will sort array 23
Thread 7 (of 16) will sort array 38
Thread 4 (of 16) will sort array 24
Thread 7 (of 16) will sort array 39
Thread 4 (of 16) will sort array 100
Thread 7 (of 16) will sort array 115
Thread 6 (of 16) will sort array 111
Thread 6 (of 16) will sort array 112
Thread 6 (of 16) will sort array 113
Thread 6 (of 16) will sort array 114
Thread 9 (of 16) will sort array 126
Thread 9 (of 16) will sort array 127
Thread 9 (of 16) will sort array 128
Thread 9 (of 16) will sort array 129
Thread 12 (of 16) will sort array 141
Thread 12 (of 16) will sort array 142
Thread 12 (of 16) will sort array 143
Thread 12 (of 16) will sort array 144
Thread 10 (of 16) will sort array 131
Thread 10 (of 16) will sort array 132
Thread 10 (of 16) will sort array 133
Thread 10 (of 16) will sort array 134
Thread 3 (of 16) will sort array 96
Thread 3 (of 16) will sort array 97
Thread 3 (of 16) will sort array 98
Thread 3 (of 16) will sort array 99
Thread 8 (of 16) will sort array 121
Thread 8 (of 16) will sort array 122
Thread 8 (of 16) will sort array 123
Thread 8 (of 16) will sort array 124
Thread 2 (of 16) will sort array 91
Thread 0 (of 16) will sort array 81
Thread 2 (of 16) will sort array 92
Thread 0 (of 16) will sort array 82
Thread 2 (of 16) will sort array 93
Thread 0 (of 16) will sort array 83
Thread 2 (of 16) will sort array 94
Thread 0 (of 16) will sort array 84
Thread 13 (of 16) will sort array 146
Thread 13 (of 16) will sort array 147
Thread 13 (of 16) will sort array 148
Thread 13 (of 16) will sort array 149
Thread 11 (of 16) will sort array 136
Thread 11 (of 16) will sort array 137
Thread 11 (of 16) will sort array 138
Thread 11 (of 16) will sort array 139
Thread 1 (of 16) will sort array 86
Thread 1 (of 16) will sort array 87
Thread 1 (of 16) will sort array 88
Thread 1 (of 16) will sort array 89
Thread 5 (of 16) will sort array 106
Thread 5 (of 16) will sort array 107
Thread 5 (of 16) will sort array 108
Thread 5 (of 16) will sort array 109
Thread 4 (of 16) will sort array 101
Thread 4 (of 16) will sort array 102
Thread 4 (of 16) will sort array 103
Thread 4 (of 16) will sort array 104
Thread 7 (of 16) will sort array 116
Thread 7 (of 16) will sort array 117
Thread 7 (of 16) will sort array 118
Thread 7 (of 16) will sort array 119
Tempo: 9.780204, array: 22500

thread 0, executed: 10
thread 1, executed: 10
thread 2, executed: 10
thread 3, executed: 10
thread 4, executed: 10
thread 5, executed: 10
thread 6, executed: 10
thread 7, executed: 10
thread 8, executed: 10
thread 9, executed: 10
thread 10, executed: 10
thread 11, executed: 10
thread 12, executed: 10
thread 13, executed: 10
thread 14, executed: 5
thread 15, executed: 5

-------
Will start sorting with arrays with size: 25000
Thread 0 (of 16) will sort array 0
Thread 7 (of 16) will sort array 35
Thread 11 (of 16) will sort array 55
Thread 10 (of 16) will sort array 50
Thread 6 (of 16) will sort array 30
Thread 14 (of 16) will sort array 70
Thread 3 (of 16) will sort array 15
Thread 9 (of 16) will sort array 45
Thread 12 (of 16) will sort array 60
Thread 4 (of 16) will sort array 20
Thread 2 (of 16) will sort array 10
Thread 5 (of 16) will sort array 25
Thread 15 (of 16) will sort array 75
Thread 1 (of 16) will sort array 5
Thread 13 (of 16) will sort array 65
Thread 8 (of 16) will sort array 40
Thread 0 (of 16) will sort array 1
Thread 0 (of 16) will sort array 2
Thread 0 (of 16) will sort array 3
Thread 7 (of 16) will sort array 36
Thread 0 (of 16) will sort array 4
Thread 7 (of 16) will sort array 37
Thread 0 (of 16) will sort array 80
Thread 7 (of 16) will sort array 38
Thread 7 (of 16) will sort array 39
Thread 7 (of 16) will sort array 115
Thread 9 (of 16) will sort array 46
Thread 9 (of 16) will sort array 47
Thread 9 (of 16) will sort array 48
Thread 9 (of 16) will sort array 49
Thread 9 (of 16) will sort array 125
Thread 11 (of 16) will sort array 56
Thread 11 (of 16) will sort array 57
Thread 11 (of 16) will sort array 58
Thread 11 (of 16) will sort array 59
Thread 11 (of 16) will sort array 135
Thread 14 (of 16) will sort array 71
Thread 6 (of 16) will sort array 31
Thread 14 (of 16) will sort array 72
Thread 6 (of 16) will sort array 32
Thread 14 (of 16) will sort array 73
Thread 6 (of 16) will sort array 33
Thread 14 (of 16) will sort array 74
Thread 6 (of 16) will sort array 34
Thread 6 (of 16) will sort array 110
Thread 4 (of 16) will sort array 21
Thread 13 (of 16) will sort array 66
Thread 15 (of 16) will sort array 76
Thread 2 (of 16) will sort array 11
Thread 4 (of 16) will sort array 22
Thread 13 (of 16) will sort array 67
Thread 15 (of 16) will sort array 77
Thread 2 (of 16) will sort array 12
Thread 4 (of 16) will sort array 23
Thread 13 (of 16) will sort array 68
Thread 15 (of 16) will sort array 78
Thread 2 (of 16) will sort array 13
Thread 4 (of 16) will sort array 24
Thread 13 (of 16) will sort array 69
Thread 15 (of 16) will sort array 79
Thread 2 (of 16) will sort array 14
Thread 4 (of 16) will sort array 100
Thread 13 (of 16) will sort array 145
Thread 2 (of 16) will sort array 90
Thread 1 (of 16) will sort array 6
Thread 1 (of 16) will sort array 7
Thread 1 (of 16) will sort array 8
Thread 5 (of 16) will sort array 26
Thread 1 (of 16) will sort array 9
Thread 5 (of 16) will sort array 27
Thread 1 (of 16) will sort array 85
Thread 5 (of 16) will sort array 28
Thread 5 (of 16) will sort array 29
Thread 5 (of 16) will sort array 105
Thread 12 (of 16) will sort array 61
Thread 10 (of 16) will sort array 51
Thread 12 (of 16) will sort array 62
Thread 10 (of 16) will sort array 52
Thread 12 (of 16) will sort array 63
Thread 10 (of 16) will sort array 53
Thread 12 (of 16) will sort array 64
Thread 10 (of 16) will sort array 54
Thread 12 (of 16) will sort array 140
Thread 10 (of 16) will sort array 130
Thread 3 (of 16) will sort array 16
Thread 8 (of 16) will sort array 41
Thread 3 (of 16) will sort array 17
Thread 8 (of 16) will sort array 42
Thread 3 (of 16) will sort array 18
Thread 8 (of 16) will sort array 43
Thread 3 (of 16) will sort array 19
Thread 8 (of 16) will sort array 44
Thread 3 (of 16) will sort array 95
Thread 8 (of 16) will sort array 120
Thread 6 (of 16) will sort array 111
Thread 6 (of 16) will sort array 112
Thread 6 (of 16) will sort array 113
Thread 6 (of 16) will sort array 114
Thread 8 (of 16) will sort array 121
Thread 8 (of 16) will sort array 122
Thread 8 (of 16) will sort array 123
Thread 8 (of 16) will sort array 124
Thread 12 (of 16) will sort array 141
Thread 12 (of 16) will sort array 142
Thread 12 (of 16) will sort array 143
Thread 12 (of 16) will sort array 144
Thread 11 (of 16) will sort array 136
Thread 11 (of 16) will sort array 137
Thread 11 (of 16) will sort array 138
Thread 11 (of 16) will sort array 139
Thread 10 (of 16) will sort array 131
Thread 10 (of 16) will sort array 132
Thread 10 (of 16) will sort array 133
Thread 10 (of 16) will sort array 134
Thread 9 (of 16) will sort array 126
Thread 9 (of 16) will sort array 127
Thread 9 (of 16) will sort array 128
Thread 9 (of 16) will sort array 129
Thread 0 (of 16) will sort array 81
Thread 0 (of 16) will sort array 82
Thread 0 (of 16) will sort array 83
Thread 0 (of 16) will sort array 84
Thread 7 (of 16) will sort array 116
Thread 7 (of 16) will sort array 117
Thread 7 (of 16) will sort array 118
Thread 7 (of 16) will sort array 119
Thread 13 (of 16) will sort array 146
Thread 13 (of 16) will sort array 147
Thread 13 (of 16) will sort array 148
Thread 13 (of 16) will sort array 149
Thread 1 (of 16) will sort array 86
Thread 1 (of 16) will sort array 87
Thread 1 (of 16) will sort array 88
Thread 1 (of 16) will sort array 89
Thread 5 (of 16) will sort array 106
Thread 5 (of 16) will sort array 107
Thread 5 (of 16) will sort array 108
Thread 5 (of 16) will sort array 109
Thread 2 (of 16) will sort array 91
Thread 2 (of 16) will sort array 92
Thread 2 (of 16) will sort array 93
Thread 2 (of 16) will sort array 94
Thread 4 (of 16) will sort array 101
Thread 4 (of 16) will sort array 102
Thread 4 (of 16) will sort array 103
Thread 4 (of 16) will sort array 104
Thread 3 (of 16) will sort array 96
Thread 3 (of 16) will sort array 97
Thread 3 (of 16) will sort array 98
Thread 3 (of 16) will sort array 99
Tempo: 12.029138, array: 25000

thread 0, executed: 10
thread 1, executed: 10
thread 2, executed: 10
thread 3, executed: 10
thread 4, executed: 10
thread 5, executed: 10
thread 6, executed: 10
thread 7, executed: 10
thread 8, executed: 10
thread 9, executed: 10
thread 10, executed: 10
thread 11, executed: 10
thread 12, executed: 10
thread 13, executed: 10
thread 14, executed: 5
thread 15, executed: 5



number of arrays: 150
size,time
2500,0.166086
5000,0.506746
7500,1.111044
10000,1.955032
12500,3.035921
15000,4.347482
17500,5.899744
20000,7.707594
22500,9.780204
25000,12.029138
