
-------
Will start sorting with arrays with size: 2500
Thread 4 (of 8) will sort array 20
Thread 0 (of 8) will sort array 0
Thread 1 (of 8) will sort array 5
Thread 3 (of 8) will sort array 15
Thread 2 (of 8) will sort array 10
Thread 3 (of 8) will sort array 16
Thread 3 (of 8) will sort array 17
Thread 3 (of 8) will sort array 18
Thread 3 (of 8) will sort array 19
Thread 2 (of 8) will sort array 11
Thread 2 (of 8) will sort array 12
Thread 2 (of 8) will sort array 13
Thread 2 (of 8) will sort array 14
Thread 4 (of 8) will sort array 21
Thread 4 (of 8) will sort array 22
Thread 4 (of 8) will sort array 23
Thread 4 (of 8) will sort array 24
Thread 1 (of 8) will sort array 6
Thread 1 (of 8) will sort array 7
Thread 1 (of 8) will sort array 8
Thread 1 (of 8) will sort array 9
Thread 0 (of 8) will sort array 1
Thread 0 (of 8) will sort array 2
Thread 0 (of 8) will sort array 3
Thread 0 (of 8) will sort array 4
Tempo: 0.043824, array: 2500

thread 0, executed: 5
thread 1, executed: 5
thread 2, executed: 5
thread 3, executed: 5
thread 4, executed: 5
thread 5, executed: 0
thread 6, executed: 0
thread 7, executed: 0

-------
Will start sorting with arrays with size: 5000
Thread 3 (of 8) will sort array 15
Thread 2 (of 8) will sort array 10
Thread 0 (of 8) will sort array 0
Thread 4 (of 8) will sort array 20
Thread 1 (of 8) will sort array 5
Thread 3 (of 8) will sort array 16
Thread 3 (of 8) will sort array 17
Thread 3 (of 8) will sort array 18
Thread 3 (of 8) will sort array 19
Thread 0 (of 8) will sort array 1
Thread 0 (of 8) will sort array 2
Thread 0 (of 8) will sort array 3
Thread 0 (of 8) will sort array 4
Thread 2 (of 8) will sort array 11
Thread 2 (of 8) will sort array 12
Thread 2 (of 8) will sort array 13
Thread 2 (of 8) will sort array 14
Thread 1 (of 8) will sort array 6
Thread 1 (of 8) will sort array 7
Thread 1 (of 8) will sort array 8
Thread 1 (of 8) will sort array 9
Thread 4 (of 8) will sort array 21
Thread 4 (of 8) will sort array 22
Thread 4 (of 8) will sort array 23
Thread 4 (of 8) will sort array 24
Tempo: 0.119797, array: 5000

thread 0, executed: 5
thread 1, executed: 5
thread 2, executed: 5
thread 3, executed: 5
thread 4, executed: 5
thread 5, executed: 0
thread 6, executed: 0
thread 7, executed: 0

-------
Will start sorting with arrays with size: 7500
Thread 3 (of 8) will sort array 15
Thread 1 (of 8) will sort array 5
Thread 4 (of 8) will sort array 20
Thread 2 (of 8) will sort array 10
Thread 0 (of 8) will sort array 0
Thread 2 (of 8) will sort array 11
Thread 2 (of 8) will sort array 12
Thread 2 (of 8) will sort array 13
Thread 2 (of 8) will sort array 14
Thread 4 (of 8) will sort array 21
Thread 4 (of 8) will sort array 22
Thread 4 (of 8) will sort array 23
Thread 4 (of 8) will sort array 24
Thread 3 (of 8) will sort array 16
Thread 3 (of 8) will sort array 17
Thread 3 (of 8) will sort array 18
Thread 3 (of 8) will sort array 19
Thread 1 (of 8) will sort array 6
Thread 1 (of 8) will sort array 7
Thread 1 (of 8) will sort array 8
Thread 1 (of 8) will sort array 9
Thread 0 (of 8) will sort array 1
Thread 0 (of 8) will sort array 2
Thread 0 (of 8) will sort array 3
Thread 0 (of 8) will sort array 4
Tempo: 0.269958, array: 7500

thread 0, executed: 5
thread 1, executed: 5
thread 2, executed: 5
thread 3, executed: 5
thread 4, executed: 5
thread 5, executed: 0
thread 6, executed: 0
thread 7, executed: 0

-------
Will start sorting with arrays with size: 10000
Thread 4 (of 8) will sort array 20
Thread 3 (of 8) will sort array 15
Thread 0 (of 8) will sort array 0
Thread 2 (of 8) will sort array 10
Thread 1 (of 8) will sort array 5
Thread 3 (of 8) will sort array 16
Thread 3 (of 8) will sort array 17
Thread 3 (of 8) will sort array 18
Thread 3 (of 8) will sort array 19
Thread 1 (of 8) will sort array 6
Thread 1 (of 8) will sort array 7
Thread 1 (of 8) will sort array 8
Thread 1 (of 8) will sort array 9
Thread 0 (of 8) will sort array 1
Thread 0 (of 8) will sort array 2
Thread 0 (of 8) will sort array 3
Thread 0 (of 8) will sort array 4
Thread 2 (of 8) will sort array 11
Thread 2 (of 8) will sort array 12
Thread 2 (of 8) will sort array 13
Thread 2 (of 8) will sort array 14
Thread 4 (of 8) will sort array 21
Thread 4 (of 8) will sort array 22
Thread 4 (of 8) will sort array 23
Thread 4 (of 8) will sort array 24
Tempo: 0.486818, array: 10000

thread 0, executed: 5
thread 1, executed: 5
thread 2, executed: 5
thread 3, executed: 5
thread 4, executed: 5
thread 5, executed: 0
thread 6, executed: 0
thread 7, executed: 0

-------
Will start sorting with arrays with size: 12500
Thread 4 (of 8) will sort array 20
Thread 1 (of 8) will sort array 5
Thread 0 (of 8) will sort array 0
Thread 2 (of 8) will sort array 10
Thread 3 (of 8) will sort array 15
Thread 3 (of 8) will sort array 16
Thread 3 (of 8) will sort array 17
Thread 3 (of 8) will sort array 18
Thread 3 (of 8) will sort array 19
Thread 1 (of 8) will sort array 6
Thread 1 (of 8) will sort array 7
Thread 1 (of 8) will sort array 8
Thread 1 (of 8) will sort array 9
Thread 2 (of 8) will sort array 11
Thread 2 (of 8) will sort array 12
Thread 2 (of 8) will sort array 13
Thread 2 (of 8) will sort array 14
Thread 0 (of 8) will sort array 1
Thread 0 (of 8) will sort array 2
Thread 0 (of 8) will sort array 3
Thread 0 (of 8) will sort array 4
Thread 4 (of 8) will sort array 21
Thread 4 (of 8) will sort array 22
Thread 4 (of 8) will sort array 23
Thread 4 (of 8) will sort array 24
Tempo: 0.743642, array: 12500

thread 0, executed: 5
thread 1, executed: 5
thread 2, executed: 5
thread 3, executed: 5
thread 4, executed: 5
thread 5, executed: 0
thread 6, executed: 0
thread 7, executed: 0

-------
Will start sorting with arrays with size: 15000
Thread 2 (of 8) will sort array 10
Thread 3 (of 8) will sort array 15
Thread 1 (of 8) will sort array 5
Thread 0 (of 8) will sort array 0
Thread 4 (of 8) will sort array 20
Thread 2 (of 8) will sort array 11
Thread 2 (of 8) will sort array 12
Thread 2 (of 8) will sort array 13
Thread 2 (of 8) will sort array 14
Thread 0 (of 8) will sort array 1
Thread 0 (of 8) will sort array 2
Thread 0 (of 8) will sort array 3
Thread 0 (of 8) will sort array 4
Thread 3 (of 8) will sort array 16
Thread 3 (of 8) will sort array 17
Thread 3 (of 8) will sort array 18
Thread 3 (of 8) will sort array 19
Thread 1 (of 8) will sort array 6
Thread 1 (of 8) will sort array 7
Thread 1 (of 8) will sort array 8
Thread 1 (of 8) will sort array 9
Thread 4 (of 8) will sort array 21
Thread 4 (of 8) will sort array 22
Thread 4 (of 8) will sort array 23
Thread 4 (of 8) will sort array 24
Tempo: 1.083060, array: 15000

thread 0, executed: 5
thread 1, executed: 5
thread 2, executed: 5
thread 3, executed: 5
thread 4, executed: 5
thread 5, executed: 0
thread 6, executed: 0
thread 7, executed: 0

-------
Will start sorting with arrays with size: 17500
Thread 0 (of 8) will sort array 0
Thread 2 (of 8) will sort array 10
Thread 4 (of 8) will sort array 20
Thread 3 (of 8) will sort array 15
Thread 1 (of 8) will sort array 5
Thread 0 (of 8) will sort array 1
Thread 0 (of 8) will sort array 2
Thread 0 (of 8) will sort array 3
Thread 0 (of 8) will sort array 4
Thread 2 (of 8) will sort array 11
Thread 2 (of 8) will sort array 12
Thread 2 (of 8) will sort array 13
Thread 2 (of 8) will sort array 14
Thread 3 (of 8) will sort array 16
Thread 3 (of 8) will sort array 17
Thread 3 (of 8) will sort array 18
Thread 3 (of 8) will sort array 19
Thread 1 (of 8) will sort array 6
Thread 1 (of 8) will sort array 7
Thread 1 (of 8) will sort array 8
Thread 1 (of 8) will sort array 9
Thread 4 (of 8) will sort array 21
Thread 4 (of 8) will sort array 22
Thread 4 (of 8) will sort array 23
Thread 4 (of 8) will sort array 24
Tempo: 1.470902, array: 17500

thread 0, executed: 5
thread 1, executed: 5
thread 2, executed: 5
thread 3, executed: 5
thread 4, executed: 5
thread 5, executed: 0
thread 6, executed: 0
thread 7, executed: 0

-------
Will start sorting with arrays with size: 20000
Thread 3 (of 8) will sort array 15
Thread 2 (of 8) will sort array 10
Thread 0 (of 8) will sort array 0
Thread 1 (of 8) will sort array 5
Thread 4 (of 8) will sort array 20
Thread 2 (of 8) will sort array 11
Thread 2 (of 8) will sort array 12
Thread 2 (of 8) will sort array 13
Thread 2 (of 8) will sort array 14
Thread 4 (of 8) will sort array 21
Thread 4 (of 8) will sort array 22
Thread 4 (of 8) will sort array 23
Thread 4 (of 8) will sort array 24
Thread 3 (of 8) will sort array 16
Thread 3 (of 8) will sort array 17
Thread 3 (of 8) will sort array 18
Thread 3 (of 8) will sort array 19
Thread 1 (of 8) will sort array 6
Thread 1 (of 8) will sort array 7
Thread 1 (of 8) will sort array 8
Thread 1 (of 8) will sort array 9
Thread 0 (of 8) will sort array 1
Thread 0 (of 8) will sort array 2
Thread 0 (of 8) will sort array 3
Thread 0 (of 8) will sort array 4
Tempo: 1.906109, array: 20000

thread 0, executed: 5
thread 1, executed: 5
thread 2, executed: 5
thread 3, executed: 5
thread 4, executed: 5
thread 5, executed: 0
thread 6, executed: 0
thread 7, executed: 0

-------
Will start sorting with arrays with size: 22500
Thread 4 (of 8) will sort array 20
Thread 2 (of 8) will sort array 10
Thread 1 (of 8) will sort array 5
Thread 0 (of 8) will sort array 0
Thread 3 (of 8) will sort array 15
Thread 1 (of 8) will sort array 6
Thread 1 (of 8) will sort array 7
Thread 1 (of 8) will sort array 8
Thread 1 (of 8) will sort array 9
Thread 3 (of 8) will sort array 16
Thread 3 (of 8) will sort array 17
Thread 3 (of 8) will sort array 18
Thread 3 (of 8) will sort array 19
Thread 4 (of 8) will sort array 21
Thread 4 (of 8) will sort array 22
Thread 4 (of 8) will sort array 23
Thread 4 (of 8) will sort array 24
Thread 0 (of 8) will sort array 1
Thread 0 (of 8) will sort array 2
Thread 0 (of 8) will sort array 3
Thread 0 (of 8) will sort array 4
Thread 2 (of 8) will sort array 11
Thread 2 (of 8) will sort array 12
Thread 2 (of 8) will sort array 13
Thread 2 (of 8) will sort array 14
Tempo: 2.418647, array: 22500

thread 0, executed: 5
thread 1, executed: 5
thread 2, executed: 5
thread 3, executed: 5
thread 4, executed: 5
thread 5, executed: 0
thread 6, executed: 0
thread 7, executed: 0

-------
Will start sorting with arrays with size: 25000
Thread 0 (of 8) will sort array 0
Thread 3 (of 8) will sort array 15
Thread 1 (of 8) will sort array 5
Thread 2 (of 8) will sort array 10
Thread 4 (of 8) will sort array 20
Thread 3 (of 8) will sort array 16
Thread 3 (of 8) will sort array 17
Thread 3 (of 8) will sort array 18
Thread 3 (of 8) will sort array 19
Thread 1 (of 8) will sort array 6
Thread 1 (of 8) will sort array 7
Thread 1 (of 8) will sort array 8
Thread 1 (of 8) will sort array 9
Thread 0 (of 8) will sort array 1
Thread 0 (of 8) will sort array 2
Thread 0 (of 8) will sort array 3
Thread 0 (of 8) will sort array 4
Thread 4 (of 8) will sort array 21
Thread 4 (of 8) will sort array 22
Thread 4 (of 8) will sort array 23
Thread 4 (of 8) will sort array 24
Thread 2 (of 8) will sort array 11
Thread 2 (of 8) will sort array 12
Thread 2 (of 8) will sort array 13
Thread 2 (of 8) will sort array 14
Tempo: 2.957735, array: 25000

thread 0, executed: 5
thread 1, executed: 5
thread 2, executed: 5
thread 3, executed: 5
thread 4, executed: 5
thread 5, executed: 0
thread 6, executed: 0
thread 7, executed: 0



number of arrays: 25
size,time
2500,0.043824
5000,0.119797
7500,0.269958
10000,0.486818
12500,0.743642
15000,1.083060
17500,1.470902
20000,1.906109
22500,2.418647
25000,2.957735
