
-------
Will start sorting with arrays with size: 2500
Thread 3 (of 4) will sort array 15
Thread 0 (of 4) will sort array 0
Thread 1 (of 4) will sort array 5
Thread 2 (of 4) will sort array 10
Thread 2 (of 4) will sort array 11
Thread 2 (of 4) will sort array 12
Thread 2 (of 4) will sort array 13
Thread 2 (of 4) will sort array 14
Thread 1 (of 4) will sort array 6
Thread 1 (of 4) will sort array 7
Thread 0 (of 4) will sort array 1
Thread 1 (of 4) will sort array 8
Thread 0 (of 4) will sort array 2
Thread 1 (of 4) will sort array 9
Thread 0 (of 4) will sort array 3
Thread 0 (of 4) will sort array 4
Thread 0 (of 4) will sort array 20
Thread 3 (of 4) will sort array 16
Thread 3 (of 4) will sort array 17
Thread 3 (of 4) will sort array 18
Thread 3 (of 4) will sort array 19
Thread 0 (of 4) will sort array 21
Thread 0 (of 4) will sort array 22
Thread 0 (of 4) will sort array 23
Thread 0 (of 4) will sort array 24
Tempo: 0.058189, array: 2500

thread 0, executed: 10
thread 1, executed: 5
thread 2, executed: 5
thread 3, executed: 5

-------
Will start sorting with arrays with size: 5000
Thread 0 (of 4) will sort array 0
Thread 1 (of 4) will sort array 5
Thread 2 (of 4) will sort array 10
Thread 3 (of 4) will sort array 15
Thread 0 (of 4) will sort array 1
Thread 0 (of 4) will sort array 2
Thread 0 (of 4) will sort array 3
Thread 0 (of 4) will sort array 4
Thread 0 (of 4) will sort array 20
Thread 2 (of 4) will sort array 11
Thread 2 (of 4) will sort array 12
Thread 2 (of 4) will sort array 13
Thread 2 (of 4) will sort array 14
Thread 1 (of 4) will sort array 6
Thread 1 (of 4) will sort array 7
Thread 1 (of 4) will sort array 8
Thread 1 (of 4) will sort array 9
Thread 3 (of 4) will sort array 16
Thread 3 (of 4) will sort array 17
Thread 3 (of 4) will sort array 18
Thread 3 (of 4) will sort array 19
Thread 0 (of 4) will sort array 21
Thread 0 (of 4) will sort array 22
Thread 0 (of 4) will sort array 23
Thread 0 (of 4) will sort array 24
Tempo: 0.226354, array: 5000

thread 0, executed: 10
thread 1, executed: 5
thread 2, executed: 5
thread 3, executed: 5

-------
Will start sorting with arrays with size: 7500
Thread 1 (of 4) will sort array 5
Thread 3 (of 4) will sort array 15
Thread 0 (of 4) will sort array 0
Thread 2 (of 4) will sort array 10
Thread 2 (of 4) will sort array 11
Thread 2 (of 4) will sort array 12
Thread 2 (of 4) will sort array 13
Thread 2 (of 4) will sort array 14
Thread 1 (of 4) will sort array 6
Thread 1 (of 4) will sort array 7
Thread 1 (of 4) will sort array 8
Thread 1 (of 4) will sort array 9
Thread 3 (of 4) will sort array 16
Thread 3 (of 4) will sort array 17
Thread 3 (of 4) will sort array 18
Thread 3 (of 4) will sort array 19
Thread 0 (of 4) will sort array 1
Thread 0 (of 4) will sort array 2
Thread 0 (of 4) will sort array 3
Thread 0 (of 4) will sort array 4
Thread 0 (of 4) will sort array 20
Thread 0 (of 4) will sort array 21
Thread 0 (of 4) will sort array 22
Thread 0 (of 4) will sort array 23
Thread 0 (of 4) will sort array 24
Tempo: 0.508735, array: 7500

thread 0, executed: 10
thread 1, executed: 5
thread 2, executed: 5
thread 3, executed: 5

-------
Will start sorting with arrays with size: 10000
Thread 2 (of 4) will sort array 10
Thread 3 (of 4) will sort array 15
Thread 0 (of 4) will sort array 0
Thread 1 (of 4) will sort array 5
Thread 0 (of 4) will sort array 1
Thread 0 (of 4) will sort array 2
Thread 0 (of 4) will sort array 3
Thread 0 (of 4) will sort array 4
Thread 0 (of 4) will sort array 20
Thread 3 (of 4) will sort array 16
Thread 1 (of 4) will sort array 6
Thread 3 (of 4) will sort array 17
Thread 1 (of 4) will sort array 7
Thread 3 (of 4) will sort array 18
Thread 3 (of 4) will sort array 19
Thread 1 (of 4) will sort array 8
Thread 1 (of 4) will sort array 9
Thread 2 (of 4) will sort array 11
Thread 2 (of 4) will sort array 12
Thread 2 (of 4) will sort array 13
Thread 2 (of 4) will sort array 14
Thread 0 (of 4) will sort array 21
Thread 0 (of 4) will sort array 22
Thread 0 (of 4) will sort array 23
Thread 0 (of 4) will sort array 24
Tempo: 0.896271, array: 10000

thread 0, executed: 10
thread 1, executed: 5
thread 2, executed: 5
thread 3, executed: 5

-------
Will start sorting with arrays with size: 12500
Thread 0 (of 4) will sort array 0
Thread 1 (of 4) will sort array 5
Thread 3 (of 4) will sort array 15
Thread 2 (of 4) will sort array 10
Thread 0 (of 4) will sort array 1
Thread 0 (of 4) will sort array 2
Thread 0 (of 4) will sort array 3
Thread 0 (of 4) will sort array 4
Thread 0 (of 4) will sort array 20
Thread 3 (of 4) will sort array 16
Thread 3 (of 4) will sort array 17
Thread 3 (of 4) will sort array 18
Thread 2 (of 4) will sort array 11
Thread 3 (of 4) will sort array 19
Thread 2 (of 4) will sort array 12
Thread 2 (of 4) will sort array 13
Thread 2 (of 4) will sort array 14
Thread 1 (of 4) will sort array 6
Thread 1 (of 4) will sort array 7
Thread 1 (of 4) will sort array 8
Thread 1 (of 4) will sort array 9
Thread 0 (of 4) will sort array 21
Thread 0 (of 4) will sort array 22
Thread 0 (of 4) will sort array 23
Thread 0 (of 4) will sort array 24
Tempo: 1.400150, array: 12500

thread 0, executed: 10
thread 1, executed: 5
thread 2, executed: 5
thread 3, executed: 5

-------
Will start sorting with arrays with size: 15000
Thread 2 (of 4) will sort array 10
Thread 0 (of 4) will sort array 0
Thread 1 (of 4) will sort array 5
Thread 3 (of 4) will sort array 15
Thread 1 (of 4) will sort array 6
Thread 1 (of 4) will sort array 7
Thread 1 (of 4) will sort array 8
Thread 1 (of 4) will sort array 9
Thread 3 (of 4) will sort array 16
Thread 3 (of 4) will sort array 17
Thread 3 (of 4) will sort array 18
Thread 3 (of 4) will sort array 19
Thread 2 (of 4) will sort array 11
Thread 2 (of 4) will sort array 12
Thread 2 (of 4) will sort array 13
Thread 2 (of 4) will sort array 14
Thread 0 (of 4) will sort array 1
Thread 0 (of 4) will sort array 2
Thread 0 (of 4) will sort array 3
Thread 0 (of 4) will sort array 4
Thread 0 (of 4) will sort array 20
Thread 0 (of 4) will sort array 21
Thread 0 (of 4) will sort array 22
Thread 0 (of 4) will sort array 23
Thread 0 (of 4) will sort array 24
Tempo: 2.064577, array: 15000

thread 0, executed: 10
thread 1, executed: 5
thread 2, executed: 5
thread 3, executed: 5

-------
Will start sorting with arrays with size: 17500
Thread 0 (of 4) will sort array 0
Thread 1 (of 4) will sort array 5
Thread 2 (of 4) will sort array 10
Thread 3 (of 4) will sort array 15
Thread 0 (of 4) will sort array 1
Thread 0 (of 4) will sort array 2
Thread 0 (of 4) will sort array 3
Thread 0 (of 4) will sort array 4
Thread 0 (of 4) will sort array 20
Thread 2 (of 4) will sort array 11
Thread 2 (of 4) will sort array 12
Thread 2 (of 4) will sort array 13
Thread 2 (of 4) will sort array 14
Thread 3 (of 4) will sort array 16
Thread 3 (of 4) will sort array 17
Thread 3 (of 4) will sort array 18
Thread 3 (of 4) will sort array 19
Thread 1 (of 4) will sort array 6
Thread 1 (of 4) will sort array 7
Thread 1 (of 4) will sort array 8
Thread 1 (of 4) will sort array 9
Thread 0 (of 4) will sort array 21
Thread 0 (of 4) will sort array 22
Thread 0 (of 4) will sort array 23
Thread 0 (of 4) will sort array 24
Tempo: 2.744103, array: 17500

thread 0, executed: 10
thread 1, executed: 5
thread 2, executed: 5
thread 3, executed: 5

-------
Will start sorting with arrays with size: 20000
Thread 0 (of 4) will sort array 0
Thread 1 (of 4) will sort array 5
Thread 2 (of 4) will sort array 10
Thread 3 (of 4) will sort array 15
Thread 0 (of 4) will sort array 1
Thread 0 (of 4) will sort array 2
Thread 0 (of 4) will sort array 3
Thread 0 (of 4) will sort array 4
Thread 0 (of 4) will sort array 20
Thread 3 (of 4) will sort array 16
Thread 3 (of 4) will sort array 17
Thread 2 (of 4) will sort array 11
Thread 3 (of 4) will sort array 18
Thread 3 (of 4) will sort array 19
Thread 2 (of 4) will sort array 12
Thread 2 (of 4) will sort array 13
Thread 2 (of 4) will sort array 14
Thread 1 (of 4) will sort array 6
Thread 1 (of 4) will sort array 7
Thread 1 (of 4) will sort array 8
Thread 1 (of 4) will sort array 9
Thread 0 (of 4) will sort array 21
Thread 0 (of 4) will sort array 22
Thread 0 (of 4) will sort array 23
Thread 0 (of 4) will sort array 24
Tempo: 3.585156, array: 20000

thread 0, executed: 10
thread 1, executed: 5
thread 2, executed: 5
thread 3, executed: 5

-------
Will start sorting with arrays with size: 22500
Thread 2 (of 4) will sort array 10
Thread 0 (of 4) will sort array 0
Thread 1 (of 4) will sort array 5
Thread 3 (of 4) will sort array 15
Thread 0 (of 4) will sort array 1
Thread 0 (of 4) will sort array 2
Thread 0 (of 4) will sort array 3
Thread 0 (of 4) will sort array 4
Thread 0 (of 4) will sort array 20
Thread 2 (of 4) will sort array 11
Thread 2 (of 4) will sort array 12
Thread 2 (of 4) will sort array 13
Thread 2 (of 4) will sort array 14
Thread 3 (of 4) will sort array 16
Thread 3 (of 4) will sort array 17
Thread 3 (of 4) will sort array 18
Thread 3 (of 4) will sort array 19
Thread 1 (of 4) will sort array 6
Thread 1 (of 4) will sort array 7
Thread 1 (of 4) will sort array 8
Thread 1 (of 4) will sort array 9
Thread 0 (of 4) will sort array 21
Thread 0 (of 4) will sort array 22
Thread 0 (of 4) will sort array 23
Thread 0 (of 4) will sort array 24
Tempo: 4.536689, array: 22500

thread 0, executed: 10
thread 1, executed: 5
thread 2, executed: 5
thread 3, executed: 5

-------
Will start sorting with arrays with size: 25000
Thread 1 (of 4) will sort array 5
Thread 0 (of 4) will sort array 0
Thread 2 (of 4) will sort array 10
Thread 3 (of 4) will sort array 15
Thread 0 (of 4) will sort array 1
Thread 0 (of 4) will sort array 2
Thread 0 (of 4) will sort array 3
Thread 0 (of 4) will sort array 4
Thread 0 (of 4) will sort array 20
Thread 1 (of 4) will sort array 6
Thread 1 (of 4) will sort array 7
Thread 1 (of 4) will sort array 8
Thread 3 (of 4) will sort array 16
Thread 1 (of 4) will sort array 9
Thread 3 (of 4) will sort array 17
Thread 3 (of 4) will sort array 18
Thread 3 (of 4) will sort array 19
Thread 2 (of 4) will sort array 11
Thread 2 (of 4) will sort array 12
Thread 2 (of 4) will sort array 13
Thread 2 (of 4) will sort array 14
Thread 0 (of 4) will sort array 21
Thread 0 (of 4) will sort array 22
Thread 0 (of 4) will sort array 23
Thread 0 (of 4) will sort array 24
Tempo: 5.601474, array: 25000

thread 0, executed: 10
thread 1, executed: 5
thread 2, executed: 5
thread 3, executed: 5



number of arrays: 25
size,time
2500,0.058189
5000,0.226354
7500,0.508735
10000,0.896271
12500,1.400150
15000,2.064577
17500,2.744103
20000,3.585156
22500,4.536689
25000,5.601474
