Will start sorting with arrays with size: 2500
Thread 2 (of 4) will sort array 0
Thread 3 (of 4) will sort array 10
Thread 1 (of 4) will sort array 5
Thread 0 (of 4) will sort array 15
Thread 0 (of 4) will sort array 16
Thread 0 (of 4) will sort array 17
Thread 0 (of 4) will sort array 18
Thread 0 (of 4) will sort array 19
Thread 0 (of 4) will sort array 20
Thread 3 (of 4) will sort array 11
Thread 3 (of 4) will sort array 12
Thread 3 (of 4) will sort array 13
Thread 3 (of 4) will sort array 14
Thread 0 (of 4) will sort array 21
Thread 0 (of 4) will sort array 22
Thread 0 (of 4) will sort array 23
Thread 0 (of 4) will sort array 24
Thread 1 (of 4) will sort array 6
Thread 2 (of 4) will sort array 1
Thread 1 (of 4) will sort array 7
Thread 2 (of 4) will sort array 2
Thread 1 (of 4) will sort array 8
Thread 2 (of 4) will sort array 3
Thread 1 (of 4) will sort array 9
Thread 2 (of 4) will sort array 4
Will start sorting with arrays with size: 5000
Thread 2 (of 4) will sort array 0
Thread 1 (of 4) will sort array 5
Thread 3 (of 4) will sort array 15
Thread 0 (of 4) will sort array 10
Thread 0 (of 4) will sort array 11
Thread 0 (of 4) will sort array 12
Thread 0 (of 4) will sort array 13
Thread 0 (of 4) will sort array 14
Thread 0 (of 4) will sort array 20
Thread 1 (of 4) will sort array 6
Thread 1 (of 4) will sort array 7
Thread 1 (of 4) will sort array 8
Thread 1 (of 4) will sort array 9
Thread 2 (of 4) will sort array 1
Thread 2 (of 4) will sort array 2
Thread 2 (of 4) will sort array 3
Thread 2 (of 4) will sort array 4
Thread 3 (of 4) will sort array 16
Thread 3 (of 4) will sort array 17
Thread 3 (of 4) will sort array 18
Thread 3 (of 4) will sort array 19
Thread 0 (of 4) will sort array 21
Thread 0 (of 4) will sort array 22
Thread 0 (of 4) will sort array 23
Thread 0 (of 4) will sort array 24
Will start sorting with arrays with size: 7500
Thread 0 (of 4) will sort array 15
Thread 3 (of 4) will sort array 10
Thread 2 (of 4) will sort array 5
Thread 1 (of 4) will sort array 0
Thread 3 (of 4) will sort array 11
Thread 3 (of 4) will sort array 12
Thread 3 (of 4) will sort array 13
Thread 3 (of 4) will sort array 14
Thread 3 (of 4) will sort array 20
Thread 0 (of 4) will sort array 16
Thread 0 (of 4) will sort array 17
Thread 0 (of 4) will sort array 18
Thread 0 (of 4) will sort array 19
Thread 2 (of 4) will sort array 6
Thread 2 (of 4) will sort array 7
Thread 2 (of 4) will sort array 8
Thread 2 (of 4) will sort array 9
Thread 1 (of 4) will sort array 1
Thread 1 (of 4) will sort array 2
Thread 1 (of 4) will sort array 3
Thread 1 (of 4) will sort array 4
Thread 3 (of 4) will sort array 21
Thread 3 (of 4) will sort array 22
Thread 3 (of 4) will sort array 23
Thread 3 (of 4) will sort array 24
Will start sorting with arrays with size: 10000
Thread 0 (of 4) will sort array 5
Thread 2 (of 4) will sort array 10
Thread 3 (of 4) will sort array 0
Thread 1 (of 4) will sort array 15
Thread 3 (of 4) will sort array 1
Thread 3 (of 4) will sort array 2
Thread 3 (of 4) will sort array 3
Thread 3 (of 4) will sort array 4
Thread 3 (of 4) will sort array 20
Thread 0 (of 4) will sort array 6
Thread 2 (of 4) will sort array 11
Thread 0 (of 4) will sort array 7
Thread 2 (of 4) will sort array 12
Thread 0 (of 4) will sort array 8
Thread 2 (of 4) will sort array 13
Thread 0 (of 4) will sort array 9
Thread 2 (of 4) will sort array 14
Thread 1 (of 4) will sort array 16
Thread 1 (of 4) will sort array 17
Thread 1 (of 4) will sort array 18
Thread 1 (of 4) will sort array 19
Thread 3 (of 4) will sort array 21
Thread 3 (of 4) will sort array 22
Thread 3 (of 4) will sort array 23
Thread 3 (of 4) will sort array 24
Will start sorting with arrays with size: 12500
Thread 3 (of 4) will sort array 0
Thread 2 (of 4) will sort array 10
Thread 0 (of 4) will sort array 5
Thread 1 (of 4) will sort array 15
Thread 1 (of 4) will sort array 16
Thread 1 (of 4) will sort array 17
Thread 1 (of 4) will sort array 18
Thread 1 (of 4) will sort array 19
Thread 1 (of 4) will sort array 20
Thread 2 (of 4) will sort array 11
Thread 2 (of 4) will sort array 12
Thread 2 (of 4) will sort array 13
Thread 2 (of 4) will sort array 14
Thread 0 (of 4) will sort array 6
Thread 0 (of 4) will sort array 7
Thread 0 (of 4) will sort array 8
Thread 3 (of 4) will sort array 1
Thread 0 (of 4) will sort array 9
Thread 3 (of 4) will sort array 2
Thread 3 (of 4) will sort array 3
Thread 3 (of 4) will sort array 4
Thread 1 (of 4) will sort array 21
Thread 1 (of 4) will sort array 22
Thread 1 (of 4) will sort array 23
Thread 1 (of 4) will sort array 24
Will start sorting with arrays with size: 15000
Thread 0 (of 4) will sort array 5
Thread 3 (of 4) will sort array 0
Thread 2 (of 4) will sort array 10
Thread 1 (of 4) will sort array 15
Thread 1 (of 4) will sort array 16
Thread 1 (of 4) will sort array 17
Thread 1 (of 4) will sort array 18
Thread 1 (of 4) will sort array 19
Thread 1 (of 4) will sort array 20
Thread 0 (of 4) will sort array 6
Thread 0 (of 4) will sort array 7
Thread 0 (of 4) will sort array 8
Thread 0 (of 4) will sort array 9
Thread 2 (of 4) will sort array 11
Thread 2 (of 4) will sort array 12
Thread 2 (of 4) will sort array 13
Thread 2 (of 4) will sort array 14
Thread 3 (of 4) will sort array 1
Thread 3 (of 4) will sort array 2
Thread 3 (of 4) will sort array 3
Thread 3 (of 4) will sort array 4
Thread 1 (of 4) will sort array 21
Thread 1 (of 4) will sort array 22
Thread 1 (of 4) will sort array 23
Thread 1 (of 4) will sort array 24
Will start sorting with arrays with size: 17500
Thread 0 (of 4) will sort array 5
Thread 1 (of 4) will sort array 10
Thread 3 (of 4) will sort array 0
Thread 2 (of 4) will sort array 15
Thread 1 (of 4) will sort array 11
Thread 1 (of 4) will sort array 12
Thread 1 (of 4) will sort array 13
Thread 1 (of 4) will sort array 14
Thread 1 (of 4) will sort array 20
Thread 2 (of 4) will sort array 16
Thread 2 (of 4) will sort array 17
Thread 2 (of 4) will sort array 18
Thread 2 (of 4) will sort array 19
Thread 3 (of 4) will sort array 1
Thread 3 (of 4) will sort array 2
Thread 3 (of 4) will sort array 3
Thread 3 (of 4) will sort array 4
Thread 0 (of 4) will sort array 6
Thread 0 (of 4) will sort array 7
Thread 0 (of 4) will sort array 8
Thread 0 (of 4) will sort array 9
Thread 1 (of 4) will sort array 21
Thread 1 (of 4) will sort array 22
Thread 1 (of 4) will sort array 23
Thread 1 (of 4) will sort array 24
Will start sorting with arrays with size: 20000
Thread 0 (of 4) will sort array 10
Thread 1 (of 4) will sort array 5
Thread 2 (of 4) will sort array 15
Thread 3 (of 4) will sort array 0
Thread 1 (of 4) will sort array 6
Thread 1 (of 4) will sort array 7
Thread 1 (of 4) will sort array 8
Thread 1 (of 4) will sort array 9
Thread 1 (of 4) will sort array 20
Thread 3 (of 4) will sort array 1
Thread 3 (of 4) will sort array 2
Thread 3 (of 4) will sort array 3
Thread 3 (of 4) will sort array 4
Thread 2 (of 4) will sort array 16
Thread 2 (of 4) will sort array 17
Thread 2 (of 4) will sort array 18
Thread 2 (of 4) will sort array 19
Thread 0 (of 4) will sort array 11
Thread 0 (of 4) will sort array 12
Thread 0 (of 4) will sort array 13
Thread 0 (of 4) will sort array 14
Thread 1 (of 4) will sort array 21
Thread 1 (of 4) will sort array 22
Thread 1 (of 4) will sort array 23
Thread 1 (of 4) will sort array 24
Will start sorting with arrays with size: 22500
Thread 0 (of 4) will sort array 15
Thread 2 (of 4) will sort array 0
Thread 1 (of 4) will sort array 5
Thread 3 (of 4) will sort array 10
Thread 0 (of 4) will sort array 16
Thread 0 (of 4) will sort array 17
Thread 0 (of 4) will sort array 18
Thread 0 (of 4) will sort array 19
Thread 0 (of 4) will sort array 20
Thread 1 (of 4) will sort array 6
Thread 1 (of 4) will sort array 7
Thread 1 (of 4) will sort array 8
Thread 1 (of 4) will sort array 9
Thread 2 (of 4) will sort array 1
Thread 2 (of 4) will sort array 2
Thread 2 (of 4) will sort array 3
Thread 2 (of 4) will sort array 4
Thread 3 (of 4) will sort array 11
Thread 3 (of 4) will sort array 12
Thread 3 (of 4) will sort array 13
Thread 3 (of 4) will sort array 14
Thread 0 (of 4) will sort array 21
Thread 0 (of 4) will sort array 22
Thread 0 (of 4) will sort array 23
Thread 0 (of 4) will sort array 24
Will start sorting with arrays with size: 25000
Thread 0 (of 4) will sort array 10
Thread 2 (of 4) will sort array 5
Thread 3 (of 4) will sort array 15
Thread 1 (of 4) will sort array 0
Thread 2 (of 4) will sort array 6
Thread 2 (of 4) will sort array 7
Thread 2 (of 4) will sort array 8
Thread 2 (of 4) will sort array 9
Thread 2 (of 4) will sort array 20
Thread 0 (of 4) will sort array 11
Thread 0 (of 4) will sort array 12
Thread 0 (of 4) will sort array 13
Thread 0 (of 4) will sort array 14
Thread 1 (of 4) will sort array 1
Thread 1 (of 4) will sort array 2
Thread 1 (of 4) will sort array 3
Thread 1 (of 4) will sort array 4
Thread 3 (of 4) will sort array 16
Thread 3 (of 4) will sort array 17
Thread 3 (of 4) will sort array 18
Thread 3 (of 4) will sort array 19
Thread 2 (of 4) will sort array 21
Thread 2 (of 4) will sort array 22
Thread 2 (of 4) will sort array 23
Thread 2 (of 4) will sort array 24



number of arrays: 25
size,time
2500,0.064983
5000,0.231702
7500,0.515916
10000,0.906148
12500,1.416329
15000,2.039503
17500,2.768178
20000,3.624869
22500,4.573921
25000,5.649961
