
-------
Will start sorting with arrays with size: 2500
Thread 1 (of 16) will sort array 5
Thread 10 (of 16) will sort array 50
Thread 3 (of 16) will sort array 35
Thread 4 (of 16) will sort array 10
Thread 13 (of 16) will sort array 55
Thread 12 (of 16) will sort array 60
Thread 2 (of 16) will sort array 30
Thread 7 (of 16) will sort array 70
Thread 5 (of 16) will sort array 15
Thread 11 (of 16) will sort array 20
Thread 6 (of 16) will sort array 40
Thread 8 (of 16) will sort array 45
Thread 14 (of 16) will sort array 25
Thread 15 (of 16) will sort array 65
Thread 0 (of 16) will sort array 0
Thread 9 (of 16) will sort array 75
Thread 1 (of 16) will sort array 6
Thread 1 (of 16) will sort array 7
Thread 1 (of 16) will sort array 8
Thread 1 (of 16) will sort array 9
Thread 1 (of 16) will sort array 80
Thread 0 (of 16) will sort array 1
Thread 0 (of 16) will sort array 2
Thread 0 (of 16) will sort array 3
Thread 0 (of 16) will sort array 4
Thread 0 (of 16) will sort array 85
Thread 9 (of 16) will sort array 76
Thread 9 (of 16) will sort array 77
Thread 9 (of 16) will sort array 78
Thread 9 (of 16) will sort array 79
Thread 9 (of 16) will sort array 90
Thread 11 (of 16) will sort array 21
Thread 11 (of 16) will sort array 22
Thread 14 (of 16) will sort array 26
Thread 11 (of 16) will sort array 23
Thread 14 (of 16) will sort array 27
Thread 11 (of 16) will sort array 24
Thread 14 (of 16) will sort array 28
Thread 11 (of 16) will sort array 95
Thread 10 (of 16) will sort array 51
Thread 14 (of 16) will sort array 29
Thread 10 (of 16) will sort array 52
Thread 14 (of 16) will sort array 100
Thread 10 (of 16) will sort array 53
Thread 10 (of 16) will sort array 54
Thread 10 (of 16) will sort array 105
Thread 3 (of 16) will sort array 36
Thread 3 (of 16) will sort array 37
Thread 6 (of 16) will sort array 41
Thread 13 (of 16) will sort array 56
Thread 3 (of 16) will sort array 38
Thread 2 (of 16) will sort array 31
Thread 6 (of 16) will sort array 42
Thread 13 (of 16) will sort array 57
Thread 2 (of 16) will sort array 32
Thread 3 (of 16) will sort array 39
Thread 6 (of 16) will sort array 43
Thread 13 (of 16) will sort array 58
Thread 2 (of 16) will sort array 33
Thread 3 (of 16) will sort array 110
Thread 6 (of 16) will sort array 44
Thread 4 (of 16) will sort array 11
Thread 13 (of 16) will sort array 59
Thread 2 (of 16) will sort array 34
Thread 6 (of 16) will sort array 115
Thread 4 (of 16) will sort array 12
Thread 13 (of 16) will sort array 120
Thread 2 (of 16) will sort array 125
Thread 4 (of 16) will sort array 13
Thread 4 (of 16) will sort array 14
Thread 4 (of 16) will sort array 130
Thread 8 (of 16) will sort array 46
Thread 8 (of 16) will sort array 47
Thread 12 (of 16) will sort array 61
Thread 8 (of 16) will sort array 48
Thread 12 (of 16) will sort array 62
Thread 8 (of 16) will sort array 49
Thread 5 (of 16) will sort array 16
Thread 12 (of 16) will sort array 63
Thread 8 (of 16) will sort array 135
Thread 5 (of 16) will sort array 17
Thread 15 (of 16) will sort array 66
Thread 12 (of 16) will sort array 64
Thread 5 (of 16) will sort array 18
Thread 15 (of 16) will sort array 67
Thread 7 (of 16) will sort array 71
Thread 12 (of 16) will sort array 140
Thread 5 (of 16) will sort array 19
Thread 7 (of 16) will sort array 72
Thread 5 (of 16) will sort array 145
Thread 15 (of 16) will sort array 68
Thread 7 (of 16) will sort array 73
Thread 15 (of 16) will sort array 69
Thread 7 (of 16) will sort array 74
Thread 1 (of 16) will sort array 81
Thread 1 (of 16) will sort array 82
Thread 1 (of 16) will sort array 83
Thread 1 (of 16) will sort array 84
Thread 0 (of 16) will sort array 86
Thread 0 (of 16) will sort array 87
Thread 0 (of 16) will sort array 88
Thread 0 (of 16) will sort array 89
Thread 11 (of 16) will sort array 96
Thread 11 (of 16) will sort array 97
Thread 11 (of 16) will sort array 98
Thread 14 (of 16) will sort array 101
Thread 11 (of 16) will sort array 99
Thread 14 (of 16) will sort array 102
Thread 9 (of 16) will sort array 91
Thread 14 (of 16) will sort array 103
Thread 9 (of 16) will sort array 92
Thread 14 (of 16) will sort array 104
Thread 9 (of 16) will sort array 93
Thread 9 (of 16) will sort array 94
Thread 10 (of 16) will sort array 106
Thread 10 (of 16) will sort array 107
Thread 6 (of 16) will sort array 116
Thread 10 (of 16) will sort array 108
Thread 10 (of 16) will sort array 109
Thread 13 (of 16) will sort array 121
Thread 6 (of 16) will sort array 117
Thread 13 (of 16) will sort array 122
Thread 6 (of 16) will sort array 118
Thread 13 (of 16) will sort array 123
Thread 6 (of 16) will sort array 119
Thread 13 (of 16) will sort array 124
Thread 3 (of 16) will sort array 111
Thread 3 (of 16) will sort array 112
Thread 3 (of 16) will sort array 113
Thread 3 (of 16) will sort array 114
Thread 2 (of 16) will sort array 126
Thread 2 (of 16) will sort array 127
Thread 2 (of 16) will sort array 128
Thread 2 (of 16) will sort array 129
Thread 5 (of 16) will sort array 146
Thread 5 (of 16) will sort array 147
Thread 5 (of 16) will sort array 148
Thread 5 (of 16) will sort array 149
Thread 4 (of 16) will sort array 131
Thread 4 (of 16) will sort array 132
Thread 4 (of 16) will sort array 133
Thread 8 (of 16) will sort array 136
Thread 4 (of 16) will sort array 134
Thread 8 (of 16) will sort array 137
Thread 8 (of 16) will sort array 138
Thread 8 (of 16) will sort array 139
Thread 12 (of 16) will sort array 141
Thread 12 (of 16) will sort array 142
Thread 12 (of 16) will sort array 143
Thread 12 (of 16) will sort array 144
Tempo: 0.129518, array: 2500

thread 0, executed: 10
thread 1, executed: 10
thread 2, executed: 10
thread 3, executed: 10
thread 4, executed: 10
thread 5, executed: 10
thread 6, executed: 10
thread 7, executed: 5
thread 8, executed: 10
thread 9, executed: 10
thread 10, executed: 10
thread 11, executed: 10
thread 12, executed: 10
thread 13, executed: 10
thread 14, executed: 10
thread 15, executed: 5

-------
Will start sorting with arrays with size: 5000
Thread 1 (of 16) will sort array 0
Thread 14 (of 16) will sort array 30
Thread 2 (of 16) will sort array 15
Thread 13 (of 16) will sort array 55
Thread 8 (of 16) will sort array 70
Thread 15 (of 16) will sort array 40
Thread 9 (of 16) will sort array 45
Thread 11 (of 16) will sort array 25
Thread 4 (of 16) will sort array 10
Thread 0 (of 16) will sort array 75
Thread 6 (of 16) will sort array 60
Thread 10 (of 16) will sort array 50
Thread 5 (of 16) will sort array 5
Thread 7 (of 16) will sort array 35
Thread 12 (of 16) will sort array 65
Thread 3 (of 16) will sort array 20
Thread 1 (of 16) will sort array 1
Thread 1 (of 16) will sort array 2
Thread 1 (of 16) will sort array 3
Thread 1 (of 16) will sort array 4
Thread 1 (of 16) will sort array 80
Thread 0 (of 16) will sort array 76
Thread 0 (of 16) will sort array 77
Thread 0 (of 16) will sort array 78
Thread 0 (of 16) will sort array 79
Thread 0 (of 16) will sort array 85
Thread 9 (of 16) will sort array 46
Thread 10 (of 16) will sort array 51
Thread 9 (of 16) will sort array 47
Thread 10 (of 16) will sort array 52
Thread 9 (of 16) will sort array 48
Thread 10 (of 16) will sort array 53
Thread 9 (of 16) will sort array 49
Thread 10 (of 16) will sort array 54
Thread 9 (of 16) will sort array 90
Thread 10 (of 16) will sort array 95
Thread 12 (of 16) will sort array 66
Thread 8 (of 16) will sort array 71
Thread 12 (of 16) will sort array 67
Thread 8 (of 16) will sort array 72
Thread 12 (of 16) will sort array 68
Thread 8 (of 16) will sort array 73
Thread 12 (of 16) will sort array 69
Thread 8 (of 16) will sort array 74
Thread 5 (of 16) will sort array 6
Thread 4 (of 16) will sort array 11
Thread 12 (of 16) will sort array 100
Thread 8 (of 16) will sort array 105
Thread 5 (of 16) will sort array 7
Thread 4 (of 16) will sort array 12
Thread 15 (of 16) will sort array 41
Thread 7 (of 16) will sort array 36
Thread 13 (of 16) will sort array 56
Thread 6 (of 16) will sort array 61
Thread 4 (of 16) will sort array 13
Thread 5 (of 16) will sort array 8
Thread 15 (of 16) will sort array 42
Thread 7 (of 16) will sort array 37
Thread 13 (of 16) will sort array 57
Thread 6 (of 16) will sort array 62
Thread 4 (of 16) will sort array 14
Thread 13 (of 16) will sort array 58
Thread 6 (of 16) will sort array 63
Thread 5 (of 16) will sort array 9
Thread 4 (of 16) will sort array 110
Thread 13 (of 16) will sort array 59
Thread 6 (of 16) will sort array 64
Thread 5 (of 16) will sort array 115
Thread 7 (of 16) will sort array 38
Thread 6 (of 16) will sort array 120
Thread 15 (of 16) will sort array 43
Thread 13 (of 16) will sort array 125
Thread 7 (of 16) will sort array 39
Thread 15 (of 16) will sort array 44
Thread 7 (of 16) will sort array 130
Thread 15 (of 16) will sort array 135
Thread 11 (of 16) will sort array 26
Thread 14 (of 16) will sort array 31
Thread 11 (of 16) will sort array 27
Thread 14 (of 16) will sort array 32
Thread 11 (of 16) will sort array 28
Thread 14 (of 16) will sort array 33
Thread 11 (of 16) will sort array 29
Thread 14 (of 16) will sort array 34
Thread 11 (of 16) will sort array 140
Thread 14 (of 16) will sort array 145
Thread 2 (of 16) will sort array 16
Thread 3 (of 16) will sort array 21
Thread 2 (of 16) will sort array 17
Thread 3 (of 16) will sort array 22
Thread 2 (of 16) will sort array 18
Thread 3 (of 16) will sort array 23
Thread 2 (of 16) will sort array 19
Thread 3 (of 16) will sort array 24
Thread 14 (of 16) will sort array 146
Thread 14 (of 16) will sort array 147
Thread 14 (of 16) will sort array 148
Thread 14 (of 16) will sort array 149
Thread 11 (of 16) will sort array 141
Thread 11 (of 16) will sort array 142
Thread 11 (of 16) will sort array 143
Thread 11 (of 16) will sort array 144
Thread 15 (of 16) will sort array 136
Thread 15 (of 16) will sort array 137
Thread 15 (of 16) will sort array 138
Thread 15 (of 16) will sort array 139
Thread 7 (of 16) will sort array 131
Thread 7 (of 16) will sort array 132
Thread 7 (of 16) will sort array 133
Thread 7 (of 16) will sort array 134
Thread 4 (of 16) will sort array 111
Thread 4 (of 16) will sort array 112
Thread 4 (of 16) will sort array 113
Thread 4 (of 16) will sort array 114
Thread 5 (of 16) will sort array 116
Thread 5 (of 16) will sort array 117
Thread 5 (of 16) will sort array 118
Thread 5 (of 16) will sort array 119
Thread 1 (of 16) will sort array 81
Thread 1 (of 16) will sort array 82
Thread 1 (of 16) will sort array 83
Thread 1 (of 16) will sort array 84
Thread 0 (of 16) will sort array 86
Thread 0 (of 16) will sort array 87
Thread 0 (of 16) will sort array 88
Thread 0 (of 16) will sort array 89
Thread 9 (of 16) will sort array 91
Thread 9 (of 16) will sort array 92
Thread 9 (of 16) will sort array 93
Thread 10 (of 16) will sort array 96
Thread 9 (of 16) will sort array 94
Thread 10 (of 16) will sort array 97
Thread 10 (of 16) will sort array 98
Thread 10 (of 16) will sort array 99
Thread 12 (of 16) will sort array 101
Thread 8 (of 16) will sort array 106
Thread 12 (of 16) will sort array 102
Thread 8 (of 16) will sort array 107
Thread 12 (of 16) will sort array 103
Thread 8 (of 16) will sort array 108
Thread 12 (of 16) will sort array 104
Thread 8 (of 16) will sort array 109
Thread 6 (of 16) will sort array 121
Thread 13 (of 16) will sort array 126
Thread 6 (of 16) will sort array 122
Thread 13 (of 16) will sort array 127
Thread 6 (of 16) will sort array 123
Thread 13 (of 16) will sort array 128
Thread 6 (of 16) will sort array 124
Thread 13 (of 16) will sort array 129
Tempo: 0.513099, array: 5000

thread 0, executed: 10
thread 1, executed: 10
thread 2, executed: 5
thread 3, executed: 5
thread 4, executed: 10
thread 5, executed: 10
thread 6, executed: 10
thread 7, executed: 10
thread 8, executed: 10
thread 9, executed: 10
thread 10, executed: 10
thread 11, executed: 10
thread 12, executed: 10
thread 13, executed: 10
thread 14, executed: 10
thread 15, executed: 10

-------
Will start sorting with arrays with size: 7500
Thread 12 (of 16) will sort array 0
Thread 0 (of 16) will sort array 75
Thread 5 (of 16) will sort array 55
Thread 3 (of 16) will sort array 65
Thread 14 (of 16) will sort array 30
Thread 2 (of 16) will sort array 70
Thread 4 (of 16) will sort array 5
Thread 15 (of 16) will sort array 35
Thread 7 (of 16) will sort array 10
Thread 13 (of 16) will sort array 15
Thread 11 (of 16) will sort array 25
Thread 9 (of 16) will sort array 50
Thread 10 (of 16) will sort array 45
Thread 1 (of 16) will sort array 60
Thread 6 (of 16) will sort array 20
Thread 8 (of 16) will sort array 40
Thread 12 (of 16) will sort array 1
Thread 0 (of 16) will sort array 76
Thread 0 (of 16) will sort array 77
Thread 12 (of 16) will sort array 2
Thread 0 (of 16) will sort array 78
Thread 0 (of 16) will sort array 79
Thread 12 (of 16) will sort array 3
Thread 0 (of 16) will sort array 80
Thread 12 (of 16) will sort array 4
Thread 12 (of 16) will sort array 85
Thread 15 (of 16) will sort array 36
Thread 8 (of 16) will sort array 41
Thread 15 (of 16) will sort array 37
Thread 8 (of 16) will sort array 42
Thread 15 (of 16) will sort array 38
Thread 8 (of 16) will sort array 43
Thread 15 (of 16) will sort array 39
Thread 8 (of 16) will sort array 44
Thread 15 (of 16) will sort array 90
Thread 8 (of 16) will sort array 95
Thread 3 (of 16) will sort array 66
Thread 2 (of 16) will sort array 71
Thread 3 (of 16) will sort array 67
Thread 2 (of 16) will sort array 72
Thread 3 (of 16) will sort array 68
Thread 2 (of 16) will sort array 73
Thread 13 (of 16) will sort array 16
Thread 3 (of 16) will sort array 69
Thread 6 (of 16) will sort array 21
Thread 2 (of 16) will sort array 74
Thread 3 (of 16) will sort array 100
Thread 13 (of 16) will sort array 17
Thread 2 (of 16) will sort array 105
Thread 6 (of 16) will sort array 22
Thread 13 (of 16) will sort array 18
Thread 6 (of 16) will sort array 23
Thread 13 (of 16) will sort array 19
Thread 6 (of 16) will sort array 24
Thread 13 (of 16) will sort array 110
Thread 11 (of 16) will sort array 26
Thread 6 (of 16) will sort array 115
Thread 14 (of 16) will sort array 31
Thread 11 (of 16) will sort array 27
Thread 14 (of 16) will sort array 32
Thread 11 (of 16) will sort array 28
Thread 14 (of 16) will sort array 33
Thread 11 (of 16) will sort array 29
Thread 14 (of 16) will sort array 34
Thread 11 (of 16) will sort array 120
Thread 14 (of 16) will sort array 125
Thread 5 (of 16) will sort array 56
Thread 1 (of 16) will sort array 61
Thread 4 (of 16) will sort array 6
Thread 5 (of 16) will sort array 57
Thread 7 (of 16) will sort array 11
Thread 4 (of 16) will sort array 7
Thread 1 (of 16) will sort array 62
Thread 5 (of 16) will sort array 58
Thread 7 (of 16) will sort array 12
Thread 5 (of 16) will sort array 59
Thread 7 (of 16) will sort array 13
Thread 4 (of 16) will sort array 8
Thread 1 (of 16) will sort array 63
Thread 5 (of 16) will sort array 130
Thread 7 (of 16) will sort array 14
Thread 4 (of 16) will sort array 9
Thread 7 (of 16) will sort array 135
Thread 1 (of 16) will sort array 64
Thread 4 (of 16) will sort array 140
Thread 1 (of 16) will sort array 145
Thread 10 (of 16) will sort array 46
Thread 9 (of 16) will sort array 51
Thread 10 (of 16) will sort array 47
Thread 9 (of 16) will sort array 52
Thread 10 (of 16) will sort array 48
Thread 9 (of 16) will sort array 53
Thread 10 (of 16) will sort array 49
Thread 9 (of 16) will sort array 54
Thread 6 (of 16) will sort array 116
Thread 6 (of 16) will sort array 117
Thread 6 (of 16) will sort array 118
Thread 6 (of 16) will sort array 119
Thread 4 (of 16) will sort array 141
Thread 4 (of 16) will sort array 142
Thread 4 (of 16) will sort array 143
Thread 4 (of 16) will sort array 144
Thread 13 (of 16) will sort array 111
Thread 13 (of 16) will sort array 112
Thread 13 (of 16) will sort array 113
Thread 13 (of 16) will sort array 114
Thread 7 (of 16) will sort array 136
Thread 7 (of 16) will sort array 137
Thread 7 (of 16) will sort array 138
Thread 7 (of 16) will sort array 139
Thread 1 (of 16) will sort array 146
Thread 1 (of 16) will sort array 147
Thread 1 (of 16) will sort array 148
Thread 1 (of 16) will sort array 149
Thread 5 (of 16) will sort array 131
Thread 5 (of 16) will sort array 132
Thread 5 (of 16) will sort array 133
Thread 5 (of 16) will sort array 134
Thread 12 (of 16) will sort array 86
Thread 12 (of 16) will sort array 87
Thread 12 (of 16) will sort array 88
Thread 12 (of 16) will sort array 89
Thread 0 (of 16) will sort array 81
Thread 0 (of 16) will sort array 82
Thread 0 (of 16) will sort array 83
Thread 0 (of 16) will sort array 84
Thread 8 (of 16) will sort array 96
Thread 8 (of 16) will sort array 97
Thread 8 (of 16) will sort array 98
Thread 8 (of 16) will sort array 99
Thread 15 (of 16) will sort array 91
Thread 15 (of 16) will sort array 92
Thread 15 (of 16) will sort array 93
Thread 15 (of 16) will sort array 94
Thread 3 (of 16) will sort array 101
Thread 3 (of 16) will sort array 102
Thread 3 (of 16) will sort array 103
Thread 2 (of 16) will sort array 106
Thread 3 (of 16) will sort array 104
Thread 2 (of 16) will sort array 107
Thread 2 (of 16) will sort array 108
Thread 2 (of 16) will sort array 109
Thread 11 (of 16) will sort array 121
Thread 11 (of 16) will sort array 122
Thread 11 (of 16) will sort array 123
Thread 11 (of 16) will sort array 124
Thread 14 (of 16) will sort array 126
Thread 14 (of 16) will sort array 127
Thread 14 (of 16) will sort array 128
Thread 14 (of 16) will sort array 129
Tempo: 1.120915, array: 7500

thread 0, executed: 10
thread 1, executed: 10
thread 2, executed: 10
thread 3, executed: 10
thread 4, executed: 10
thread 5, executed: 10
thread 6, executed: 10
thread 7, executed: 10
thread 8, executed: 10
thread 9, executed: 5
thread 10, executed: 5
thread 11, executed: 10
thread 12, executed: 10
thread 13, executed: 10
thread 14, executed: 10
thread 15, executed: 10

-------
Will start sorting with arrays with size: 10000
Thread 8 (of 16) will sort array 10
Thread 9 (of 16) will sort array 25
Thread 14 (of 16) will sort array 35
Thread 2 (of 16) will sort array 55
Thread 4 (of 16) will sort array 30
Thread 0 (of 16) will sort array 60
Thread 15 (of 16) will sort array 65
Thread 12 (of 16) will sort array 0
Thread 6 (of 16) will sort array 15
Thread 3 (of 16) will sort array 40
Thread 11 (of 16) will sort array 50
Thread 7 (of 16) will sort array 5
Thread 1 (of 16) will sort array 45
Thread 13 (of 16) will sort array 20
Thread 5 (of 16) will sort array 70
Thread 10 (of 16) will sort array 75
Thread 5 (of 16) will sort array 71
Thread 5 (of 16) will sort array 72
Thread 5 (of 16) will sort array 73
Thread 5 (of 16) will sort array 74
Thread 5 (of 16) will sort array 80
Thread 10 (of 16) will sort array 76
Thread 10 (of 16) will sort array 77
Thread 10 (of 16) will sort array 78
Thread 10 (of 16) will sort array 79
Thread 10 (of 16) will sort array 85
Thread 4 (of 16) will sort array 31
Thread 14 (of 16) will sort array 36
Thread 4 (of 16) will sort array 32
Thread 14 (of 16) will sort array 37
Thread 4 (of 16) will sort array 33
Thread 14 (of 16) will sort array 38
Thread 4 (of 16) will sort array 34
Thread 14 (of 16) will sort array 39
Thread 4 (of 16) will sort array 90
Thread 14 (of 16) will sort array 95
Thread 13 (of 16) will sort array 21
Thread 9 (of 16) will sort array 26
Thread 13 (of 16) will sort array 22
Thread 9 (of 16) will sort array 27
Thread 13 (of 16) will sort array 23
Thread 9 (of 16) will sort array 28
Thread 13 (of 16) will sort array 24
Thread 9 (of 16) will sort array 29
Thread 13 (of 16) will sort array 100
Thread 12 (of 16) will sort array 1
Thread 9 (of 16) will sort array 105
Thread 12 (of 16) will sort array 2
Thread 7 (of 16) will sort array 6
Thread 12 (of 16) will sort array 3
Thread 11 (of 16) will sort array 51
Thread 2 (of 16) will sort array 56
Thread 7 (of 16) will sort array 7
Thread 12 (of 16) will sort array 4
Thread 11 (of 16) will sort array 52
Thread 2 (of 16) will sort array 57
Thread 7 (of 16) will sort array 8
Thread 12 (of 16) will sort array 110
Thread 11 (of 16) will sort array 53
Thread 2 (of 16) will sort array 58
Thread 7 (of 16) will sort array 9
Thread 11 (of 16) will sort array 54
Thread 2 (of 16) will sort array 59
Thread 7 (of 16) will sort array 115
Thread 11 (of 16) will sort array 120
Thread 2 (of 16) will sort array 125
Thread 3 (of 16) will sort array 41
Thread 1 (of 16) will sort array 46
Thread 3 (of 16) will sort array 42
Thread 1 (of 16) will sort array 47
Thread 3 (of 16) will sort array 43
Thread 1 (of 16) will sort array 48
Thread 3 (of 16) will sort array 44
Thread 1 (of 16) will sort array 49
Thread 3 (of 16) will sort array 130
Thread 1 (of 16) will sort array 135
Thread 8 (of 16) will sort array 11
Thread 6 (of 16) will sort array 16
Thread 8 (of 16) will sort array 12
Thread 6 (of 16) will sort array 17
Thread 8 (of 16) will sort array 13
Thread 6 (of 16) will sort array 18
Thread 8 (of 16) will sort array 14
Thread 6 (of 16) will sort array 19
Thread 8 (of 16) will sort array 140
Thread 6 (of 16) will sort array 145
Thread 0 (of 16) will sort array 61
Thread 0 (of 16) will sort array 62
Thread 0 (of 16) will sort array 63
Thread 0 (of 16) will sort array 64
Thread 15 (of 16) will sort array 66
Thread 15 (of 16) will sort array 67
Thread 15 (of 16) will sort array 68
Thread 15 (of 16) will sort array 69
Thread 5 (of 16) will sort array 81
Thread 5 (of 16) will sort array 82
Thread 5 (of 16) will sort array 83
Thread 5 (of 16) will sort array 84
Thread 10 (of 16) will sort array 86
Thread 10 (of 16) will sort array 87
Thread 10 (of 16) will sort array 88
Thread 10 (of 16) will sort array 89
Thread 2 (of 16) will sort array 126
Thread 11 (of 16) will sort array 121
Thread 2 (of 16) will sort array 127
Thread 11 (of 16) will sort array 122
Thread 2 (of 16) will sort array 128
Thread 11 (of 16) will sort array 123
Thread 2 (of 16) will sort array 129
Thread 11 (of 16) will sort array 124
Thread 13 (of 16) will sort array 101
Thread 13 (of 16) will sort array 102
Thread 13 (of 16) will sort array 103
Thread 13 (of 16) will sort array 104
Thread 9 (of 16) will sort array 106
Thread 9 (of 16) will sort array 107
Thread 9 (of 16) will sort array 108
Thread 9 (of 16) will sort array 109
Thread 7 (of 16) will sort array 116
Thread 7 (of 16) will sort array 117
Thread 7 (of 16) will sort array 118
Thread 7 (of 16) will sort array 119
Thread 4 (of 16) will sort array 91
Thread 14 (of 16) will sort array 96
Thread 4 (of 16) will sort array 92
Thread 14 (of 16) will sort array 97
Thread 4 (of 16) will sort array 93
Thread 14 (of 16) will sort array 98
Thread 4 (of 16) will sort array 94
Thread 14 (of 16) will sort array 99
Thread 12 (of 16) will sort array 111
Thread 12 (of 16) will sort array 112
Thread 12 (of 16) will sort array 113
Thread 12 (of 16) will sort array 114
Thread 1 (of 16) will sort array 136
Thread 1 (of 16) will sort array 137
Thread 1 (of 16) will sort array 138
Thread 1 (of 16) will sort array 139
Thread 3 (of 16) will sort array 131
Thread 3 (of 16) will sort array 132
Thread 3 (of 16) will sort array 133
Thread 3 (of 16) will sort array 134
Thread 6 (of 16) will sort array 146
Thread 6 (of 16) will sort array 147
Thread 6 (of 16) will sort array 148
Thread 6 (of 16) will sort array 149
Thread 8 (of 16) will sort array 141
Thread 8 (of 16) will sort array 142
Thread 8 (of 16) will sort array 143
Thread 8 (of 16) will sort array 144
Tempo: 1.916942, array: 10000

thread 0, executed: 5
thread 1, executed: 10
thread 2, executed: 10
thread 3, executed: 10
thread 4, executed: 10
thread 5, executed: 10
thread 6, executed: 10
thread 7, executed: 10
thread 8, executed: 10
thread 9, executed: 10
thread 10, executed: 10
thread 11, executed: 10
thread 12, executed: 10
thread 13, executed: 10
thread 14, executed: 10
thread 15, executed: 5

-------
Will start sorting with arrays with size: 12500
Thread 10 (of 16) will sort array 0
Thread 0 (of 16) will sort array 75
Thread 1 (of 16) will sort array 35
Thread 7 (of 16) will sort array 55
Thread 8 (of 16) will sort array 60
Thread 6 (of 16) will sort array 15
Thread 2 (of 16) will sort array 70
Thread 9 (of 16) will sort array 5
Thread 4 (of 16) will sort array 25
Thread 15 (of 16) will sort array 10
Thread 12 (of 16) will sort array 40
Thread 11 (of 16) will sort array 50
Thread 3 (of 16) will sort array 45
Thread 13 (of 16) will sort array 30
Thread 14 (of 16) will sort array 20
Thread 5 (of 16) will sort array 65
Thread 10 (of 16) will sort array 1
Thread 10 (of 16) will sort array 2
Thread 10 (of 16) will sort array 3
Thread 10 (of 16) will sort array 4
Thread 10 (of 16) will sort array 80
Thread 0 (of 16) will sort array 76
Thread 0 (of 16) will sort array 77
Thread 0 (of 16) will sort array 78
Thread 0 (of 16) will sort array 79
Thread 0 (of 16) will sort array 85
Thread 12 (of 16) will sort array 41
Thread 1 (of 16) will sort array 36
Thread 12 (of 16) will sort array 42
Thread 1 (of 16) will sort array 37
Thread 12 (of 16) will sort array 43
Thread 1 (of 16) will sort array 38
Thread 12 (of 16) will sort array 44
Thread 1 (of 16) will sort array 39
Thread 12 (of 16) will sort array 90
Thread 1 (of 16) will sort array 95
Thread 4 (of 16) will sort array 26
Thread 14 (of 16) will sort array 21
Thread 4 (of 16) will sort array 27
Thread 14 (of 16) will sort array 22
Thread 4 (of 16) will sort array 28
Thread 14 (of 16) will sort array 23
Thread 4 (of 16) will sort array 29
Thread 14 (of 16) will sort array 24
Thread 4 (of 16) will sort array 100
Thread 14 (of 16) will sort array 105
Thread 3 (of 16) will sort array 46
Thread 11 (of 16) will sort array 51
Thread 3 (of 16) will sort array 47
Thread 11 (of 16) will sort array 52
Thread 3 (of 16) will sort array 48
Thread 11 (of 16) will sort array 53
Thread 3 (of 16) will sort array 49
Thread 11 (of 16) will sort array 54
Thread 3 (of 16) will sort array 110
Thread 11 (of 16) will sort array 115
Thread 9 (of 16) will sort array 6
Thread 9 (of 16) will sort array 7
Thread 9 (of 16) will sort array 8
Thread 9 (of 16) will sort array 9
Thread 15 (of 16) will sort array 11
Thread 9 (of 16) will sort array 120
Thread 15 (of 16) will sort array 12
Thread 15 (of 16) will sort array 13
Thread 5 (of 16) will sort array 66
Thread 15 (of 16) will sort array 14
Thread 5 (of 16) will sort array 67
Thread 2 (of 16) will sort array 71
Thread 15 (of 16) will sort array 125
Thread 5 (of 16) will sort array 68
Thread 2 (of 16) will sort array 72
Thread 5 (of 16) will sort array 69
Thread 2 (of 16) will sort array 73
Thread 5 (of 16) will sort array 130
Thread 2 (of 16) will sort array 74
Thread 2 (of 16) will sort array 135
Thread 6 (of 16) will sort array 16
Thread 6 (of 16) will sort array 17
Thread 6 (of 16) will sort array 18
Thread 6 (of 16) will sort array 19
Thread 6 (of 16) will sort array 140
Thread 13 (of 16) will sort array 31
Thread 7 (of 16) will sort array 56
Thread 13 (of 16) will sort array 32
Thread 7 (of 16) will sort array 57
Thread 13 (of 16) will sort array 33
Thread 7 (of 16) will sort array 58
Thread 13 (of 16) will sort array 34
Thread 7 (of 16) will sort array 59
Thread 13 (of 16) will sort array 145
Thread 8 (of 16) will sort array 61
Thread 8 (of 16) will sort array 62
Thread 8 (of 16) will sort array 63
Thread 8 (of 16) will sort array 64
Thread 13 (of 16) will sort array 146
Thread 13 (of 16) will sort array 147
Thread 13 (of 16) will sort array 148
Thread 13 (of 16) will sort array 149
Thread 1 (of 16) will sort array 96
Thread 1 (of 16) will sort array 97
Thread 1 (of 16) will sort array 98
Thread 1 (of 16) will sort array 99
Thread 15 (of 16) will sort array 126
Thread 15 (of 16) will sort array 127
Thread 9 (of 16) will sort array 121
Thread 15 (of 16) will sort array 128
Thread 9 (of 16) will sort array 122
Thread 15 (of 16) will sort array 129
Thread 9 (of 16) will sort array 123
Thread 9 (of 16) will sort array 124
Thread 2 (of 16) will sort array 136
Thread 2 (of 16) will sort array 137
Thread 2 (of 16) will sort array 138
Thread 2 (of 16) will sort array 139
Thread 5 (of 16) will sort array 131
Thread 5 (of 16) will sort array 132
Thread 5 (of 16) will sort array 133
Thread 5 (of 16) will sort array 134
Thread 10 (of 16) will sort array 81
Thread 10 (of 16) will sort array 82
Thread 10 (of 16) will sort array 83
Thread 10 (of 16) will sort array 84
Thread 0 (of 16) will sort array 86
Thread 0 (of 16) will sort array 87
Thread 0 (of 16) will sort array 88
Thread 0 (of 16) will sort array 89
Thread 6 (of 16) will sort array 141
Thread 6 (of 16) will sort array 142
Thread 6 (of 16) will sort array 143
Thread 6 (of 16) will sort array 144
Thread 12 (of 16) will sort array 91
Thread 12 (of 16) will sort array 92
Thread 12 (of 16) will sort array 93
Thread 12 (of 16) will sort array 94
Thread 4 (of 16) will sort array 101
Thread 4 (of 16) will sort array 102
Thread 4 (of 16) will sort array 103
Thread 4 (of 16) will sort array 104
Thread 14 (of 16) will sort array 106
Thread 3 (of 16) will sort array 111
Thread 14 (of 16) will sort array 107
Thread 3 (of 16) will sort array 112
Thread 14 (of 16) will sort array 108
Thread 3 (of 16) will sort array 113
Thread 14 (of 16) will sort array 109
Thread 11 (of 16) will sort array 116
Thread 3 (of 16) will sort array 114
Thread 11 (of 16) will sort array 117
Thread 11 (of 16) will sort array 118
Thread 11 (of 16) will sort array 119
Tempo: 2.988390, array: 12500

thread 0, executed: 10
thread 1, executed: 10
thread 2, executed: 10
thread 3, executed: 10
thread 4, executed: 10
thread 5, executed: 10
thread 6, executed: 10
thread 7, executed: 5
thread 8, executed: 5
thread 9, executed: 10
thread 10, executed: 10
thread 11, executed: 10
thread 12, executed: 10
thread 13, executed: 10
thread 14, executed: 10
thread 15, executed: 10

-------
Will start sorting with arrays with size: 15000
Thread 6 (of 16) will sort array 5
Thread 12 (of 16) will sort array 45
Thread 7 (of 16) will sort array 0
Thread 15 (of 16) will sort array 30
Thread 8 (of 16) will sort array 15
Thread 9 (of 16) will sort array 35
Thread 3 (of 16) will sort array 20
Thread 11 (of 16) will sort array 40
Thread 14 (of 16) will sort array 70
Thread 2 (of 16) will sort array 65
Thread 4 (of 16) will sort array 50
Thread 13 (of 16) will sort array 10
Thread 10 (of 16) will sort array 55
Thread 1 (of 16) will sort array 25
Thread 5 (of 16) will sort array 75
Thread 0 (of 16) will sort array 60
Thread 0 (of 16) will sort array 61
Thread 10 (of 16) will sort array 56
Thread 0 (of 16) will sort array 62
Thread 10 (of 16) will sort array 57
Thread 0 (of 16) will sort array 63
Thread 10 (of 16) will sort array 58
Thread 0 (of 16) will sort array 64
Thread 10 (of 16) will sort array 59
Thread 10 (of 16) will sort array 80
Thread 0 (of 16) will sort array 85
Thread 13 (of 16) will sort array 11
Thread 13 (of 16) will sort array 12
Thread 13 (of 16) will sort array 13
Thread 13 (of 16) will sort array 14
Thread 13 (of 16) will sort array 90
Thread 14 (of 16) will sort array 71
Thread 2 (of 16) will sort array 66
Thread 2 (of 16) will sort array 67
Thread 14 (of 16) will sort array 72
Thread 2 (of 16) will sort array 68
Thread 7 (of 16) will sort array 1
Thread 14 (of 16) will sort array 73
Thread 4 (of 16) will sort array 51
Thread 2 (of 16) will sort array 69
Thread 7 (of 16) will sort array 2
Thread 14 (of 16) will sort array 74
Thread 4 (of 16) will sort array 52
Thread 7 (of 16) will sort array 3
Thread 2 (of 16) will sort array 95
Thread 14 (of 16) will sort array 100
Thread 4 (of 16) will sort array 53
Thread 15 (of 16) will sort array 31
Thread 7 (of 16) will sort array 4
Thread 9 (of 16) will sort array 36
Thread 4 (of 16) will sort array 54
Thread 7 (of 16) will sort array 105
Thread 9 (of 16) will sort array 37
Thread 15 (of 16) will sort array 32
Thread 4 (of 16) will sort array 110
Thread 9 (of 16) will sort array 38
Thread 15 (of 16) will sort array 33
Thread 9 (of 16) will sort array 39
Thread 15 (of 16) will sort array 34
Thread 9 (of 16) will sort array 115
Thread 15 (of 16) will sort array 120
Thread 6 (of 16) will sort array 6
Thread 12 (of 16) will sort array 46
Thread 6 (of 16) will sort array 7
Thread 12 (of 16) will sort array 47
Thread 6 (of 16) will sort array 8
Thread 6 (of 16) will sort array 9
Thread 12 (of 16) will sort array 48
Thread 6 (of 16) will sort array 125
Thread 8 (of 16) will sort array 16
Thread 12 (of 16) will sort array 49
Thread 3 (of 16) will sort array 21
Thread 1 (of 16) will sort array 26
Thread 12 (of 16) will sort array 130
Thread 8 (of 16) will sort array 17
Thread 3 (of 16) will sort array 22
Thread 1 (of 16) will sort array 27
Thread 3 (of 16) will sort array 23
Thread 8 (of 16) will sort array 18
Thread 1 (of 16) will sort array 28
Thread 3 (of 16) will sort array 24
Thread 1 (of 16) will sort array 29
Thread 8 (of 16) will sort array 19
Thread 3 (of 16) will sort array 135
Thread 1 (of 16) will sort array 140
Thread 8 (of 16) will sort array 145
Thread 5 (of 16) will sort array 76
Thread 5 (of 16) will sort array 77
Thread 11 (of 16) will sort array 41
Thread 5 (of 16) will sort array 78
Thread 11 (of 16) will sort array 42
Thread 11 (of 16) will sort array 43
Thread 5 (of 16) will sort array 79
Thread 11 (of 16) will sort array 44
Thread 13 (of 16) will sort array 91
Thread 13 (of 16) will sort array 92
Thread 13 (of 16) will sort array 93
Thread 13 (of 16) will sort array 94
Thread 9 (of 16) will sort array 116
Thread 9 (of 16) will sort array 117
Thread 9 (of 16) will sort array 118
Thread 9 (of 16) will sort array 119
Thread 4 (of 16) will sort array 111
Thread 4 (of 16) will sort array 112
Thread 4 (of 16) will sort array 113
Thread 4 (of 16) will sort array 114
Thread 15 (of 16) will sort array 121
Thread 15 (of 16) will sort array 122
Thread 15 (of 16) will sort array 123
Thread 15 (of 16) will sort array 124
Thread 6 (of 16) will sort array 126
Thread 6 (of 16) will sort array 127
Thread 6 (of 16) will sort array 128
Thread 6 (of 16) will sort array 129
Thread 12 (of 16) will sort array 131
Thread 12 (of 16) will sort array 132
Thread 12 (of 16) will sort array 133
Thread 12 (of 16) will sort array 134
Thread 10 (of 16) will sort array 81
Thread 10 (of 16) will sort array 82
Thread 10 (of 16) will sort array 83
Thread 10 (of 16) will sort array 84
Thread 0 (of 16) will sort array 86
Thread 0 (of 16) will sort array 87
Thread 0 (of 16) will sort array 88
Thread 0 (of 16) will sort array 89
Thread 3 (of 16) will sort array 136
Thread 3 (of 16) will sort array 137
Thread 3 (of 16) will sort array 138
Thread 1 (of 16) will sort array 141
Thread 3 (of 16) will sort array 139
Thread 1 (of 16) will sort array 142
Thread 1 (of 16) will sort array 143
Thread 1 (of 16) will sort array 144
Thread 2 (of 16) will sort array 96
Thread 2 (of 16) will sort array 97
Thread 2 (of 16) will sort array 98
Thread 2 (of 16) will sort array 99
Thread 14 (of 16) will sort array 101
Thread 7 (of 16) will sort array 106
Thread 14 (of 16) will sort array 102
Thread 7 (of 16) will sort array 107
Thread 14 (of 16) will sort array 103
Thread 7 (of 16) will sort array 108
Thread 14 (of 16) will sort array 104
Thread 7 (of 16) will sort array 109
Thread 8 (of 16) will sort array 146
Thread 8 (of 16) will sort array 147
Thread 8 (of 16) will sort array 148
Thread 8 (of 16) will sort array 149
Tempo: 4.289311, array: 15000

thread 0, executed: 10
thread 1, executed: 10
thread 2, executed: 10
thread 3, executed: 10
thread 4, executed: 10
thread 5, executed: 5
thread 6, executed: 10
thread 7, executed: 10
thread 8, executed: 10
thread 9, executed: 10
thread 10, executed: 10
thread 11, executed: 5
thread 12, executed: 10
thread 13, executed: 10
thread 14, executed: 10
thread 15, executed: 10

-------
Will start sorting with arrays with size: 17500
Thread 15 (of 16) will sort array 0
Thread 13 (of 16) will sort array 25
Thread 5 (of 16) will sort array 45
Thread 12 (of 16) will sort array 20
Thread 14 (of 16) will sort array 70
Thread 9 (of 16) will sort array 35
Thread 10 (of 16) will sort array 15
Thread 0 (of 16) will sort array 75
Thread 7 (of 16) will sort array 50
Thread 2 (of 16) will sort array 55
Thread 11 (of 16) will sort array 65
Thread 3 (of 16) will sort array 10
Thread 4 (of 16) will sort array 40
Thread 8 (of 16) will sort array 5
Thread 1 (of 16) will sort array 30
Thread 6 (of 16) will sort array 60
Thread 15 (of 16) will sort array 1
Thread 15 (of 16) will sort array 2
Thread 15 (of 16) will sort array 3
Thread 15 (of 16) will sort array 4
Thread 15 (of 16) will sort array 80
Thread 0 (of 16) will sort array 76
Thread 0 (of 16) will sort array 77
Thread 0 (of 16) will sort array 78
Thread 0 (of 16) will sort array 79
Thread 0 (of 16) will sort array 85
Thread 5 (of 16) will sort array 46
Thread 4 (of 16) will sort array 41
Thread 5 (of 16) will sort array 47
Thread 4 (of 16) will sort array 42
Thread 5 (of 16) will sort array 48
Thread 4 (of 16) will sort array 43
Thread 5 (of 16) will sort array 49
Thread 4 (of 16) will sort array 44
Thread 5 (of 16) will sort array 90
Thread 4 (of 16) will sort array 95
Thread 8 (of 16) will sort array 6
Thread 10 (of 16) will sort array 16
Thread 12 (of 16) will sort array 21
Thread 8 (of 16) will sort array 7
Thread 10 (of 16) will sort array 17
Thread 12 (of 16) will sort array 22
Thread 8 (of 16) will sort array 8
Thread 10 (of 16) will sort array 18
Thread 12 (of 16) will sort array 23
Thread 14 (of 16) will sort array 71
Thread 8 (of 16) will sort array 9
Thread 10 (of 16) will sort array 19
Thread 9 (of 16) will sort array 36
Thread 12 (of 16) will sort array 24
Thread 8 (of 16) will sort array 100
Thread 10 (of 16) will sort array 105
Thread 14 (of 16) will sort array 72
Thread 11 (of 16) will sort array 66
Thread 9 (of 16) will sort array 37
Thread 12 (of 16) will sort array 110
Thread 14 (of 16) will sort array 73
Thread 11 (of 16) will sort array 67
Thread 9 (of 16) will sort array 38
Thread 14 (of 16) will sort array 74
Thread 9 (of 16) will sort array 39
Thread 11 (of 16) will sort array 68
Thread 14 (of 16) will sort array 115
Thread 9 (of 16) will sort array 120
Thread 11 (of 16) will sort array 69
Thread 13 (of 16) will sort array 26
Thread 11 (of 16) will sort array 125
Thread 13 (of 16) will sort array 27
Thread 1 (of 16) will sort array 31
Thread 13 (of 16) will sort array 28
Thread 1 (of 16) will sort array 32
Thread 13 (of 16) will sort array 29
Thread 1 (of 16) will sort array 33
Thread 13 (of 16) will sort array 130
Thread 1 (of 16) will sort array 34
Thread 1 (of 16) will sort array 135
Thread 2 (of 16) will sort array 56
Thread 3 (of 16) will sort array 11
Thread 2 (of 16) will sort array 57
Thread 3 (of 16) will sort array 12
Thread 2 (of 16) will sort array 58
Thread 3 (of 16) will sort array 13
Thread 2 (of 16) will sort array 59
Thread 3 (of 16) will sort array 14
Thread 2 (of 16) will sort array 140
Thread 3 (of 16) will sort array 145
Thread 6 (of 16) will sort array 61
Thread 6 (of 16) will sort array 62
Thread 7 (of 16) will sort array 51
Thread 6 (of 16) will sort array 63
Thread 7 (of 16) will sort array 52
Thread 6 (of 16) will sort array 64
Thread 7 (of 16) will sort array 53
Thread 7 (of 16) will sort array 54
Thread 8 (of 16) will sort array 101
Thread 8 (of 16) will sort array 102
Thread 8 (of 16) will sort array 103
Thread 8 (of 16) will sort array 104
Thread 4 (of 16) will sort array 96
Thread 4 (of 16) will sort array 97
Thread 4 (of 16) will sort array 98
Thread 4 (of 16) will sort array 99
Thread 9 (of 16) will sort array 121
Thread 9 (of 16) will sort array 122
Thread 9 (of 16) will sort array 123
Thread 9 (of 16) will sort array 124
Thread 15 (of 16) will sort array 81
Thread 15 (of 16) will sort array 82
Thread 15 (of 16) will sort array 83
Thread 15 (of 16) will sort array 84
Thread 1 (of 16) will sort array 136
Thread 1 (of 16) will sort array 137
Thread 1 (of 16) will sort array 138
Thread 1 (of 16) will sort array 139
Thread 13 (of 16) will sort array 131
Thread 13 (of 16) will sort array 132
Thread 13 (of 16) will sort array 133
Thread 13 (of 16) will sort array 134
Thread 0 (of 16) will sort array 86
Thread 0 (of 16) will sort array 87
Thread 0 (of 16) will sort array 88
Thread 0 (of 16) will sort array 89
Thread 5 (of 16) will sort array 91
Thread 5 (of 16) will sort array 92
Thread 5 (of 16) will sort array 93
Thread 5 (of 16) will sort array 94
Thread 10 (of 16) will sort array 106
Thread 10 (of 16) will sort array 107
Thread 10 (of 16) will sort array 108
Thread 10 (of 16) will sort array 109
Thread 12 (of 16) will sort array 111
Thread 12 (of 16) will sort array 112
Thread 12 (of 16) will sort array 113
Thread 12 (of 16) will sort array 114
Thread 2 (of 16) will sort array 141
Thread 2 (of 16) will sort array 142
Thread 2 (of 16) will sort array 143
Thread 2 (of 16) will sort array 144
Thread 3 (of 16) will sort array 146
Thread 3 (of 16) will sort array 147
Thread 3 (of 16) will sort array 148
Thread 3 (of 16) will sort array 149
Thread 11 (of 16) will sort array 126
Thread 11 (of 16) will sort array 127
Thread 11 (of 16) will sort array 128
Thread 11 (of 16) will sort array 129
Thread 14 (of 16) will sort array 116
Thread 14 (of 16) will sort array 117
Thread 14 (of 16) will sort array 118
Thread 14 (of 16) will sort array 119
Tempo: 5.872611, array: 17500

thread 0, executed: 10
thread 1, executed: 10
thread 2, executed: 10
thread 3, executed: 10
thread 4, executed: 10
thread 5, executed: 10
thread 6, executed: 5
thread 7, executed: 5
thread 8, executed: 10
thread 9, executed: 10
thread 10, executed: 10
thread 11, executed: 10
thread 12, executed: 10
thread 13, executed: 10
thread 14, executed: 10
thread 15, executed: 10

-------
Will start sorting with arrays with size: 20000
Thread 0 (of 16) will sort array 0
Thread 10 (of 16) will sort array 45
Thread 13 (of 16) will sort array 20
Thread 4 (of 16) will sort array 60
Thread 8 (of 16) will sort array 55
Thread 1 (of 16) will sort array 75
Thread 2 (of 16) will sort array 15
Thread 11 (of 16) will sort array 5
Thread 7 (of 16) will sort array 40
Thread 6 (of 16) will sort array 35
Thread 15 (of 16) will sort array 30
Thread 12 (of 16) will sort array 50
Thread 5 (of 16) will sort array 70
Thread 9 (of 16) will sort array 65
Thread 14 (of 16) will sort array 25
Thread 3 (of 16) will sort array 10
Thread 11 (of 16) will sort array 6
Thread 11 (of 16) will sort array 7
Thread 0 (of 16) will sort array 1
Thread 11 (of 16) will sort array 8
Thread 0 (of 16) will sort array 2
Thread 11 (of 16) will sort array 9
Thread 0 (of 16) will sort array 3
Thread 11 (of 16) will sort array 80
Thread 0 (of 16) will sort array 4
Thread 0 (of 16) will sort array 85
Thread 14 (of 16) will sort array 26
Thread 13 (of 16) will sort array 21
Thread 14 (of 16) will sort array 27
Thread 13 (of 16) will sort array 22
Thread 14 (of 16) will sort array 28
Thread 13 (of 16) will sort array 23
Thread 14 (of 16) will sort array 29
Thread 13 (of 16) will sort array 24
Thread 14 (of 16) will sort array 90
Thread 13 (of 16) will sort array 95
Thread 7 (of 16) will sort array 41
Thread 10 (of 16) will sort array 46
Thread 12 (of 16) will sort array 51
Thread 8 (of 16) will sort array 56
Thread 7 (of 16) will sort array 42
Thread 10 (of 16) will sort array 47
Thread 8 (of 16) will sort array 57
Thread 12 (of 16) will sort array 52
Thread 7 (of 16) will sort array 43
Thread 10 (of 16) will sort array 48
Thread 8 (of 16) will sort array 58
Thread 12 (of 16) will sort array 53
Thread 7 (of 16) will sort array 44
Thread 10 (of 16) will sort array 49
Thread 8 (of 16) will sort array 59
Thread 12 (of 16) will sort array 54
Thread 7 (of 16) will sort array 100
Thread 10 (of 16) will sort array 105
Thread 12 (of 16) will sort array 110
Thread 8 (of 16) will sort array 115
Thread 1 (of 16) will sort array 76
Thread 5 (of 16) will sort array 71
Thread 1 (of 16) will sort array 77
Thread 5 (of 16) will sort array 72
Thread 1 (of 16) will sort array 78
Thread 5 (of 16) will sort array 73
Thread 1 (of 16) will sort array 79
Thread 5 (of 16) will sort array 74
Thread 1 (of 16) will sort array 120
Thread 5 (of 16) will sort array 125
Thread 3 (of 16) will sort array 11
Thread 2 (of 16) will sort array 16
Thread 3 (of 16) will sort array 12
Thread 2 (of 16) will sort array 17
Thread 3 (of 16) will sort array 13
Thread 2 (of 16) will sort array 18
Thread 2 (of 16) will sort array 19
Thread 3 (of 16) will sort array 14
Thread 2 (of 16) will sort array 130
Thread 3 (of 16) will sort array 135
Thread 15 (of 16) will sort array 31
Thread 15 (of 16) will sort array 32
Thread 6 (of 16) will sort array 36
Thread 15 (of 16) will sort array 33
Thread 6 (of 16) will sort array 37
Thread 15 (of 16) will sort array 34
Thread 6 (of 16) will sort array 38
Thread 15 (of 16) will sort array 140
Thread 6 (of 16) will sort array 39
Thread 6 (of 16) will sort array 145
Thread 9 (of 16) will sort array 66
Thread 9 (of 16) will sort array 67
Thread 9 (of 16) will sort array 68
Thread 9 (of 16) will sort array 69
Thread 4 (of 16) will sort array 61
Thread 4 (of 16) will sort array 62
Thread 4 (of 16) will sort array 63
Thread 4 (of 16) will sort array 64
Thread 11 (of 16) will sort array 81
Thread 11 (of 16) will sort array 82
Thread 11 (of 16) will sort array 83
Thread 11 (of 16) will sort array 84
Thread 12 (of 16) will sort array 111
Thread 12 (of 16) will sort array 112
Thread 12 (of 16) will sort array 113
Thread 12 (of 16) will sort array 114
Thread 0 (of 16) will sort array 86
Thread 0 (of 16) will sort array 87
Thread 0 (of 16) will sort array 88
Thread 0 (of 16) will sort array 89
Thread 5 (of 16) will sort array 126
Thread 5 (of 16) will sort array 127
Thread 5 (of 16) will sort array 128
Thread 5 (of 16) will sort array 129
Thread 14 (of 16) will sort array 91
Thread 14 (of 16) will sort array 92
Thread 14 (of 16) will sort array 93
Thread 13 (of 16) will sort array 96
Thread 13 (of 16) will sort array 97
Thread 14 (of 16) will sort array 94
Thread 13 (of 16) will sort array 98
Thread 13 (of 16) will sort array 99
Thread 8 (of 16) will sort array 116
Thread 8 (of 16) will sort array 117
Thread 8 (of 16) will sort array 118
Thread 8 (of 16) will sort array 119
Thread 15 (of 16) will sort array 141
Thread 15 (of 16) will sort array 142
Thread 15 (of 16) will sort array 143
Thread 15 (of 16) will sort array 144
Thread 6 (of 16) will sort array 146
Thread 6 (of 16) will sort array 147
Thread 6 (of 16) will sort array 148
Thread 6 (of 16) will sort array 149
Thread 10 (of 16) will sort array 106
Thread 10 (of 16) will sort array 107
Thread 7 (of 16) will sort array 101
Thread 10 (of 16) will sort array 108
Thread 7 (of 16) will sort array 102
Thread 10 (of 16) will sort array 109
Thread 7 (of 16) will sort array 103
Thread 7 (of 16) will sort array 104
Thread 1 (of 16) will sort array 121
Thread 1 (of 16) will sort array 122
Thread 1 (of 16) will sort array 123
Thread 1 (of 16) will sort array 124
Thread 3 (of 16) will sort array 136
Thread 3 (of 16) will sort array 137
Thread 3 (of 16) will sort array 138
Thread 3 (of 16) will sort array 139
Thread 2 (of 16) will sort array 131
Thread 2 (of 16) will sort array 132
Thread 2 (of 16) will sort array 133
Thread 2 (of 16) will sort array 134
Tempo: 7.585697, array: 20000

thread 0, executed: 10
thread 1, executed: 10
thread 2, executed: 10
thread 3, executed: 10
thread 4, executed: 5
thread 5, executed: 10
thread 6, executed: 10
thread 7, executed: 10
thread 8, executed: 10
thread 9, executed: 5
thread 10, executed: 10
thread 11, executed: 10
thread 12, executed: 10
thread 13, executed: 10
thread 14, executed: 10
thread 15, executed: 10

-------
Will start sorting with arrays with size: 22500
Thread 0 (of 16) will sort array 10
Thread 9 (of 16) will sort array 30
Thread 6 (of 16) will sort array 0
Thread 11 (of 16) will sort array 50
Thread 5 (of 16) will sort array 65
Thread 13 (of 16) will sort array 35
Thread 8 (of 16) will sort array 75
Thread 12 (of 16) will sort array 5
Thread 10 (of 16) will sort array 25
Thread 2 (of 16) will sort array 45
Thread 7 (of 16) will sort array 55
Thread 1 (of 16) will sort array 60
Thread 14 (of 16) will sort array 20
Thread 15 (of 16) will sort array 15
Thread 4 (of 16) will sort array 40
Thread 3 (of 16) will sort array 70
Thread 15 (of 16) will sort array 16
Thread 0 (of 16) will sort array 11
Thread 15 (of 16) will sort array 17
Thread 0 (of 16) will sort array 12
Thread 15 (of 16) will sort array 18
Thread 0 (of 16) will sort array 13
Thread 15 (of 16) will sort array 19
Thread 0 (of 16) will sort array 14
Thread 15 (of 16) will sort array 80
Thread 0 (of 16) will sort array 85
Thread 10 (of 16) will sort array 26
Thread 14 (of 16) will sort array 21
Thread 14 (of 16) will sort array 22
Thread 10 (of 16) will sort array 27
Thread 14 (of 16) will sort array 23
Thread 10 (of 16) will sort array 28
Thread 10 (of 16) will sort array 29
Thread 14 (of 16) will sort array 24
Thread 10 (of 16) will sort array 90
Thread 14 (of 16) will sort array 95
Thread 3 (of 16) will sort array 71
Thread 3 (of 16) will sort array 72
Thread 5 (of 16) will sort array 66
Thread 5 (of 16) will sort array 67
Thread 3 (of 16) will sort array 73
Thread 3 (of 16) will sort array 74
Thread 5 (of 16) will sort array 68
Thread 3 (of 16) will sort array 100
Thread 5 (of 16) will sort array 69
Thread 5 (of 16) will sort array 105
Thread 13 (of 16) will sort array 36
Thread 13 (of 16) will sort array 37
Thread 11 (of 16) will sort array 51
Thread 11 (of 16) will sort array 52
Thread 13 (of 16) will sort array 38
Thread 11 (of 16) will sort array 53
Thread 13 (of 16) will sort array 39
Thread 11 (of 16) will sort array 54
Thread 13 (of 16) will sort array 110
Thread 4 (of 16) will sort array 41
Thread 2 (of 16) will sort array 46
Thread 11 (of 16) will sort array 115
Thread 4 (of 16) will sort array 42
Thread 2 (of 16) will sort array 47
Thread 4 (of 16) will sort array 43
Thread 2 (of 16) will sort array 48
Thread 4 (of 16) will sort array 44
Thread 2 (of 16) will sort array 49
Thread 4 (of 16) will sort array 120
Thread 2 (of 16) will sort array 125
Thread 6 (of 16) will sort array 1
Thread 8 (of 16) will sort array 76
Thread 12 (of 16) will sort array 6
Thread 6 (of 16) will sort array 2
Thread 8 (of 16) will sort array 77
Thread 12 (of 16) will sort array 7
Thread 6 (of 16) will sort array 3
Thread 8 (of 16) will sort array 78
Thread 12 (of 16) will sort array 8
Thread 9 (of 16) will sort array 31
Thread 6 (of 16) will sort array 4
Thread 8 (of 16) will sort array 79
Thread 12 (of 16) will sort array 9
Thread 9 (of 16) will sort array 32
Thread 6 (of 16) will sort array 130
Thread 8 (of 16) will sort array 135
Thread 12 (of 16) will sort array 140
Thread 9 (of 16) will sort array 33
Thread 9 (of 16) will sort array 34
Thread 9 (of 16) will sort array 145
Thread 7 (of 16) will sort array 56
Thread 7 (of 16) will sort array 57
Thread 7 (of 16) will sort array 58
Thread 7 (of 16) will sort array 59
Thread 1 (of 16) will sort array 61
Thread 1 (of 16) will sort array 62
Thread 1 (of 16) will sort array 63
Thread 1 (of 16) will sort array 64
Thread 0 (of 16) will sort array 86
Thread 0 (of 16) will sort array 87
Thread 0 (of 16) will sort array 88
Thread 0 (of 16) will sort array 89
Thread 13 (of 16) will sort array 111
Thread 13 (of 16) will sort array 112
Thread 13 (of 16) will sort array 113
Thread 13 (of 16) will sort array 114
Thread 15 (of 16) will sort array 81
Thread 15 (of 16) will sort array 82
Thread 15 (of 16) will sort array 83
Thread 15 (of 16) will sort array 84
Thread 11 (of 16) will sort array 116
Thread 11 (of 16) will sort array 117
Thread 11 (of 16) will sort array 118
Thread 11 (of 16) will sort array 119
Thread 10 (of 16) will sort array 91
Thread 10 (of 16) will sort array 92
Thread 10 (of 16) will sort array 93
Thread 10 (of 16) will sort array 94
Thread 14 (of 16) will sort array 96
Thread 14 (of 16) will sort array 97
Thread 14 (of 16) will sort array 98
Thread 14 (of 16) will sort array 99
Thread 3 (of 16) will sort array 101
Thread 3 (of 16) will sort array 102
Thread 3 (of 16) will sort array 103
Thread 3 (of 16) will sort array 104
Thread 5 (of 16) will sort array 106
Thread 5 (of 16) will sort array 107
Thread 5 (of 16) will sort array 108
Thread 5 (of 16) will sort array 109
Thread 4 (of 16) will sort array 121
Thread 4 (of 16) will sort array 122
Thread 4 (of 16) will sort array 123
Thread 2 (of 16) will sort array 126
Thread 4 (of 16) will sort array 124
Thread 2 (of 16) will sort array 127
Thread 2 (of 16) will sort array 128
Thread 2 (of 16) will sort array 129
Thread 8 (of 16) will sort array 136
Thread 8 (of 16) will sort array 137
Thread 8 (of 16) will sort array 138
Thread 8 (of 16) will sort array 139
Thread 9 (of 16) will sort array 146
Thread 9 (of 16) will sort array 147
Thread 9 (of 16) will sort array 148
Thread 9 (of 16) will sort array 149
Thread 12 (of 16) will sort array 141
Thread 12 (of 16) will sort array 142
Thread 12 (of 16) will sort array 143
Thread 12 (of 16) will sort array 144
Thread 6 (of 16) will sort array 131
Thread 6 (of 16) will sort array 132
Thread 6 (of 16) will sort array 133
Thread 6 (of 16) will sort array 134
Tempo: 9.580809, array: 22500

thread 0, executed: 10
thread 1, executed: 5
thread 2, executed: 10
thread 3, executed: 10
thread 4, executed: 10
thread 5, executed: 10
thread 6, executed: 10
thread 7, executed: 5
thread 8, executed: 10
thread 9, executed: 10
thread 10, executed: 10
thread 11, executed: 10
thread 12, executed: 10
thread 13, executed: 10
thread 14, executed: 10
thread 15, executed: 10

-------
Will start sorting with arrays with size: 25000
Thread 0 (of 16) will sort array 0
Thread 6 (of 16) will sort array 30
Thread 10 (of 16) will sort array 15
Thread 5 (of 16) will sort array 70
Thread 3 (of 16) will sort array 60
Thread 13 (of 16) will sort array 40
Thread 2 (of 16) will sort array 75
Thread 4 (of 16) will sort array 10
Thread 12 (of 16) will sort array 35
Thread 7 (of 16) will sort array 45
Thread 9 (of 16) will sort array 55
Thread 11 (of 16) will sort array 65
Thread 15 (of 16) will sort array 50
Thread 1 (of 16) will sort array 20
Thread 14 (of 16) will sort array 5
Thread 8 (of 16) will sort array 25
Thread 14 (of 16) will sort array 6
Thread 14 (of 16) will sort array 7
Thread 14 (of 16) will sort array 8
Thread 14 (of 16) will sort array 9
Thread 14 (of 16) will sort array 80
Thread 0 (of 16) will sort array 1
Thread 0 (of 16) will sort array 2
Thread 0 (of 16) will sort array 3
Thread 0 (of 16) will sort array 4
Thread 0 (of 16) will sort array 85
Thread 7 (of 16) will sort array 46
Thread 15 (of 16) will sort array 51
Thread 15 (of 16) will sort array 52
Thread 7 (of 16) will sort array 47
Thread 15 (of 16) will sort array 53
Thread 7 (of 16) will sort array 48
Thread 15 (of 16) will sort array 54
Thread 7 (of 16) will sort array 49
Thread 15 (of 16) will sort array 90
Thread 7 (of 16) will sort array 95
Thread 6 (of 16) will sort array 31
Thread 12 (of 16) will sort array 36
Thread 6 (of 16) will sort array 32
Thread 12 (of 16) will sort array 37
Thread 6 (of 16) will sort array 33
Thread 12 (of 16) will sort array 38
Thread 6 (of 16) will sort array 34
Thread 12 (of 16) will sort array 39
Thread 6 (of 16) will sort array 100
Thread 12 (of 16) will sort array 105
Thread 1 (of 16) will sort array 21
Thread 8 (of 16) will sort array 26
Thread 1 (of 16) will sort array 22
Thread 8 (of 16) will sort array 27
Thread 1 (of 16) will sort array 23
Thread 8 (of 16) will sort array 28
Thread 1 (of 16) will sort array 24
Thread 8 (of 16) will sort array 29
Thread 1 (of 16) will sort array 110
Thread 8 (of 16) will sort array 115
Thread 10 (of 16) will sort array 16
Thread 4 (of 16) will sort array 11
Thread 10 (of 16) will sort array 17
Thread 4 (of 16) will sort array 12
Thread 10 (of 16) will sort array 18
Thread 4 (of 16) will sort array 13
Thread 10 (of 16) will sort array 19
Thread 4 (of 16) will sort array 14
Thread 10 (of 16) will sort array 120
Thread 4 (of 16) will sort array 125
Thread 5 (of 16) will sort array 71
Thread 5 (of 16) will sort array 72
Thread 2 (of 16) will sort array 76
Thread 5 (of 16) will sort array 73
Thread 2 (of 16) will sort array 77
Thread 5 (of 16) will sort array 74
Thread 2 (of 16) will sort array 78
Thread 5 (of 16) will sort array 130
Thread 2 (of 16) will sort array 79
Thread 2 (of 16) will sort array 135
Thread 9 (of 16) will sort array 56
Thread 9 (of 16) will sort array 57
Thread 3 (of 16) will sort array 61
Thread 9 (of 16) will sort array 58
Thread 3 (of 16) will sort array 62
Thread 9 (of 16) will sort array 59
Thread 3 (of 16) will sort array 63
Thread 9 (of 16) will sort array 140
Thread 3 (of 16) will sort array 64
Thread 3 (of 16) will sort array 145
Thread 11 (of 16) will sort array 66
Thread 11 (of 16) will sort array 67
Thread 13 (of 16) will sort array 41
Thread 11 (of 16) will sort array 68
Thread 13 (of 16) will sort array 42
Thread 11 (of 16) will sort array 69
Thread 13 (of 16) will sort array 43
Thread 13 (of 16) will sort array 44
Thread 7 (of 16) will sort array 96
Thread 7 (of 16) will sort array 97
Thread 7 (of 16) will sort array 98
Thread 7 (of 16) will sort array 99
Thread 10 (of 16) will sort array 121
Thread 10 (of 16) will sort array 122
Thread 10 (of 16) will sort array 123
Thread 10 (of 16) will sort array 124
Thread 15 (of 16) will sort array 91
Thread 15 (of 16) will sort array 92
Thread 15 (of 16) will sort array 93
Thread 15 (of 16) will sort array 94
Thread 4 (of 16) will sort array 126
Thread 4 (of 16) will sort array 127
Thread 4 (of 16) will sort array 128
Thread 4 (of 16) will sort array 129
Thread 12 (of 16) will sort array 106
Thread 12 (of 16) will sort array 107
Thread 6 (of 16) will sort array 101
Thread 12 (of 16) will sort array 108
Thread 6 (of 16) will sort array 102
Thread 12 (of 16) will sort array 109
Thread 6 (of 16) will sort array 103
Thread 6 (of 16) will sort array 104
Thread 14 (of 16) will sort array 81
Thread 14 (of 16) will sort array 82
Thread 14 (of 16) will sort array 83
Thread 14 (of 16) will sort array 84
Thread 0 (of 16) will sort array 86
Thread 0 (of 16) will sort array 87
Thread 0 (of 16) will sort array 88
Thread 0 (of 16) will sort array 89
Thread 3 (of 16) will sort array 146
Thread 9 (of 16) will sort array 141
Thread 3 (of 16) will sort array 147
Thread 9 (of 16) will sort array 142
Thread 3 (of 16) will sort array 148
Thread 9 (of 16) will sort array 143
Thread 3 (of 16) will sort array 149
Thread 9 (of 16) will sort array 144
Thread 1 (of 16) will sort array 111
Thread 1 (of 16) will sort array 112
Thread 1 (of 16) will sort array 113
Thread 1 (of 16) will sort array 114
Thread 8 (of 16) will sort array 116
Thread 8 (of 16) will sort array 117
Thread 8 (of 16) will sort array 118
Thread 8 (of 16) will sort array 119
Thread 2 (of 16) will sort array 136
Thread 2 (of 16) will sort array 137
Thread 2 (of 16) will sort array 138
Thread 2 (of 16) will sort array 139
Thread 5 (of 16) will sort array 131
Thread 5 (of 16) will sort array 132
Thread 5 (of 16) will sort array 133
Thread 5 (of 16) will sort array 134
Tempo: 11.852664, array: 25000

thread 0, executed: 10
thread 1, executed: 10
thread 2, executed: 10
thread 3, executed: 10
thread 4, executed: 10
thread 5, executed: 10
thread 6, executed: 10
thread 7, executed: 10
thread 8, executed: 10
thread 9, executed: 10
thread 10, executed: 10
thread 11, executed: 5
thread 12, executed: 10
thread 13, executed: 5
thread 14, executed: 10
thread 15, executed: 10



number of arrays: 150
size,time
2500,0.129518
5000,0.513099
7500,1.120915
10000,1.916942
12500,2.988390
15000,4.289311
17500,5.872611
20000,7.585697
22500,9.580809
25000,11.852664
