
-------
Will start sorting with arrays with size: 2500
Thread 0 (of 8) will sort array 0
Thread 3 (of 8) will sort array 5
Thread 5 (of 8) will sort array 10
Thread 2 (of 8) will sort array 15
Thread 4 (of 8) will sort array 20
Thread 3 (of 8) will sort array 6
Thread 3 (of 8) will sort array 7
Thread 3 (of 8) will sort array 8
Thread 3 (of 8) will sort array 9
Thread 5 (of 8) will sort array 11
Thread 5 (of 8) will sort array 12
Thread 5 (of 8) will sort array 13
Thread 5 (of 8) will sort array 14
Thread 2 (of 8) will sort array 16
Thread 2 (of 8) will sort array 17
Thread 2 (of 8) will sort array 18
Thread 2 (of 8) will sort array 19
Thread 4 (of 8) will sort array 21
Thread 4 (of 8) will sort array 22
Thread 4 (of 8) will sort array 23
Thread 4 (of 8) will sort array 24
Thread 0 (of 8) will sort array 1
Thread 0 (of 8) will sort array 2
Thread 0 (of 8) will sort array 3
Thread 0 (of 8) will sort array 4
Tempo: 0.032717, array: 2500

thread 0, executed: 5
thread 1, executed: 0
thread 2, executed: 5
thread 3, executed: 5
thread 4, executed: 5
thread 5, executed: 5
thread 6, executed: 0
thread 7, executed: 0

-------
Will start sorting with arrays with size: 5000
Thread 6 (of 8) will sort array 0
Thread 4 (of 8) will sort array 10
Thread 3 (of 8) will sort array 20
Thread 1 (of 8) will sort array 15
Thread 7 (of 8) will sort array 5
Thread 3 (of 8) will sort array 21
Thread 3 (of 8) will sort array 22
Thread 3 (of 8) will sort array 23
Thread 3 (of 8) will sort array 24
Thread 7 (of 8) will sort array 6
Thread 7 (of 8) will sort array 7
Thread 7 (of 8) will sort array 8
Thread 7 (of 8) will sort array 9
Thread 6 (of 8) will sort array 1
Thread 6 (of 8) will sort array 2
Thread 6 (of 8) will sort array 3
Thread 6 (of 8) will sort array 4
Thread 4 (of 8) will sort array 11
Thread 4 (of 8) will sort array 12
Thread 4 (of 8) will sort array 13
Thread 4 (of 8) will sort array 14
Thread 1 (of 8) will sort array 16
Thread 1 (of 8) will sort array 17
Thread 1 (of 8) will sort array 18
Thread 1 (of 8) will sort array 19
Tempo: 0.131495, array: 5000

thread 0, executed: 0
thread 1, executed: 5
thread 2, executed: 0
thread 3, executed: 5
thread 4, executed: 5
thread 5, executed: 0
thread 6, executed: 5
thread 7, executed: 5

-------
Will start sorting with arrays with size: 7500
Thread 6 (of 8) will sort array 0
Thread 3 (of 8) will sort array 15
Thread 7 (of 8) will sort array 10
Thread 1 (of 8) will sort array 5
Thread 5 (of 8) will sort array 20
Thread 3 (of 8) will sort array 16
Thread 3 (of 8) will sort array 17
Thread 3 (of 8) will sort array 18
Thread 3 (of 8) will sort array 19
Thread 5 (of 8) will sort array 21
Thread 5 (of 8) will sort array 22
Thread 5 (of 8) will sort array 23
Thread 5 (of 8) will sort array 24
Thread 6 (of 8) will sort array 1
Thread 6 (of 8) will sort array 2
Thread 6 (of 8) will sort array 3
Thread 6 (of 8) will sort array 4
Thread 1 (of 8) will sort array 6
Thread 1 (of 8) will sort array 7
Thread 1 (of 8) will sort array 8
Thread 1 (of 8) will sort array 9
Thread 7 (of 8) will sort array 11
Thread 7 (of 8) will sort array 12
Thread 7 (of 8) will sort array 13
Thread 7 (of 8) will sort array 14
Tempo: 0.281510, array: 7500

thread 0, executed: 0
thread 1, executed: 5
thread 2, executed: 0
thread 3, executed: 5
thread 4, executed: 0
thread 5, executed: 5
thread 6, executed: 5
thread 7, executed: 5

-------
Will start sorting with arrays with size: 10000
Thread 7 (of 8) will sort array 0
Thread 6 (of 8) will sort array 10
Thread 5 (of 8) will sort array 20
Thread 3 (of 8) will sort array 15
Thread 1 (of 8) will sort array 5
Thread 3 (of 8) will sort array 16
Thread 3 (of 8) will sort array 17
Thread 3 (of 8) will sort array 18
Thread 3 (of 8) will sort array 19
Thread 5 (of 8) will sort array 21
Thread 5 (of 8) will sort array 22
Thread 5 (of 8) will sort array 23
Thread 5 (of 8) will sort array 24
Thread 1 (of 8) will sort array 6
Thread 1 (of 8) will sort array 7
Thread 1 (of 8) will sort array 8
Thread 1 (of 8) will sort array 9
Thread 6 (of 8) will sort array 11
Thread 6 (of 8) will sort array 12
Thread 6 (of 8) will sort array 13
Thread 6 (of 8) will sort array 14
Thread 7 (of 8) will sort array 1
Thread 7 (of 8) will sort array 2
Thread 7 (of 8) will sort array 3
Thread 7 (of 8) will sort array 4
Tempo: 0.474504, array: 10000

thread 0, executed: 0
thread 1, executed: 5
thread 2, executed: 0
thread 3, executed: 5
thread 4, executed: 0
thread 5, executed: 5
thread 6, executed: 5
thread 7, executed: 5

-------
Will start sorting with arrays with size: 12500
Thread 3 (of 8) will sort array 5
Thread 5 (of 8) will sort array 10
Thread 7 (of 8) will sort array 15
Thread 6 (of 8) will sort array 20
Thread 2 (of 8) will sort array 0
Thread 6 (of 8) will sort array 21
Thread 7 (of 8) will sort array 16
Thread 7 (of 8) will sort array 17
Thread 6 (of 8) will sort array 22
Thread 7 (of 8) will sort array 18
Thread 6 (of 8) will sort array 23
Thread 7 (of 8) will sort array 19
Thread 6 (of 8) will sort array 24
Thread 5 (of 8) will sort array 11
Thread 5 (of 8) will sort array 12
Thread 5 (of 8) will sort array 13
Thread 5 (of 8) will sort array 14
Thread 2 (of 8) will sort array 1
Thread 2 (of 8) will sort array 2
Thread 2 (of 8) will sort array 3
Thread 2 (of 8) will sort array 4
Thread 3 (of 8) will sort array 6
Thread 3 (of 8) will sort array 7
Thread 3 (of 8) will sort array 8
Thread 3 (of 8) will sort array 9
Tempo: 0.757802, array: 12500

thread 0, executed: 0
thread 1, executed: 0
thread 2, executed: 5
thread 3, executed: 5
thread 4, executed: 0
thread 5, executed: 5
thread 6, executed: 5
thread 7, executed: 5

-------
Will start sorting with arrays with size: 15000
Thread 0 (of 8) will sort array 20
Thread 4 (of 8) will sort array 15
Thread 2 (of 8) will sort array 0
Thread 3 (of 8) will sort array 5
Thread 5 (of 8) will sort array 10
Thread 3 (of 8) will sort array 6
Thread 3 (of 8) will sort array 7
Thread 3 (of 8) will sort array 8
Thread 3 (of 8) will sort array 9
Thread 0 (of 8) will sort array 21
Thread 0 (of 8) will sort array 22
Thread 0 (of 8) will sort array 23
Thread 0 (of 8) will sort array 24
Thread 2 (of 8) will sort array 1
Thread 2 (of 8) will sort array 2
Thread 2 (of 8) will sort array 3
Thread 2 (of 8) will sort array 4
Thread 4 (of 8) will sort array 16
Thread 4 (of 8) will sort array 17
Thread 4 (of 8) will sort array 18
Thread 4 (of 8) will sort array 19
Thread 5 (of 8) will sort array 11
Thread 5 (of 8) will sort array 12
Thread 5 (of 8) will sort array 13
Thread 5 (of 8) will sort array 14
Tempo: 1.122378, array: 15000

thread 0, executed: 5
thread 1, executed: 0
thread 2, executed: 5
thread 3, executed: 5
thread 4, executed: 5
thread 5, executed: 5
thread 6, executed: 0
thread 7, executed: 0

-------
Will start sorting with arrays with size: 17500
Thread 0 (of 8) will sort array 10
Thread 3 (of 8) will sort array 0
Thread 6 (of 8) will sort array 5
Thread 4 (of 8) will sort array 15
Thread 1 (of 8) will sort array 20
Thread 4 (of 8) will sort array 16
Thread 4 (of 8) will sort array 17
Thread 4 (of 8) will sort array 18
Thread 4 (of 8) will sort array 19
Thread 1 (of 8) will sort array 21
Thread 1 (of 8) will sort array 22
Thread 1 (of 8) will sort array 23
Thread 1 (of 8) will sort array 24
Thread 6 (of 8) will sort array 6
Thread 6 (of 8) will sort array 7
Thread 6 (of 8) will sort array 8
Thread 6 (of 8) will sort array 9
Thread 3 (of 8) will sort array 1
Thread 3 (of 8) will sort array 2
Thread 3 (of 8) will sort array 3
Thread 3 (of 8) will sort array 4
Thread 0 (of 8) will sort array 11
Thread 0 (of 8) will sort array 12
Thread 0 (of 8) will sort array 13
Thread 0 (of 8) will sort array 14
Tempo: 1.464102, array: 17500

thread 0, executed: 5
thread 1, executed: 5
thread 2, executed: 0
thread 3, executed: 5
thread 4, executed: 5
thread 5, executed: 0
thread 6, executed: 5
thread 7, executed: 0

-------
Will start sorting with arrays with size: 20000
Thread 3 (of 8) will sort array 0
Thread 5 (of 8) will sort array 5
Thread 2 (of 8) will sort array 10
Thread 0 (of 8) will sort array 15
Thread 6 (of 8) will sort array 20
Thread 6 (of 8) will sort array 21
Thread 6 (of 8) will sort array 22
Thread 6 (of 8) will sort array 23
Thread 6 (of 8) will sort array 24
Thread 0 (of 8) will sort array 16
Thread 0 (of 8) will sort array 17
Thread 0 (of 8) will sort array 18
Thread 0 (of 8) will sort array 19
Thread 2 (of 8) will sort array 11
Thread 2 (of 8) will sort array 12
Thread 2 (of 8) will sort array 13
Thread 2 (of 8) will sort array 14
Thread 5 (of 8) will sort array 6
Thread 5 (of 8) will sort array 7
Thread 5 (of 8) will sort array 8
Thread 5 (of 8) will sort array 9
Thread 3 (of 8) will sort array 1
Thread 3 (of 8) will sort array 2
Thread 3 (of 8) will sort array 3
Thread 3 (of 8) will sort array 4
Tempo: 1.910521, array: 20000

thread 0, executed: 5
thread 1, executed: 0
thread 2, executed: 5
thread 3, executed: 5
thread 4, executed: 0
thread 5, executed: 5
thread 6, executed: 5
thread 7, executed: 0

-------
Will start sorting with arrays with size: 22500
Thread 3 (of 8) will sort array 10
Thread 6 (of 8) will sort array 15
Thread 5 (of 8) will sort array 5
Thread 1 (of 8) will sort array 20
Thread 2 (of 8) will sort array 0
Thread 6 (of 8) will sort array 16
Thread 6 (of 8) will sort array 17
Thread 6 (of 8) will sort array 18
Thread 6 (of 8) will sort array 19
Thread 1 (of 8) will sort array 21
Thread 1 (of 8) will sort array 22
Thread 1 (of 8) will sort array 23
Thread 1 (of 8) will sort array 24
Thread 5 (of 8) will sort array 6
Thread 5 (of 8) will sort array 7
Thread 5 (of 8) will sort array 8
Thread 5 (of 8) will sort array 9
Thread 2 (of 8) will sort array 1
Thread 2 (of 8) will sort array 2
Thread 2 (of 8) will sort array 3
Thread 2 (of 8) will sort array 4
Thread 3 (of 8) will sort array 11
Thread 3 (of 8) will sort array 12
Thread 3 (of 8) will sort array 13
Thread 3 (of 8) will sort array 14
Tempo: 2.418499, array: 22500

thread 0, executed: 0
thread 1, executed: 5
thread 2, executed: 5
thread 3, executed: 5
thread 4, executed: 0
thread 5, executed: 5
thread 6, executed: 5
thread 7, executed: 0

-------
Will start sorting with arrays with size: 25000
Thread 0 (of 8) will sort array 20
Thread 1 (of 8) will sort array 15
Thread 2 (of 8) will sort array 5
Thread 4 (of 8) will sort array 10
Thread 5 (of 8) will sort array 0
Thread 4 (of 8) will sort array 11
Thread 4 (of 8) will sort array 12
Thread 4 (of 8) will sort array 13
Thread 4 (of 8) will sort array 14
Thread 1 (of 8) will sort array 16
Thread 1 (of 8) will sort array 17
Thread 1 (of 8) will sort array 18
Thread 1 (of 8) will sort array 19
Thread 2 (of 8) will sort array 6
Thread 2 (of 8) will sort array 7
Thread 2 (of 8) will sort array 8
Thread 2 (of 8) will sort array 9
Thread 5 (of 8) will sort array 1
Thread 5 (of 8) will sort array 2
Thread 5 (of 8) will sort array 3
Thread 5 (of 8) will sort array 4
Thread 0 (of 8) will sort array 21
Thread 0 (of 8) will sort array 22
Thread 0 (of 8) will sort array 23
Thread 0 (of 8) will sort array 24
Tempo: 2.965287, array: 25000

thread 0, executed: 5
thread 1, executed: 5
thread 2, executed: 5
thread 3, executed: 0
thread 4, executed: 5
thread 5, executed: 5
thread 6, executed: 0
thread 7, executed: 0



number of arrays: 25
size,time
2500,0.032717
5000,0.131495
7500,0.281510
10000,0.474504
12500,0.757802
15000,1.122378
17500,1.464102
20000,1.910521
22500,2.418499
25000,2.965287
