
-------
Will start sorting with arrays with size: 2500
Thread 14 (of 16) will sort array 15
Thread 11 (of 16) will sort array 0
Thread 12 (of 16) will sort array 20
Thread 4 (of 16) will sort array 5
Thread 0 (of 16) will sort array 10
Thread 12 (of 16) will sort array 21
Thread 12 (of 16) will sort array 22
Thread 12 (of 16) will sort array 23
Thread 12 (of 16) will sort array 24
Thread 11 (of 16) will sort array 1
Thread 11 (of 16) will sort array 2
Thread 11 (of 16) will sort array 3
Thread 11 (of 16) will sort array 4
Thread 4 (of 16) will sort array 6
Thread 4 (of 16) will sort array 7
Thread 4 (of 16) will sort array 8
Thread 4 (of 16) will sort array 9
Thread 14 (of 16) will sort array 16
Thread 14 (of 16) will sort array 17
Thread 14 (of 16) will sort array 18
Thread 14 (of 16) will sort array 19
Thread 0 (of 16) will sort array 11
Thread 0 (of 16) will sort array 12
Thread 0 (of 16) will sort array 13
Thread 0 (of 16) will sort array 14
Tempo: 0.062480, array: 2500

thread 0, executed: 5
thread 1, executed: 0
thread 2, executed: 0
thread 3, executed: 0
thread 4, executed: 5
thread 5, executed: 0
thread 6, executed: 0
thread 7, executed: 0
thread 8, executed: 0
thread 9, executed: 0
thread 10, executed: 0
thread 11, executed: 5
thread 12, executed: 5
thread 13, executed: 0
thread 14, executed: 5
thread 15, executed: 0

-------
Will start sorting with arrays with size: 5000
Thread 14 (of 16) will sort array 0
Thread 4 (of 16) will sort array 10
Thread 11 (of 16) will sort array 5
Thread 13 (of 16) will sort array 20
Thread 2 (of 16) will sort array 15
Thread 14 (of 16) will sort array 1
Thread 14 (of 16) will sort array 2
Thread 14 (of 16) will sort array 3
Thread 14 (of 16) will sort array 4
Thread 4 (of 16) will sort array 11
Thread 4 (of 16) will sort array 12
Thread 4 (of 16) will sort array 13
Thread 4 (of 16) will sort array 14
Thread 11 (of 16) will sort array 6
Thread 11 (of 16) will sort array 7
Thread 11 (of 16) will sort array 8
Thread 11 (of 16) will sort array 9
Thread 2 (of 16) will sort array 16
Thread 2 (of 16) will sort array 17
Thread 2 (of 16) will sort array 18
Thread 13 (of 16) will sort array 21
Thread 2 (of 16) will sort array 19
Thread 13 (of 16) will sort array 22
Thread 13 (of 16) will sort array 23
Thread 13 (of 16) will sort array 24
Tempo: 0.166292, array: 5000

thread 0, executed: 0
thread 1, executed: 0
thread 2, executed: 5
thread 3, executed: 0
thread 4, executed: 5
thread 5, executed: 0
thread 6, executed: 0
thread 7, executed: 0
thread 8, executed: 0
thread 9, executed: 0
thread 10, executed: 0
thread 11, executed: 5
thread 12, executed: 0
thread 13, executed: 5
thread 14, executed: 5
thread 15, executed: 0

-------
Will start sorting with arrays with size: 7500
Thread 3 (of 16) will sort array 0
Thread 2 (of 16) will sort array 15
Thread 4 (of 16) will sort array 10
Thread 11 (of 16) will sort array 20
Thread 14 (of 16) will sort array 5
Thread 2 (of 16) will sort array 16
Thread 2 (of 16) will sort array 17
Thread 2 (of 16) will sort array 18
Thread 2 (of 16) will sort array 19
Thread 3 (of 16) will sort array 1
Thread 3 (of 16) will sort array 2
Thread 3 (of 16) will sort array 3
Thread 3 (of 16) will sort array 4
Thread 14 (of 16) will sort array 6
Thread 14 (of 16) will sort array 7
Thread 14 (of 16) will sort array 8
Thread 14 (of 16) will sort array 9
Thread 11 (of 16) will sort array 21
Thread 11 (of 16) will sort array 22
Thread 11 (of 16) will sort array 23
Thread 11 (of 16) will sort array 24
Thread 4 (of 16) will sort array 11
Thread 4 (of 16) will sort array 12
Thread 4 (of 16) will sort array 13
Thread 4 (of 16) will sort array 14
Tempo: 0.279128, array: 7500

thread 0, executed: 0
thread 1, executed: 0
thread 2, executed: 5
thread 3, executed: 5
thread 4, executed: 5
thread 5, executed: 0
thread 6, executed: 0
thread 7, executed: 0
thread 8, executed: 0
thread 9, executed: 0
thread 10, executed: 0
thread 11, executed: 5
thread 12, executed: 0
thread 13, executed: 0
thread 14, executed: 5
thread 15, executed: 0

-------
Will start sorting with arrays with size: 10000
Thread 0 (of 16) will sort array 0
Thread 6 (of 16) will sort array 10
Thread 1 (of 16) will sort array 20
Thread 9 (of 16) will sort array 15
Thread 3 (of 16) will sort array 5
Thread 1 (of 16) will sort array 21
Thread 1 (of 16) will sort array 22
Thread 1 (of 16) will sort array 23
Thread 1 (of 16) will sort array 24
Thread 3 (of 16) will sort array 6
Thread 3 (of 16) will sort array 7
Thread 3 (of 16) will sort array 8
Thread 3 (of 16) will sort array 9
Thread 9 (of 16) will sort array 16
Thread 9 (of 16) will sort array 17
Thread 9 (of 16) will sort array 18
Thread 9 (of 16) will sort array 19
Thread 6 (of 16) will sort array 11
Thread 6 (of 16) will sort array 12
Thread 6 (of 16) will sort array 13
Thread 6 (of 16) will sort array 14
Thread 0 (of 16) will sort array 1
Thread 0 (of 16) will sort array 2
Thread 0 (of 16) will sort array 3
Thread 0 (of 16) will sort array 4
Tempo: 0.489238, array: 10000

thread 0, executed: 5
thread 1, executed: 5
thread 2, executed: 0
thread 3, executed: 5
thread 4, executed: 0
thread 5, executed: 0
thread 6, executed: 5
thread 7, executed: 0
thread 8, executed: 0
thread 9, executed: 5
thread 10, executed: 0
thread 11, executed: 0
thread 12, executed: 0
thread 13, executed: 0
thread 14, executed: 0
thread 15, executed: 0

-------
Will start sorting with arrays with size: 12500
Thread 0 (of 16) will sort array 5
Thread 11 (of 16) will sort array 0
Thread 3 (of 16) will sort array 20
Thread 8 (of 16) will sort array 15
Thread 2 (of 16) will sort array 10
Thread 0 (of 16) will sort array 6
Thread 0 (of 16) will sort array 7
Thread 0 (of 16) will sort array 8
Thread 0 (of 16) will sort array 9
Thread 11 (of 16) will sort array 1
Thread 11 (of 16) will sort array 2
Thread 11 (of 16) will sort array 3
Thread 11 (of 16) will sort array 4
Thread 3 (of 16) will sort array 21
Thread 3 (of 16) will sort array 22
Thread 3 (of 16) will sort array 23
Thread 3 (of 16) will sort array 24
Thread 8 (of 16) will sort array 16
Thread 8 (of 16) will sort array 17
Thread 8 (of 16) will sort array 18
Thread 8 (of 16) will sort array 19
Thread 2 (of 16) will sort array 11
Thread 2 (of 16) will sort array 12
Thread 2 (of 16) will sort array 13
Thread 2 (of 16) will sort array 14
Tempo: 0.753188, array: 12500

thread 0, executed: 5
thread 1, executed: 0
thread 2, executed: 5
thread 3, executed: 5
thread 4, executed: 0
thread 5, executed: 0
thread 6, executed: 0
thread 7, executed: 0
thread 8, executed: 5
thread 9, executed: 0
thread 10, executed: 0
thread 11, executed: 5
thread 12, executed: 0
thread 13, executed: 0
thread 14, executed: 0
thread 15, executed: 0

-------
Will start sorting with arrays with size: 15000
Thread 12 (of 16) will sort array 0
Thread 14 (of 16) will sort array 20
Thread 9 (of 16) will sort array 15
Thread 6 (of 16) will sort array 5
Thread 11 (of 16) will sort array 10
Thread 6 (of 16) will sort array 6
Thread 6 (of 16) will sort array 7
Thread 6 (of 16) will sort array 8
Thread 6 (of 16) will sort array 9
Thread 12 (of 16) will sort array 1
Thread 12 (of 16) will sort array 2
Thread 12 (of 16) will sort array 3
Thread 12 (of 16) will sort array 4
Thread 14 (of 16) will sort array 21
Thread 14 (of 16) will sort array 22
Thread 14 (of 16) will sort array 23
Thread 14 (of 16) will sort array 24
Thread 11 (of 16) will sort array 11
Thread 11 (of 16) will sort array 12
Thread 11 (of 16) will sort array 13
Thread 11 (of 16) will sort array 14
Thread 9 (of 16) will sort array 16
Thread 9 (of 16) will sort array 17
Thread 9 (of 16) will sort array 18
Thread 9 (of 16) will sort array 19
Tempo: 1.118558, array: 15000

thread 0, executed: 0
thread 1, executed: 0
thread 2, executed: 0
thread 3, executed: 0
thread 4, executed: 0
thread 5, executed: 0
thread 6, executed: 5
thread 7, executed: 0
thread 8, executed: 0
thread 9, executed: 5
thread 10, executed: 0
thread 11, executed: 5
thread 12, executed: 5
thread 13, executed: 0
thread 14, executed: 5
thread 15, executed: 0

-------
Will start sorting with arrays with size: 17500
Thread 0 (of 16) will sort array 0
Thread 12 (of 16) will sort array 10
Thread 13 (of 16) will sort array 20
Thread 6 (of 16) will sort array 15
Thread 7 (of 16) will sort array 5
Thread 6 (of 16) will sort array 16
Thread 6 (of 16) will sort array 17
Thread 6 (of 16) will sort array 18
Thread 6 (of 16) will sort array 19
Thread 12 (of 16) will sort array 11
Thread 12 (of 16) will sort array 12
Thread 12 (of 16) will sort array 13
Thread 12 (of 16) will sort array 14
Thread 13 (of 16) will sort array 21
Thread 13 (of 16) will sort array 22
Thread 13 (of 16) will sort array 23
Thread 13 (of 16) will sort array 24
Thread 7 (of 16) will sort array 6
Thread 7 (of 16) will sort array 7
Thread 7 (of 16) will sort array 8
Thread 7 (of 16) will sort array 9
Thread 0 (of 16) will sort array 1
Thread 0 (of 16) will sort array 2
Thread 0 (of 16) will sort array 3
Thread 0 (of 16) will sort array 4
Tempo: 1.500620, array: 17500

thread 0, executed: 5
thread 1, executed: 0
thread 2, executed: 0
thread 3, executed: 0
thread 4, executed: 0
thread 5, executed: 0
thread 6, executed: 5
thread 7, executed: 5
thread 8, executed: 0
thread 9, executed: 0
thread 10, executed: 0
thread 11, executed: 0
thread 12, executed: 5
thread 13, executed: 5
thread 14, executed: 0
thread 15, executed: 0

-------
Will start sorting with arrays with size: 20000
Thread 6 (of 16) will sort array 0
Thread 3 (of 16) will sort array 20
Thread 10 (of 16) will sort array 5
Thread 4 (of 16) will sort array 10
Thread 9 (of 16) will sort array 15
Thread 4 (of 16) will sort array 11
Thread 4 (of 16) will sort array 12
Thread 4 (of 16) will sort array 13
Thread 4 (of 16) will sort array 14
Thread 9 (of 16) will sort array 16
Thread 9 (of 16) will sort array 17
Thread 9 (of 16) will sort array 18
Thread 9 (of 16) will sort array 19
Thread 3 (of 16) will sort array 21
Thread 3 (of 16) will sort array 22
Thread 3 (of 16) will sort array 23
Thread 3 (of 16) will sort array 24
Thread 10 (of 16) will sort array 6
Thread 10 (of 16) will sort array 7
Thread 10 (of 16) will sort array 8
Thread 10 (of 16) will sort array 9
Thread 6 (of 16) will sort array 1
Thread 6 (of 16) will sort array 2
Thread 6 (of 16) will sort array 3
Thread 6 (of 16) will sort array 4
Tempo: 1.927502, array: 20000

thread 0, executed: 0
thread 1, executed: 0
thread 2, executed: 0
thread 3, executed: 5
thread 4, executed: 5
thread 5, executed: 0
thread 6, executed: 5
thread 7, executed: 0
thread 8, executed: 0
thread 9, executed: 5
thread 10, executed: 5
thread 11, executed: 0
thread 12, executed: 0
thread 13, executed: 0
thread 14, executed: 0
thread 15, executed: 0

-------
Will start sorting with arrays with size: 22500
Thread 4 (of 16) will sort array 0
Thread 7 (of 16) will sort array 10
Thread 9 (of 16) will sort array 5
Thread 10 (of 16) will sort array 15
Thread 11 (of 16) will sort array 20
Thread 10 (of 16) will sort array 16
Thread 10 (of 16) will sort array 17
Thread 10 (of 16) will sort array 18
Thread 10 (of 16) will sort array 19
Thread 7 (of 16) will sort array 11
Thread 7 (of 16) will sort array 12
Thread 7 (of 16) will sort array 13
Thread 7 (of 16) will sort array 14
Thread 11 (of 16) will sort array 21
Thread 11 (of 16) will sort array 22
Thread 11 (of 16) will sort array 23
Thread 11 (of 16) will sort array 24
Thread 4 (of 16) will sort array 1
Thread 4 (of 16) will sort array 2
Thread 4 (of 16) will sort array 3
Thread 4 (of 16) will sort array 4
Thread 9 (of 16) will sort array 6
Thread 9 (of 16) will sort array 7
Thread 9 (of 16) will sort array 8
Thread 9 (of 16) will sort array 9
Tempo: 2.463743, array: 22500

thread 0, executed: 0
thread 1, executed: 0
thread 2, executed: 0
thread 3, executed: 0
thread 4, executed: 5
thread 5, executed: 0
thread 6, executed: 0
thread 7, executed: 5
thread 8, executed: 0
thread 9, executed: 5
thread 10, executed: 5
thread 11, executed: 5
thread 12, executed: 0
thread 13, executed: 0
thread 14, executed: 0
thread 15, executed: 0

-------
Will start sorting with arrays with size: 25000
Thread 9 (of 16) will sort array 0
Thread 11 (of 16) will sort array 20
Thread 10 (of 16) will sort array 10
Thread 1 (of 16) will sort array 15
Thread 12 (of 16) will sort array 5
Thread 12 (of 16) will sort array 6
Thread 12 (of 16) will sort array 7
Thread 12 (of 16) will sort array 8
Thread 12 (of 16) will sort array 9
Thread 10 (of 16) will sort array 11
Thread 10 (of 16) will sort array 12
Thread 10 (of 16) will sort array 13
Thread 10 (of 16) will sort array 14
Thread 9 (of 16) will sort array 1
Thread 9 (of 16) will sort array 2
Thread 9 (of 16) will sort array 3
Thread 9 (of 16) will sort array 4
Thread 11 (of 16) will sort array 21
Thread 11 (of 16) will sort array 22
Thread 11 (of 16) will sort array 23
Thread 11 (of 16) will sort array 24
Thread 1 (of 16) will sort array 16
Thread 1 (of 16) will sort array 17
Thread 1 (of 16) will sort array 18
Thread 1 (of 16) will sort array 19
Tempo: 2.979150, array: 25000

thread 0, executed: 0
thread 1, executed: 5
thread 2, executed: 0
thread 3, executed: 0
thread 4, executed: 0
thread 5, executed: 0
thread 6, executed: 0
thread 7, executed: 0
thread 8, executed: 0
thread 9, executed: 5
thread 10, executed: 5
thread 11, executed: 5
thread 12, executed: 5
thread 13, executed: 0
thread 14, executed: 0
thread 15, executed: 0



number of arrays: 25
size,time
2500,0.062480
5000,0.166292
7500,0.279128
10000,0.489238
12500,0.753188
15000,1.118558
17500,1.500620
20000,1.927502
22500,2.463743
25000,2.979150
